Analysis & Synthesis report for Practica6
Fri Nov 04 09:35:11 2022
Quartus Prime Version 18.1.1 Build 646 04/11/2019 SJ Lite Edition


---------------------
; Table of Contents ;
---------------------
  1. Legal Notice
  2. Analysis & Synthesis Summary
  3. Analysis & Synthesis Settings
  4. Parallel Compilation
  5. Analysis & Synthesis Source Files Read
  6. Analysis & Synthesis Resource Usage Summary
  7. Analysis & Synthesis Resource Utilization by Entity
  8. General Register Statistics
  9. Parameter Settings for User Entity Instance: divfm:u1
 10. Parameter Settings for User Entity Instance: divfm:u2
 11. Post-Synthesis Netlist Statistics for Top Partition
 12. Elapsed Time Per Partition
 13. Analysis & Synthesis Messages



----------------
; Legal Notice ;
----------------
Copyright (C) 2019  Intel Corporation. All rights reserved.
Your use of Intel Corporation's design tools, logic functions 
and other software and tools, and any partner logic 
functions, and any output files from any of the foregoing 
(including device programming or simulation files), and any 
associated documentation or information are expressly subject 
to the terms and conditions of the Intel Program License 
Subscription Agreement, the Intel Quartus Prime License Agreement,
the Intel FPGA IP License Agreement, or other applicable license
agreement, including, without limitation, that your use is for
the sole purpose of programming logic devices manufactured by
Intel and sold by Intel or its authorized distributors.  Please
refer to the applicable agreement for further details, at
https://fpgasoftware.intel.com/eula.



+----------------------------------------------------------------------------------+
; Analysis & Synthesis Summary                                                     ;
+------------------------------------+---------------------------------------------+
; Analysis & Synthesis Status        ; Successful - Fri Nov 04 09:35:11 2022       ;
; Quartus Prime Version              ; 18.1.1 Build 646 04/11/2019 SJ Lite Edition ;
; Revision Name                      ; Practica6                                   ;
; Top-level Entity Name              ; motorpasos                                  ;
; Family                             ; MAX 10                                      ;
; Total logic elements               ; 79                                          ;
;     Total combinational functions  ; 79                                          ;
;     Dedicated logic registers      ; 43                                          ;
; Total registers                    ; 43                                          ;
; Total pins                         ; 9                                           ;
; Total virtual pins                 ; 0                                           ;
; Total memory bits                  ; 0                                           ;
; Embedded Multiplier 9-bit elements ; 0                                           ;
; Total PLLs                         ; 0                                           ;
; UFM blocks                         ; 0                                           ;
; ADC blocks                         ; 0                                           ;
+------------------------------------+---------------------------------------------+


+------------------------------------------------------------------------------------------------------------+
; Analysis & Synthesis Settings                                                                              ;
+------------------------------------------------------------------+--------------------+--------------------+
; Option                                                           ; Setting            ; Default Value      ;
+------------------------------------------------------------------+--------------------+--------------------+
; Device                                                           ; 10M50DAF484C7G     ;                    ;
; Top-level entity name                                            ; motorpasos         ; Practica6          ;
; Family name                                                      ; MAX 10             ; Cyclone V          ;
; Use smart compilation                                            ; Off                ; Off                ;
; Enable parallel Assembler and Timing Analyzer during compilation ; On                 ; On                 ;
; Enable compact report table                                      ; Off                ; Off                ;
; Restructure Multiplexers                                         ; Auto               ; Auto               ;
; Create Debugging Nodes for IP Cores                              ; Off                ; Off                ;
; Preserve fewer node names                                        ; On                 ; On                 ;
; Intel FPGA IP Evaluation Mode                                    ; Enable             ; Enable             ;
; Verilog Version                                                  ; Verilog_2001       ; Verilog_2001       ;
; VHDL Version                                                     ; VHDL_1993          ; VHDL_1993          ;
; State Machine Processing                                         ; Auto               ; Auto               ;
; Safe State Machine                                               ; Off                ; Off                ;
; Extract Verilog State Machines                                   ; On                 ; On                 ;
; Extract VHDL State Machines                                      ; On                 ; On                 ;
; Ignore Verilog initial constructs                                ; Off                ; Off                ;
; Iteration limit for constant Verilog loops                       ; 5000               ; 5000               ;
; Iteration limit for non-constant Verilog loops                   ; 250                ; 250                ;
; Add Pass-Through Logic to Inferred RAMs                          ; On                 ; On                 ;
; Infer RAMs from Raw Logic                                        ; On                 ; On                 ;
; Parallel Synthesis                                               ; On                 ; On                 ;
; DSP Block Balancing                                              ; Auto               ; Auto               ;
; NOT Gate Push-Back                                               ; On                 ; On                 ;
; Power-Up Don't Care                                              ; On                 ; On                 ;
; Remove Redundant Logic Cells                                     ; Off                ; Off                ;
; Remove Duplicate Registers                                       ; On                 ; On                 ;
; Ignore CARRY Buffers                                             ; Off                ; Off                ;
; Ignore CASCADE Buffers                                           ; Off                ; Off                ;
; Ignore GLOBAL Buffers                                            ; Off                ; Off                ;
; Ignore ROW GLOBAL Buffers                                        ; Off                ; Off                ;
; Ignore LCELL Buffers                                             ; Off                ; Off                ;
; Ignore SOFT Buffers                                              ; On                 ; On                 ;
; Limit AHDL Integers to 32 Bits                                   ; Off                ; Off                ;
; Optimization Technique                                           ; Balanced           ; Balanced           ;
; Carry Chain Length                                               ; 70                 ; 70                 ;
; Auto Carry Chains                                                ; On                 ; On                 ;
; Auto Open-Drain Pins                                             ; On                 ; On                 ;
; Perform WYSIWYG Primitive Resynthesis                            ; Off                ; Off                ;
; Auto ROM Replacement                                             ; On                 ; On                 ;
; Auto RAM Replacement                                             ; On                 ; On                 ;
; Auto DSP Block Replacement                                       ; On                 ; On                 ;
; Auto Shift Register Replacement                                  ; Auto               ; Auto               ;
; Allow Shift Register Merging across Hierarchies                  ; Auto               ; Auto               ;
; Auto Clock Enable Replacement                                    ; On                 ; On                 ;
; Strict RAM Replacement                                           ; Off                ; Off                ;
; Allow Synchronous Control Signals                                ; On                 ; On                 ;
; Force Use of Synchronous Clear Signals                           ; Off                ; Off                ;
; Auto RAM Block Balancing                                         ; On                 ; On                 ;
; Auto RAM to Logic Cell Conversion                                ; Off                ; Off                ;
; Auto Resource Sharing                                            ; Off                ; Off                ;
; Allow Any RAM Size For Recognition                               ; Off                ; Off                ;
; Allow Any ROM Size For Recognition                               ; Off                ; Off                ;
; Allow Any Shift Register Size For Recognition                    ; Off                ; Off                ;
; Use LogicLock Constraints during Resource Balancing              ; On                 ; On                 ;
; Ignore translate_off and synthesis_off directives                ; Off                ; Off                ;
; Timing-Driven Synthesis                                          ; On                 ; On                 ;
; Report Parameter Settings                                        ; On                 ; On                 ;
; Report Source Assignments                                        ; On                 ; On                 ;
; Report Connectivity Checks                                       ; On                 ; On                 ;
; Ignore Maximum Fan-Out Assignments                               ; Off                ; Off                ;
; Synchronization Register Chain Length                            ; 2                  ; 2                  ;
; Power Optimization During Synthesis                              ; Normal compilation ; Normal compilation ;
; HDL message level                                                ; Level2             ; Level2             ;
; Suppress Register Optimization Related Messages                  ; Off                ; Off                ;
; Number of Removed Registers Reported in Synthesis Report         ; 5000               ; 5000               ;
; Number of Swept Nodes Reported in Synthesis Report               ; 5000               ; 5000               ;
; Number of Inverted Registers Reported in Synthesis Report        ; 100                ; 100                ;
; Clock MUX Protection                                             ; On                 ; On                 ;
; Auto Gated Clock Conversion                                      ; Off                ; Off                ;
; Block Design Naming                                              ; Auto               ; Auto               ;
; SDC constraint protection                                        ; Off                ; Off                ;
; Synthesis Effort                                                 ; Auto               ; Auto               ;
; Shift Register Replacement - Allow Asynchronous Clear Signal     ; On                 ; On                 ;
; Pre-Mapping Resynthesis Optimization                             ; Off                ; Off                ;
; Analysis & Synthesis Message Level                               ; Medium             ; Medium             ;
; Disable Register Merging Across Hierarchies                      ; Auto               ; Auto               ;
; Resource Aware Inference For Block RAM                           ; On                 ; On                 ;
+------------------------------------------------------------------+--------------------+--------------------+


+------------------------------------------+
; Parallel Compilation                     ;
+----------------------------+-------------+
; Processors                 ; Number      ;
+----------------------------+-------------+
; Number detected on machine ; 8           ;
; Maximum allowed            ; 4           ;
;                            ;             ;
; Average used               ; 1.00        ;
; Maximum used               ; 4           ;
;                            ;             ;
; Usage by Processor         ; % Time Used ;
;     Processor 1            ; 100.0%      ;
;     Processor 2            ;   0.0%      ;
;     Processors 3-4         ;   0.0%      ;
+----------------------------+-------------+


+-------------------------------------------------------------------------------------------------------------------------------+
; Analysis & Synthesis Source Files Read                                                                                        ;
+----------------------------------+-----------------+-----------------+----------------------------------------------+---------+
; File Name with User-Entered Path ; Used in Netlist ; File Type       ; File Name with Absolute Path                 ; Library ;
+----------------------------------+-----------------+-----------------+----------------------------------------------+---------+
; estados.vhd                      ; yes             ; User VHDL File  ; C:/Users/miria/VLSI/PRACTICA6/estados.vhd    ;         ;
; divfm.vhd                        ; yes             ; User VHDL File  ; C:/Users/miria/VLSI/PRACTICA6/divfm.vhd      ;         ;
; entrada.vhd                      ; yes             ; User VHDL File  ; C:/Users/miria/VLSI/PRACTICA6/entrada.vhd    ;         ;
; motorpasos.vhd                   ; yes             ; User VHDL File  ; C:/Users/miria/VLSI/PRACTICA6/motorpasos.vhd ;         ;
; movimiento.vhd                   ; yes             ; User VHDL File  ; C:/Users/miria/VLSI/PRACTICA6/movimiento.vhd ;         ;
+----------------------------------+-----------------+-----------------+----------------------------------------------+---------+


+---------------------------------------------------------+
; Analysis & Synthesis Resource Usage Summary             ;
+---------------------------------------------+-----------+
; Resource                                    ; Usage     ;
+---------------------------------------------+-----------+
; Estimated Total logic elements              ; 79        ;
;                                             ;           ;
; Total combinational functions               ; 79        ;
; Logic element usage by number of LUT inputs ;           ;
;     -- 4 input functions                    ; 14        ;
;     -- 3 input functions                    ; 14        ;
;     -- <=2 input functions                  ; 51        ;
;                                             ;           ;
; Logic elements by mode                      ;           ;
;     -- normal mode                          ; 42        ;
;     -- arithmetic mode                      ; 37        ;
;                                             ;           ;
; Total registers                             ; 43        ;
;     -- Dedicated logic registers            ; 43        ;
;     -- I/O registers                        ; 0         ;
;                                             ;           ;
; I/O pins                                    ; 9         ;
;                                             ;           ;
; Embedded Multiplier 9-bit elements          ; 0         ;
;                                             ;           ;
; Maximum fan-out node                        ; clk~input ;
; Maximum fan-out                             ; 41        ;
; Total fan-out                               ; 296       ;
; Average fan-out                             ; 2.11      ;
+---------------------------------------------+-----------+


+------------------------------------------------------------------------------------------------------------------------------------------------------------------------------------------------------------------------------------------+
; Analysis & Synthesis Resource Utilization by Entity                                                                                                                                                                                      ;
+----------------------------+---------------------+---------------------------+-------------+------------+--------------+---------+-----------+------+--------------+------------+---------------------------+-------------+--------------+
; Compilation Hierarchy Node ; Combinational ALUTs ; Dedicated Logic Registers ; Memory Bits ; UFM Blocks ; DSP Elements ; DSP 9x9 ; DSP 18x18 ; Pins ; Virtual Pins ; ADC blocks ; Full Hierarchy Name       ; Entity Name ; Library Name ;
+----------------------------+---------------------+---------------------------+-------------+------------+--------------+---------+-----------+------+--------------+------------+---------------------------+-------------+--------------+
; |motorpasos                ; 79 (0)              ; 43 (0)                    ; 0           ; 0          ; 0            ; 0       ; 0         ; 9    ; 0            ; 0          ; |motorpasos               ; motorpasos  ; work         ;
;    |divfm:u1|              ; 33 (33)             ; 20 (20)                   ; 0           ; 0          ; 0            ; 0       ; 0         ; 0    ; 0            ; 0          ; |motorpasos|divfm:u1      ; divfm       ; work         ;
;    |divfm:u2|              ; 35 (35)             ; 21 (21)                   ; 0           ; 0          ; 0            ; 0       ; 0         ; 0    ; 0            ; 0          ; |motorpasos|divfm:u2      ; divfm       ; work         ;
;    |entrada:u3|            ; 7 (7)               ; 0 (0)                     ; 0           ; 0          ; 0            ; 0       ; 0         ; 0    ; 0            ; 0          ; |motorpasos|entrada:u3    ; entrada     ; work         ;
;    |estados:u4|            ; 3 (3)               ; 2 (2)                     ; 0           ; 0          ; 0            ; 0       ; 0         ; 0    ; 0            ; 0          ; |motorpasos|estados:u4    ; estados     ; work         ;
;    |movimiento:u5|         ; 1 (1)               ; 0 (0)                     ; 0           ; 0          ; 0            ; 0       ; 0         ; 0    ; 0            ; 0          ; |motorpasos|movimiento:u5 ; movimiento  ; work         ;
+----------------------------+---------------------+---------------------------+-------------+------------+--------------+---------+-----------+------+--------------+------------+---------------------------+-------------+--------------+
Note: For table entries with two numbers listed, the numbers in parentheses indicate the number of resources of the given type used by the specific entity alone. The numbers listed outside of parentheses indicate the total resources of the given type used by the specific entity and all of its sub-entities in the hierarchy.


+------------------------------------------------------+
; General Register Statistics                          ;
+----------------------------------------------+-------+
; Statistic                                    ; Value ;
+----------------------------------------------+-------+
; Total registers                              ; 43    ;
; Number of registers using Synchronous Clear  ; 0     ;
; Number of registers using Synchronous Load   ; 0     ;
; Number of registers using Asynchronous Clear ; 0     ;
; Number of registers using Asynchronous Load  ; 0     ;
; Number of registers using Clock Enable       ; 0     ;
; Number of registers using Preset             ; 0     ;
+----------------------------------------------+-------+


+-------------------------------------------------------+
; Parameter Settings for User Entity Instance: divfm:u1 ;
+----------------+--------+-----------------------------+
; Parameter Name ; Value  ; Type                        ;
+----------------+--------+-----------------------------+
; num            ; 280000 ; Signed Integer              ;
+----------------+--------+-----------------------------+
Note: In order to hide this table in the UI and the text report file, please set the "Show Parameter Settings in Synthesis Report" option in "Analysis and Synthesis Settings -> More Settings" to "Off".


+-------------------------------------------------------+
; Parameter Settings for User Entity Instance: divfm:u2 ;
+----------------+--------+-----------------------------+
; Parameter Name ; Value  ; Type                        ;
+----------------+--------+-----------------------------+
; num            ; 550000 ; Signed Integer              ;
+----------------+--------+-----------------------------+
Note: In order to hide this table in the UI and the text report file, please set the "Show Parameter Settings in Synthesis Report" option in "Analysis and Synthesis Settings -> More Settings" to "Off".


+-----------------------------------------------------+
; Post-Synthesis Netlist Statistics for Top Partition ;
+-----------------------+-----------------------------+
; Type                  ; Count                       ;
+-----------------------+-----------------------------+
; boundary_port         ; 9                           ;
; cycloneiii_ff         ; 43                          ;
;     plain             ; 43                          ;
; cycloneiii_lcell_comb ; 81                          ;
;     arith             ; 37                          ;
;         2 data inputs ; 37                          ;
;     normal            ; 44                          ;
;         1 data inputs ; 5                           ;
;         2 data inputs ; 11                          ;
;         3 data inputs ; 14                          ;
;         4 data inputs ; 14                          ;
;                       ;                             ;
; Max LUT depth         ; 4.00                        ;
; Average LUT depth     ; 3.15                        ;
+-----------------------+-----------------------------+


+-------------------------------+
; Elapsed Time Per Partition    ;
+----------------+--------------+
; Partition Name ; Elapsed Time ;
+----------------+--------------+
; Top            ; 00:00:01     ;
+----------------+--------------+


+-------------------------------+
; Analysis & Synthesis Messages ;
+-------------------------------+
Info: *******************************************************************
Info: Running Quartus Prime Analysis & Synthesis
    Info: Version 18.1.1 Build 646 04/11/2019 SJ Lite Edition
    Info: Processing started: Fri Nov 04 09:34:44 2022
Info: Command: quartus_map --read_settings_files=on --write_settings_files=off Practica6 -c Practica6
Warning (18236): Number of processors has not been specified which may cause overloading on shared machines.  Set the global assignment NUM_PARALLEL_PROCESSORS in your QSF to an appropriate value for best performance.
Info (20030): Parallel compilation is enabled and will use 4 of the 4 processors detected
Info (12021): Found 2 design units, including 1 entities, in source file estados.vhd
    Info (12022): Found design unit 1: estados-arqest File: C:/Users/miria/VLSI/PRACTICA6/estados.vhd Line: 10
    Info (12023): Found entity 1: estados File: C:/Users/miria/VLSI/PRACTICA6/estados.vhd Line: 4
Info (12021): Found 2 design units, including 1 entities, in source file divfm.vhd
    Info (12022): Found design unit 1: divfm-arqdivfm File: C:/Users/miria/VLSI/PRACTICA6/divfm.vhd Line: 10
    Info (12023): Found entity 1: divfm File: C:/Users/miria/VLSI/PRACTICA6/divfm.vhd Line: 4
Info (12021): Found 2 design units, including 1 entities, in source file entrada.vhd
    Info (12022): Found design unit 1: entrada-arqen File: C:/Users/miria/VLSI/PRACTICA6/entrada.vhd Line: 11
    Info (12023): Found entity 1: entrada File: C:/Users/miria/VLSI/PRACTICA6/entrada.vhd Line: 4
Info (12021): Found 2 design units, including 1 entities, in source file motorpasos.vhd
    Info (12022): Found design unit 1: motorpasos-arqmp File: C:/Users/miria/VLSI/PRACTICA6/motorpasos.vhd Line: 10
    Info (12023): Found entity 1: motorpasos File: C:/Users/miria/VLSI/PRACTICA6/motorpasos.vhd Line: 4
Info (12021): Found 2 design units, including 1 entities, in source file movimiento.vhd
    Info (12022): Found design unit 1: movimiento-arqmov File: C:/Users/miria/VLSI/PRACTICA6/movimiento.vhd Line: 9
    Info (12023): Found entity 1: movimiento File: C:/Users/miria/VLSI/PRACTICA6/movimiento.vhd Line: 4
Info (12127): Elaborating entity "motorpasos" for the top level hierarchy
Info (12129): Elaborating entity "divfm" using architecture "A:arqdivfm" for hierarchy "divfm:u1" File: C:/Users/miria/VLSI/PRACTICA6/motorpasos.vhd Line: 16
Info (12129): Elaborating entity "divfm" using architecture "A:arqdivfm" for hierarchy "divfm:u2" File: C:/Users/miria/VLSI/PRACTICA6/motorpasos.vhd Line: 17
Info (12129): Elaborating entity "entrada" using architecture "A:arqen" for hierarchy "entrada:u3" File: C:/Users/miria/VLSI/PRACTICA6/motorpasos.vhd Line: 18
Info (12129): Elaborating entity "estados" using architecture "A:arqest" for hierarchy "estados:u4" File: C:/Users/miria/VLSI/PRACTICA6/motorpasos.vhd Line: 19
Warning (10492): VHDL Process Statement warning at estados.vhd(29): signal "dir" is read inside the Process Statement but isn't in the Process Statement's sensitivity list File: C:/Users/miria/VLSI/PRACTICA6/estados.vhd Line: 29
Info (12129): Elaborating entity "movimiento" using architecture "A:arqmov" for hierarchy "movimiento:u5" File: C:/Users/miria/VLSI/PRACTICA6/motorpasos.vhd Line: 20
Warning (19016): Clock multiplexers are found and protected
    Warning (19017): Found clock multiplexer entrada:u3|Mux2 File: C:/Users/miria/VLSI/PRACTICA6/entrada.vhd Line: 19
Info (286030): Timing-Driven Synthesis is running
Info (16010): Generating hard_block partition "hard_block:auto_generated_inst"
    Info (16011): Adding 0 node(s), including 0 DDIO, 0 PLL, 0 transceiver and 0 LCELL
Info (21057): Implemented 88 device resources after synthesis - the final resource count might be different
    Info (21058): Implemented 5 input pins
    Info (21059): Implemented 4 output pins
    Info (21061): Implemented 79 logic cells
Info: Quartus Prime Analysis & Synthesis was successful. 0 errors, 4 warnings
    Info: Peak virtual memory: 4794 megabytes
    Info: Processing ended: Fri Nov 04 09:35:11 2022
    Info: Elapsed time: 00:00:27
    Info: Total CPU time (on all processors): 00:01:01


