Analysis & Synthesis report for ALU_AUTO
Mon Nov 14 19:20:48 2022
Quartus Prime Version 18.1.1 Build 646 04/11/2019 SJ Lite Edition


---------------------
; Table of Contents ;
---------------------
  1. Legal Notice
  2. Analysis & Synthesis Summary
  3. Analysis & Synthesis Settings
  4. Parallel Compilation
  5. Analysis & Synthesis Source Files Read
  6. Analysis & Synthesis Resource Usage Summary
  7. Analysis & Synthesis Resource Utilization by Entity
  8. General Register Statistics
  9. Multiplexer Restructuring Statistics (Restructuring Performed)
 10. Port Connectivity Checks: "SS7:u4"
 11. Port Connectivity Checks: "SS7:u3"
 12. Port Connectivity Checks: "SS7:u2"
 13. Post-Synthesis Netlist Statistics for Top Partition
 14. Elapsed Time Per Partition
 15. Analysis & Synthesis Messages



----------------
; Legal Notice ;
----------------
Copyright (C) 2019  Intel Corporation. All rights reserved.
Your use of Intel Corporation's design tools, logic functions 
and other software and tools, and any partner logic 
functions, and any output files from any of the foregoing 
(including device programming or simulation files), and any 
associated documentation or information are expressly subject 
to the terms and conditions of the Intel Program License 
Subscription Agreement, the Intel Quartus Prime License Agreement,
the Intel FPGA IP License Agreement, or other applicable license
agreement, including, without limitation, that your use is for
the sole purpose of programming logic devices manufactured by
Intel and sold by Intel or its authorized distributors.  Please
refer to the applicable agreement for further details, at
https://fpgasoftware.intel.com/eula.



+----------------------------------------------------------------------------------+
; Analysis & Synthesis Summary                                                     ;
+------------------------------------+---------------------------------------------+
; Analysis & Synthesis Status        ; Successful - Mon Nov 14 19:20:48 2022       ;
; Quartus Prime Version              ; 18.1.1 Build 646 04/11/2019 SJ Lite Edition ;
; Revision Name                      ; ALU_AUTO                                    ;
; Top-level Entity Name              ; ALU_AUTO                                    ;
; Family                             ; MAX 10                                      ;
; Total logic elements               ; 101                                         ;
;     Total combinational functions  ; 101                                         ;
;     Dedicated logic registers      ; 30                                          ;
; Total registers                    ; 30                                          ;
; Total pins                         ; 55                                          ;
; Total virtual pins                 ; 0                                           ;
; Total memory bits                  ; 0                                           ;
; Embedded Multiplier 9-bit elements ; 0                                           ;
; Total PLLs                         ; 0                                           ;
; UFM blocks                         ; 0                                           ;
; ADC blocks                         ; 0                                           ;
+------------------------------------+---------------------------------------------+


+------------------------------------------------------------------------------------------------------------+
; Analysis & Synthesis Settings                                                                              ;
+------------------------------------------------------------------+--------------------+--------------------+
; Option                                                           ; Setting            ; Default Value      ;
+------------------------------------------------------------------+--------------------+--------------------+
; Device                                                           ; 10M50DAF484C7G     ;                    ;
; Top-level entity name                                            ; ALU_AUTO           ; ALU_AUTO           ;
; Family name                                                      ; MAX 10             ; Cyclone V          ;
; Use smart compilation                                            ; Off                ; Off                ;
; Enable parallel Assembler and Timing Analyzer during compilation ; On                 ; On                 ;
; Enable compact report table                                      ; Off                ; Off                ;
; Restructure Multiplexers                                         ; Auto               ; Auto               ;
; Create Debugging Nodes for IP Cores                              ; Off                ; Off                ;
; Preserve fewer node names                                        ; On                 ; On                 ;
; Intel FPGA IP Evaluation Mode                                    ; Enable             ; Enable             ;
; Verilog Version                                                  ; Verilog_2001       ; Verilog_2001       ;
; VHDL Version                                                     ; VHDL_1993          ; VHDL_1993          ;
; State Machine Processing                                         ; Auto               ; Auto               ;
; Safe State Machine                                               ; Off                ; Off                ;
; Extract Verilog State Machines                                   ; On                 ; On                 ;
; Extract VHDL State Machines                                      ; On                 ; On                 ;
; Ignore Verilog initial constructs                                ; Off                ; Off                ;
; Iteration limit for constant Verilog loops                       ; 5000               ; 5000               ;
; Iteration limit for non-constant Verilog loops                   ; 250                ; 250                ;
; Add Pass-Through Logic to Inferred RAMs                          ; On                 ; On                 ;
; Infer RAMs from Raw Logic                                        ; On                 ; On                 ;
; Parallel Synthesis                                               ; On                 ; On                 ;
; DSP Block Balancing                                              ; Auto               ; Auto               ;
; NOT Gate Push-Back                                               ; On                 ; On                 ;
; Power-Up Don't Care                                              ; On                 ; On                 ;
; Remove Redundant Logic Cells                                     ; Off                ; Off                ;
; Remove Duplicate Registers                                       ; On                 ; On                 ;
; Ignore CARRY Buffers                                             ; Off                ; Off                ;
; Ignore CASCADE Buffers                                           ; Off                ; Off                ;
; Ignore GLOBAL Buffers                                            ; Off                ; Off                ;
; Ignore ROW GLOBAL Buffers                                        ; Off                ; Off                ;
; Ignore LCELL Buffers                                             ; Off                ; Off                ;
; Ignore SOFT Buffers                                              ; On                 ; On                 ;
; Limit AHDL Integers to 32 Bits                                   ; Off                ; Off                ;
; Optimization Technique                                           ; Balanced           ; Balanced           ;
; Carry Chain Length                                               ; 70                 ; 70                 ;
; Auto Carry Chains                                                ; On                 ; On                 ;
; Auto Open-Drain Pins                                             ; On                 ; On                 ;
; Perform WYSIWYG Primitive Resynthesis                            ; Off                ; Off                ;
; Auto ROM Replacement                                             ; On                 ; On                 ;
; Auto RAM Replacement                                             ; On                 ; On                 ;
; Auto DSP Block Replacement                                       ; On                 ; On                 ;
; Auto Shift Register Replacement                                  ; Auto               ; Auto               ;
; Allow Shift Register Merging across Hierarchies                  ; Auto               ; Auto               ;
; Auto Clock Enable Replacement                                    ; On                 ; On                 ;
; Strict RAM Replacement                                           ; Off                ; Off                ;
; Allow Synchronous Control Signals                                ; On                 ; On                 ;
; Force Use of Synchronous Clear Signals                           ; Off                ; Off                ;
; Auto RAM Block Balancing                                         ; On                 ; On                 ;
; Auto RAM to Logic Cell Conversion                                ; Off                ; Off                ;
; Auto Resource Sharing                                            ; Off                ; Off                ;
; Allow Any RAM Size For Recognition                               ; Off                ; Off                ;
; Allow Any ROM Size For Recognition                               ; Off                ; Off                ;
; Allow Any Shift Register Size For Recognition                    ; Off                ; Off                ;
; Use LogicLock Constraints during Resource Balancing              ; On                 ; On                 ;
; Ignore translate_off and synthesis_off directives                ; Off                ; Off                ;
; Timing-Driven Synthesis                                          ; On                 ; On                 ;
; Report Parameter Settings                                        ; On                 ; On                 ;
; Report Source Assignments                                        ; On                 ; On                 ;
; Report Connectivity Checks                                       ; On                 ; On                 ;
; Ignore Maximum Fan-Out Assignments                               ; Off                ; Off                ;
; Synchronization Register Chain Length                            ; 2                  ; 2                  ;
; Power Optimization During Synthesis                              ; Normal compilation ; Normal compilation ;
; HDL message level                                                ; Level2             ; Level2             ;
; Suppress Register Optimization Related Messages                  ; Off                ; Off                ;
; Number of Removed Registers Reported in Synthesis Report         ; 5000               ; 5000               ;
; Number of Swept Nodes Reported in Synthesis Report               ; 5000               ; 5000               ;
; Number of Inverted Registers Reported in Synthesis Report        ; 100                ; 100                ;
; Clock MUX Protection                                             ; On                 ; On                 ;
; Auto Gated Clock Conversion                                      ; Off                ; Off                ;
; Block Design Naming                                              ; Auto               ; Auto               ;
; SDC constraint protection                                        ; Off                ; Off                ;
; Synthesis Effort                                                 ; Auto               ; Auto               ;
; Shift Register Replacement - Allow Asynchronous Clear Signal     ; On                 ; On                 ;
; Pre-Mapping Resynthesis Optimization                             ; Off                ; Off                ;
; Analysis & Synthesis Message Level                               ; Medium             ; Medium             ;
; Disable Register Merging Across Hierarchies                      ; Auto               ; Auto               ;
; Resource Aware Inference For Block RAM                           ; On                 ; On                 ;
+------------------------------------------------------------------+--------------------+--------------------+


+------------------------------------------+
; Parallel Compilation                     ;
+----------------------------+-------------+
; Processors                 ; Number      ;
+----------------------------+-------------+
; Number detected on machine ; 8           ;
; Maximum allowed            ; 4           ;
;                            ;             ;
; Average used               ; 1.00        ;
; Maximum used               ; 4           ;
;                            ;             ;
; Usage by Processor         ; % Time Used ;
;     Processor 1            ; 100.0%      ;
;     Processor 2            ;   0.0%      ;
;     Processors 3-4         ;   0.0%      ;
+----------------------------+-------------+


+--------------------------------------------------------------------------------------------------------------------------------------+
; Analysis & Synthesis Source Files Read                                                                                               ;
+----------------------------------+-----------------+-----------------+-----------------------------------------------------+---------+
; File Name with User-Entered Path ; Used in Netlist ; File Type       ; File Name with Absolute Path                        ; Library ;
+----------------------------------+-----------------+-----------------+-----------------------------------------------------+---------+
; UL.vhd                           ; yes             ; User VHDL File  ; C:/Users/miria/DISEÑO DIGITAL/AUTO_ALU/UL.vhd       ;         ;
; UA.vhd                           ; yes             ; User VHDL File  ; C:/Users/miria/DISEÑO DIGITAL/AUTO_ALU/UA.vhd       ;         ;
; SUM.vhd                          ; yes             ; User VHDL File  ; C:/Users/miria/DISEÑO DIGITAL/AUTO_ALU/SUM.vhd      ;         ;
; SS74.vhd                         ; yes             ; User VHDL File  ; C:/Users/miria/DISEÑO DIGITAL/AUTO_ALU/SS74.vhd     ;         ;
; SS7.vhd                          ; yes             ; User VHDL File  ; C:/Users/miria/DISEÑO DIGITAL/AUTO_ALU/SS7.vhd      ;         ;
; MUX4x1.vhd                       ; yes             ; User VHDL File  ; C:/Users/miria/DISEÑO DIGITAL/AUTO_ALU/MUX4x1.vhd   ;         ;
; MUX2x1.vhd                       ; yes             ; User VHDL File  ; C:/Users/miria/DISEÑO DIGITAL/AUTO_ALU/MUX2x1.vhd   ;         ;
; DIVF.vhd                         ; yes             ; User VHDL File  ; C:/Users/miria/DISEÑO DIGITAL/AUTO_ALU/DIVF.vhd     ;         ;
; CONTADOR.vhd                     ; yes             ; User VHDL File  ; C:/Users/miria/DISEÑO DIGITAL/AUTO_ALU/CONTADOR.vhd ;         ;
; CONT.vhd                         ; yes             ; User VHDL File  ; C:/Users/miria/DISEÑO DIGITAL/AUTO_ALU/CONT.vhd     ;         ;
; ALUAUTO.vhd                      ; yes             ; User VHDL File  ; C:/Users/miria/DISEÑO DIGITAL/AUTO_ALU/ALUAUTO.vhd  ;         ;
; ALU.vhd                          ; yes             ; User VHDL File  ; C:/Users/miria/DISEÑO DIGITAL/AUTO_ALU/ALU.vhd      ;         ;
+----------------------------------+-----------------+-----------------+-----------------------------------------------------+---------+


+---------------------------------------------------------+
; Analysis & Synthesis Resource Usage Summary             ;
+---------------------------------------------+-----------+
; Resource                                    ; Usage     ;
+---------------------------------------------+-----------+
; Estimated Total logic elements              ; 101       ;
;                                             ;           ;
; Total combinational functions               ; 101       ;
; Logic element usage by number of LUT inputs ;           ;
;     -- 4 input functions                    ; 24        ;
;     -- 3 input functions                    ; 31        ;
;     -- <=2 input functions                  ; 46        ;
;                                             ;           ;
; Logic elements by mode                      ;           ;
;     -- normal mode                          ; 73        ;
;     -- arithmetic mode                      ; 28        ;
;                                             ;           ;
; Total registers                             ; 30        ;
;     -- Dedicated logic registers            ; 30        ;
;     -- I/O registers                        ; 0         ;
;                                             ;           ;
; I/O pins                                    ; 55        ;
;                                             ;           ;
; Embedded Multiplier 9-bit elements          ; 0         ;
;                                             ;           ;
; Maximum fan-out node                        ; clk~input ;
; Maximum fan-out                             ; 26        ;
; Total fan-out                               ; 434       ;
; Average fan-out                             ; 1.80      ;
+---------------------------------------------+-----------+


+-------------------------------------------------------------------------------------------------------------------------------------------------------------------------------------------------------------------------------------------------+
; Analysis & Synthesis Resource Utilization by Entity                                                                                                                                                                                             ;
+----------------------------+---------------------+---------------------------+-------------+------------+--------------+---------+-----------+------+--------------+------------+----------------------------------+-------------+--------------+
; Compilation Hierarchy Node ; Combinational ALUTs ; Dedicated Logic Registers ; Memory Bits ; UFM Blocks ; DSP Elements ; DSP 9x9 ; DSP 18x18 ; Pins ; Virtual Pins ; ADC blocks ; Full Hierarchy Name              ; Entity Name ; Library Name ;
+----------------------------+---------------------+---------------------------+-------------+------------+--------------+---------+-----------+------+--------------+------------+----------------------------------+-------------+--------------+
; |ALU_AUTO                  ; 101 (0)             ; 30 (0)                    ; 0           ; 0          ; 0            ; 0       ; 0         ; 55   ; 0            ; 0          ; |ALU_AUTO                        ; ALU_AUTO    ; work         ;
;    |ALU:u1|                ; 14 (0)              ; 0 (0)                     ; 0           ; 0          ; 0            ; 0       ; 0         ; 0    ; 0            ; 0          ; |ALU_AUTO|ALU:u1                 ; ALU         ; work         ;
;       |MUX2x1:u2|          ; 6 (6)               ; 0 (0)                     ; 0           ; 0          ; 0            ; 0       ; 0         ; 0    ; 0            ; 0          ; |ALU_AUTO|ALU:u1|MUX2x1:u2       ; MUX2x1      ; work         ;
;       |UA:u0|              ; 8 (0)               ; 0 (0)                     ; 0           ; 0          ; 0            ; 0       ; 0         ; 0    ; 0            ; 0          ; |ALU_AUTO|ALU:u1|UA:u0           ; UA          ; work         ;
;          |MUX4x1:u1|       ; 3 (3)               ; 0 (0)                     ; 0           ; 0          ; 0            ; 0       ; 0         ; 0    ; 0            ; 0          ; |ALU_AUTO|ALU:u1|UA:u0|MUX4x1:u1 ; MUX4x1      ; work         ;
;          |SUM:u2|          ; 5 (5)               ; 0 (0)                     ; 0           ; 0          ; 0            ; 0       ; 0         ; 0    ; 0            ; 0          ; |ALU_AUTO|ALU:u1|UA:u0|SUM:u2    ; SUM         ; work         ;
;    |CONTADOR:u0|           ; 54 (0)              ; 30 (0)                    ; 0           ; 0          ; 0            ; 0       ; 0         ; 0    ; 0            ; 0          ; |ALU_AUTO|CONTADOR:u0            ; CONTADOR    ; work         ;
;       |CONT:u2|            ; 7 (7)               ; 4 (4)                     ; 0           ; 0          ; 0            ; 0       ; 0         ; 0    ; 0            ; 0          ; |ALU_AUTO|CONTADOR:u0|CONT:u2    ; CONT        ; work         ;
;       |DIVF:u1|            ; 47 (47)             ; 26 (26)                   ; 0           ; 0          ; 0            ; 0       ; 0         ; 0    ; 0            ; 0          ; |ALU_AUTO|CONTADOR:u0|DIVF:u1    ; DIVF        ; work         ;
;    |SS7:u2|                ; 7 (7)               ; 0 (0)                     ; 0           ; 0          ; 0            ; 0       ; 0         ; 0    ; 0            ; 0          ; |ALU_AUTO|SS7:u2                 ; SS7         ; work         ;
;    |SS7:u3|                ; 7 (7)               ; 0 (0)                     ; 0           ; 0          ; 0            ; 0       ; 0         ; 0    ; 0            ; 0          ; |ALU_AUTO|SS7:u3                 ; SS7         ; work         ;
;    |SS7:u4|                ; 7 (7)               ; 0 (0)                     ; 0           ; 0          ; 0            ; 0       ; 0         ; 0    ; 0            ; 0          ; |ALU_AUTO|SS7:u4                 ; SS7         ; work         ;
;    |SS7_4:u5|              ; 12 (12)             ; 0 (0)                     ; 0           ; 0          ; 0            ; 0       ; 0         ; 0    ; 0            ; 0          ; |ALU_AUTO|SS7_4:u5               ; SS7_4       ; work         ;
+----------------------------+---------------------+---------------------------+-------------+------------+--------------+---------+-----------+------+--------------+------------+----------------------------------+-------------+--------------+
Note: For table entries with two numbers listed, the numbers in parentheses indicate the number of resources of the given type used by the specific entity alone. The numbers listed outside of parentheses indicate the total resources of the given type used by the specific entity and all of its sub-entities in the hierarchy.


+------------------------------------------------------+
; General Register Statistics                          ;
+----------------------------------------------+-------+
; Statistic                                    ; Value ;
+----------------------------------------------+-------+
; Total registers                              ; 30    ;
; Number of registers using Synchronous Clear  ; 0     ;
; Number of registers using Synchronous Load   ; 0     ;
; Number of registers using Asynchronous Clear ; 0     ;
; Number of registers using Asynchronous Load  ; 0     ;
; Number of registers using Clock Enable       ; 2     ;
; Number of registers using Preset             ; 0     ;
+----------------------------------------------+-------+


+--------------------------------------------------------------------------------------------------------------------------------------------------------------+
; Multiplexer Restructuring Statistics (Restructuring Performed)                                                                                               ;
+--------------------+-----------+---------------+----------------------+------------------------+------------+------------------------------------------------+
; Multiplexer Inputs ; Bus Width ; Baseline Area ; Area if Restructured ; Saving if Restructured ; Registered ; Example Multiplexer Output                     ;
+--------------------+-----------+---------------+----------------------+------------------------+------------+------------------------------------------------+
; 3:1                ; 2 bits    ; 4 LEs         ; 2 LEs                ; 2 LEs                  ; Yes        ; |ALU_AUTO|CONTADOR:u0|CONT:u2|present_state[0] ;
; 4:1                ; 3 bits    ; 6 LEs         ; 6 LEs                ; 0 LEs                  ; No         ; |ALU_AUTO|ALU:u1|UA:u0|MUX4x1:u1|Mux0          ;
; 5:1                ; 3 bits    ; 9 LEs         ; 9 LEs                ; 0 LEs                  ; No         ; |ALU_AUTO|ALU:u1|MUX2x1:u2|salmux2[0]          ;
+--------------------+-----------+---------------+----------------------+------------------------+------------+------------------------------------------------+


+----------------------------------------------------------------------------------------------------------------+
; Port Connectivity Checks: "SS7:u4"                                                                             ;
+------+--------+----------+-------------------------------------------------------------------------------------+
; Port ; Type   ; Severity ; Details                                                                             ;
+------+--------+----------+-------------------------------------------------------------------------------------+
; c    ; Output ; Info     ; Connected to dangling logic. Logic that only feeds a dangling port will be removed. ;
+------+--------+----------+-------------------------------------------------------------------------------------+


+----------------------------------------------------------------------------------------------------------------+
; Port Connectivity Checks: "SS7:u3"                                                                             ;
+------+--------+----------+-------------------------------------------------------------------------------------+
; Port ; Type   ; Severity ; Details                                                                             ;
+------+--------+----------+-------------------------------------------------------------------------------------+
; c    ; Output ; Info     ; Connected to dangling logic. Logic that only feeds a dangling port will be removed. ;
+------+--------+----------+-------------------------------------------------------------------------------------+


+----------------------------------------------------------------------------------------------------------------+
; Port Connectivity Checks: "SS7:u2"                                                                             ;
+------+--------+----------+-------------------------------------------------------------------------------------+
; Port ; Type   ; Severity ; Details                                                                             ;
+------+--------+----------+-------------------------------------------------------------------------------------+
; c    ; Output ; Info     ; Connected to dangling logic. Logic that only feeds a dangling port will be removed. ;
+------+--------+----------+-------------------------------------------------------------------------------------+


+-----------------------------------------------------+
; Post-Synthesis Netlist Statistics for Top Partition ;
+-----------------------+-----------------------------+
; Type                  ; Count                       ;
+-----------------------+-----------------------------+
; boundary_port         ; 55                          ;
; cycloneiii_ff         ; 30                          ;
;     ENA               ; 2                           ;
;     plain             ; 28                          ;
; cycloneiii_lcell_comb ; 107                         ;
;     arith             ; 28                          ;
;         2 data inputs ; 25                          ;
;         3 data inputs ; 3                           ;
;     normal            ; 79                          ;
;         0 data inputs ; 3                           ;
;         1 data inputs ; 5                           ;
;         2 data inputs ; 19                          ;
;         3 data inputs ; 28                          ;
;         4 data inputs ; 24                          ;
;                       ;                             ;
; Max LUT depth         ; 4.40                        ;
; Average LUT depth     ; 3.06                        ;
+-----------------------+-----------------------------+


+-------------------------------+
; Elapsed Time Per Partition    ;
+----------------+--------------+
; Partition Name ; Elapsed Time ;
+----------------+--------------+
; Top            ; 00:00:00     ;
+----------------+--------------+


+-------------------------------+
; Analysis & Synthesis Messages ;
+-------------------------------+
Info: *******************************************************************
Info: Running Quartus Prime Analysis & Synthesis
    Info: Version 18.1.1 Build 646 04/11/2019 SJ Lite Edition
    Info: Processing started: Mon Nov 14 19:20:25 2022
Info: Command: quartus_map --read_settings_files=on --write_settings_files=off ALU_AUTO -c ALU_AUTO
Warning (18236): Number of processors has not been specified which may cause overloading on shared machines.  Set the global assignment NUM_PARALLEL_PROCESSORS in your QSF to an appropriate value for best performance.
Info (20030): Parallel compilation is enabled and will use 4 of the 4 processors detected
Info (12021): Found 2 design units, including 1 entities, in source file ul.vhd
    Info (12022): Found design unit 1: UL-arqUL File: C:/Users/miria/DISEÑO DIGITAL/AUTO_ALU/UL.vhd Line: 10
    Info (12023): Found entity 1: UL File: C:/Users/miria/DISEÑO DIGITAL/AUTO_ALU/UL.vhd Line: 4
Info (12021): Found 2 design units, including 1 entities, in source file ua.vhd
    Info (12022): Found design unit 1: UA-arqUA File: C:/Users/miria/DISEÑO DIGITAL/AUTO_ALU/UA.vhd Line: 12
    Info (12023): Found entity 1: UA File: C:/Users/miria/DISEÑO DIGITAL/AUTO_ALU/UA.vhd Line: 4
Info (12021): Found 2 design units, including 1 entities, in source file sum.vhd
    Info (12022): Found design unit 1: SUM-arqSUM File: C:/Users/miria/DISEÑO DIGITAL/AUTO_ALU/SUM.vhd Line: 12
    Info (12023): Found entity 1: SUM File: C:/Users/miria/DISEÑO DIGITAL/AUTO_ALU/SUM.vhd Line: 5
Info (12021): Found 2 design units, including 1 entities, in source file ss74.vhd
    Info (12022): Found design unit 1: SS7_4-arqSS7_4 File: C:/Users/miria/DISEÑO DIGITAL/AUTO_ALU/SS74.vhd Line: 9
    Info (12023): Found entity 1: SS7_4 File: C:/Users/miria/DISEÑO DIGITAL/AUTO_ALU/SS74.vhd Line: 4
Info (12021): Found 2 design units, including 1 entities, in source file ss7.vhd
    Info (12022): Found design unit 1: SS7-arqSS7 File: C:/Users/miria/DISEÑO DIGITAL/AUTO_ALU/SS7.vhd Line: 9
    Info (12023): Found entity 1: SS7 File: C:/Users/miria/DISEÑO DIGITAL/AUTO_ALU/SS7.vhd Line: 4
Info (12021): Found 2 design units, including 1 entities, in source file mux4x1.vhd
    Info (12022): Found design unit 1: MUX4x1-arqMUX4x1 File: C:/Users/miria/DISEÑO DIGITAL/AUTO_ALU/MUX4x1.vhd Line: 10
    Info (12023): Found entity 1: MUX4x1 File: C:/Users/miria/DISEÑO DIGITAL/AUTO_ALU/MUX4x1.vhd Line: 4
Info (12021): Found 2 design units, including 1 entities, in source file mux2x1.vhd
    Info (12022): Found design unit 1: MUX2x1-arqMUX2x1 File: C:/Users/miria/DISEÑO DIGITAL/AUTO_ALU/MUX2x1.vhd Line: 10
    Info (12023): Found entity 1: MUX2x1 File: C:/Users/miria/DISEÑO DIGITAL/AUTO_ALU/MUX2x1.vhd Line: 4
Info (12021): Found 2 design units, including 1 entities, in source file divf.vhd
    Info (12022): Found design unit 1: DIVF-arqDIVF File: C:/Users/miria/DISEÑO DIGITAL/AUTO_ALU/DIVF.vhd Line: 9
    Info (12023): Found entity 1: DIVF File: C:/Users/miria/DISEÑO DIGITAL/AUTO_ALU/DIVF.vhd Line: 4
Info (12021): Found 2 design units, including 1 entities, in source file contador.vhd
    Info (12022): Found design unit 1: CONTADOR-arqCONTADOR File: C:/Users/miria/DISEÑO DIGITAL/AUTO_ALU/CONTADOR.vhd Line: 10
    Info (12023): Found entity 1: CONTADOR File: C:/Users/miria/DISEÑO DIGITAL/AUTO_ALU/CONTADOR.vhd Line: 4
Info (12021): Found 2 design units, including 1 entities, in source file cont.vhd
    Info (12022): Found design unit 1: CONT-arqCONT File: C:/Users/miria/DISEÑO DIGITAL/AUTO_ALU/CONT.vhd Line: 10
    Info (12023): Found entity 1: CONT File: C:/Users/miria/DISEÑO DIGITAL/AUTO_ALU/CONT.vhd Line: 4
Info (12021): Found 2 design units, including 1 entities, in source file aluauto.vhd
    Info (12022): Found design unit 1: ALU_AUTO-arqALU_AUTO File: C:/Users/miria/DISEÑO DIGITAL/AUTO_ALU/ALUAUTO.vhd Line: 15
    Info (12023): Found entity 1: ALU_AUTO File: C:/Users/miria/DISEÑO DIGITAL/AUTO_ALU/ALUAUTO.vhd Line: 5
Info (12021): Found 2 design units, including 1 entities, in source file alu.vhd
    Info (12022): Found design unit 1: ALU-arqALU File: C:/Users/miria/DISEÑO DIGITAL/AUTO_ALU/ALU.vhd Line: 13
    Info (12023): Found entity 1: ALU File: C:/Users/miria/DISEÑO DIGITAL/AUTO_ALU/ALU.vhd Line: 5
Info (12127): Elaborating entity "ALU_AUTO" for the top level hierarchy
Info (12129): Elaborating entity "CONTADOR" using architecture "A:arqcontador" for hierarchy "CONTADOR:u0" File: C:/Users/miria/DISEÑO DIGITAL/AUTO_ALU/ALUAUTO.vhd Line: 18
Info (12129): Elaborating entity "DIVF" using architecture "A:arqdivf" for hierarchy "CONTADOR:u0|DIVF:u1" File: C:/Users/miria/DISEÑO DIGITAL/AUTO_ALU/CONTADOR.vhd Line: 14
Info (12129): Elaborating entity "CONT" using architecture "A:arqcont" for hierarchy "CONTADOR:u0|CONT:u2" File: C:/Users/miria/DISEÑO DIGITAL/AUTO_ALU/CONTADOR.vhd Line: 15
Info (12129): Elaborating entity "ALU" using architecture "A:arqalu" for hierarchy "ALU:u1" File: C:/Users/miria/DISEÑO DIGITAL/AUTO_ALU/ALUAUTO.vhd Line: 19
Info (12129): Elaborating entity "UA" using architecture "A:arqua" for hierarchy "ALU:u1|UA:u0" File: C:/Users/miria/DISEÑO DIGITAL/AUTO_ALU/ALU.vhd Line: 17
Info (12129): Elaborating entity "MUX4x1" using architecture "A:arqmux4x1" for hierarchy "ALU:u1|UA:u0|MUX4x1:u1" File: C:/Users/miria/DISEÑO DIGITAL/AUTO_ALU/UA.vhd Line: 15
Info (12129): Elaborating entity "SUM" using architecture "A:arqsum" for hierarchy "ALU:u1|UA:u0|SUM:u2" File: C:/Users/miria/DISEÑO DIGITAL/AUTO_ALU/UA.vhd Line: 16
Info (12129): Elaborating entity "UL" using architecture "A:arqul" for hierarchy "ALU:u1|UL:u1" File: C:/Users/miria/DISEÑO DIGITAL/AUTO_ALU/ALU.vhd Line: 18
Info (12129): Elaborating entity "MUX2x1" using architecture "A:arqmux2x1" for hierarchy "ALU:u1|MUX2x1:u2" File: C:/Users/miria/DISEÑO DIGITAL/AUTO_ALU/ALU.vhd Line: 19
Info (12129): Elaborating entity "SS7" using architecture "A:arqss7" for hierarchy "SS7:u2" File: C:/Users/miria/DISEÑO DIGITAL/AUTO_ALU/ALUAUTO.vhd Line: 20
Warning (10541): VHDL Signal Declaration warning at SS7.vhd(6): used implicit default value for signal "c" because signal was never assigned a value or an explicit default value. Use of implicit default value may introduce unintended design optimizations. File: C:/Users/miria/DISEÑO DIGITAL/AUTO_ALU/SS7.vhd Line: 6
Info (12129): Elaborating entity "SS7_4" using architecture "A:arqss7_4" for hierarchy "SS7_4:u5" File: C:/Users/miria/DISEÑO DIGITAL/AUTO_ALU/ALUAUTO.vhd Line: 23
Warning (13024): Output pins are stuck at VCC or GND
    Warning (13410): Pin "SS4[0]" is stuck at VCC File: C:/Users/miria/DISEÑO DIGITAL/AUTO_ALU/ALUAUTO.vhd Line: 12
    Warning (13410): Pin "SS4[1]" is stuck at VCC File: C:/Users/miria/DISEÑO DIGITAL/AUTO_ALU/ALUAUTO.vhd Line: 12
    Warning (13410): Pin "SS4[2]" is stuck at VCC File: C:/Users/miria/DISEÑO DIGITAL/AUTO_ALU/ALUAUTO.vhd Line: 12
    Warning (13410): Pin "SS4[3]" is stuck at GND File: C:/Users/miria/DISEÑO DIGITAL/AUTO_ALU/ALUAUTO.vhd Line: 12
    Warning (13410): Pin "SS4[4]" is stuck at VCC File: C:/Users/miria/DISEÑO DIGITAL/AUTO_ALU/ALUAUTO.vhd Line: 12
    Warning (13410): Pin "SS4[5]" is stuck at VCC File: C:/Users/miria/DISEÑO DIGITAL/AUTO_ALU/ALUAUTO.vhd Line: 12
    Warning (13410): Pin "SS4[6]" is stuck at GND File: C:/Users/miria/DISEÑO DIGITAL/AUTO_ALU/ALUAUTO.vhd Line: 12
Info (286030): Timing-Driven Synthesis is running
Info (16010): Generating hard_block partition "hard_block:auto_generated_inst"
    Info (16011): Adding 0 node(s), including 0 DDIO, 0 PLL, 0 transceiver and 0 LCELL
Info (21057): Implemented 156 device resources after synthesis - the final resource count might be different
    Info (21058): Implemented 9 input pins
    Info (21059): Implemented 46 output pins
    Info (21061): Implemented 101 logic cells
Info: Quartus Prime Analysis & Synthesis was successful. 0 errors, 10 warnings
    Info: Peak virtual memory: 4791 megabytes
    Info: Processing ended: Mon Nov 14 19:20:48 2022
    Info: Elapsed time: 00:00:23
    Info: Total CPU time (on all processors): 00:00:47


