Analysis & Synthesis report for ControlTREN
Fri Oct 21 23:39:23 2022
Quartus Prime Version 18.1.1 Build 646 04/11/2019 SJ Lite Edition


---------------------
; Table of Contents ;
---------------------
  1. Legal Notice
  2. Analysis & Synthesis Summary
  3. Analysis & Synthesis Settings
  4. Parallel Compilation
  5. Analysis & Synthesis Source Files Read
  6. Analysis & Synthesis Resource Usage Summary
  7. Analysis & Synthesis Resource Utilization by Entity
  8. User-Specified and Inferred Latches
  9. Registers Removed During Synthesis
 10. General Register Statistics
 11. Inverted Register Statistics
 12. Port Connectivity Checks: "MOORE:u8"
 13. Port Connectivity Checks: "MOORE:u7"
 14. Port Connectivity Checks: "MOORE:u6"
 15. Port Connectivity Checks: "MOORE:u5"
 16. Port Connectivity Checks: "MOORE:u4"
 17. Port Connectivity Checks: "MOORE:u3"
 18. Port Connectivity Checks: "STATES:u2"
 19. Post-Synthesis Netlist Statistics for Top Partition
 20. Elapsed Time Per Partition
 21. Analysis & Synthesis Messages



----------------
; Legal Notice ;
----------------
Copyright (C) 2019  Intel Corporation. All rights reserved.
Your use of Intel Corporation's design tools, logic functions 
and other software and tools, and any partner logic 
functions, and any output files from any of the foregoing 
(including device programming or simulation files), and any 
associated documentation or information are expressly subject 
to the terms and conditions of the Intel Program License 
Subscription Agreement, the Intel Quartus Prime License Agreement,
the Intel FPGA IP License Agreement, or other applicable license
agreement, including, without limitation, that your use is for
the sole purpose of programming logic devices manufactured by
Intel and sold by Intel or its authorized distributors.  Please
refer to the applicable agreement for further details, at
https://fpgasoftware.intel.com/eula.



+----------------------------------------------------------------------------------+
; Analysis & Synthesis Summary                                                     ;
+------------------------------------+---------------------------------------------+
; Analysis & Synthesis Status        ; Successful - Fri Oct 21 23:39:23 2022       ;
; Quartus Prime Version              ; 18.1.1 Build 646 04/11/2019 SJ Lite Edition ;
; Revision Name                      ; ControlTREN                                 ;
; Top-level Entity Name              ; controlTREN                                 ;
; Family                             ; MAX 10                                      ;
; Total logic elements               ; 77                                          ;
;     Total combinational functions  ; 77                                          ;
;     Dedicated logic registers      ; 46                                          ;
; Total registers                    ; 46                                          ;
; Total pins                         ; 15                                          ;
; Total virtual pins                 ; 0                                           ;
; Total memory bits                  ; 0                                           ;
; Embedded Multiplier 9-bit elements ; 0                                           ;
; Total PLLs                         ; 0                                           ;
; UFM blocks                         ; 0                                           ;
; ADC blocks                         ; 0                                           ;
+------------------------------------+---------------------------------------------+


+------------------------------------------------------------------------------------------------------------+
; Analysis & Synthesis Settings                                                                              ;
+------------------------------------------------------------------+--------------------+--------------------+
; Option                                                           ; Setting            ; Default Value      ;
+------------------------------------------------------------------+--------------------+--------------------+
; Device                                                           ; 10M50DAF484C7G     ;                    ;
; Top-level entity name                                            ; ControlTREN        ; ControlTREN        ;
; Family name                                                      ; MAX 10             ; Cyclone V          ;
; Use smart compilation                                            ; Off                ; Off                ;
; Enable parallel Assembler and Timing Analyzer during compilation ; On                 ; On                 ;
; Enable compact report table                                      ; Off                ; Off                ;
; Restructure Multiplexers                                         ; Auto               ; Auto               ;
; Create Debugging Nodes for IP Cores                              ; Off                ; Off                ;
; Preserve fewer node names                                        ; On                 ; On                 ;
; Intel FPGA IP Evaluation Mode                                    ; Enable             ; Enable             ;
; Verilog Version                                                  ; Verilog_2001       ; Verilog_2001       ;
; VHDL Version                                                     ; VHDL_1993          ; VHDL_1993          ;
; State Machine Processing                                         ; Auto               ; Auto               ;
; Safe State Machine                                               ; Off                ; Off                ;
; Extract Verilog State Machines                                   ; On                 ; On                 ;
; Extract VHDL State Machines                                      ; On                 ; On                 ;
; Ignore Verilog initial constructs                                ; Off                ; Off                ;
; Iteration limit for constant Verilog loops                       ; 5000               ; 5000               ;
; Iteration limit for non-constant Verilog loops                   ; 250                ; 250                ;
; Add Pass-Through Logic to Inferred RAMs                          ; On                 ; On                 ;
; Infer RAMs from Raw Logic                                        ; On                 ; On                 ;
; Parallel Synthesis                                               ; On                 ; On                 ;
; DSP Block Balancing                                              ; Auto               ; Auto               ;
; NOT Gate Push-Back                                               ; On                 ; On                 ;
; Power-Up Don't Care                                              ; On                 ; On                 ;
; Remove Redundant Logic Cells                                     ; Off                ; Off                ;
; Remove Duplicate Registers                                       ; On                 ; On                 ;
; Ignore CARRY Buffers                                             ; Off                ; Off                ;
; Ignore CASCADE Buffers                                           ; Off                ; Off                ;
; Ignore GLOBAL Buffers                                            ; Off                ; Off                ;
; Ignore ROW GLOBAL Buffers                                        ; Off                ; Off                ;
; Ignore LCELL Buffers                                             ; Off                ; Off                ;
; Ignore SOFT Buffers                                              ; On                 ; On                 ;
; Limit AHDL Integers to 32 Bits                                   ; Off                ; Off                ;
; Optimization Technique                                           ; Balanced           ; Balanced           ;
; Carry Chain Length                                               ; 70                 ; 70                 ;
; Auto Carry Chains                                                ; On                 ; On                 ;
; Auto Open-Drain Pins                                             ; On                 ; On                 ;
; Perform WYSIWYG Primitive Resynthesis                            ; Off                ; Off                ;
; Auto ROM Replacement                                             ; On                 ; On                 ;
; Auto RAM Replacement                                             ; On                 ; On                 ;
; Auto DSP Block Replacement                                       ; On                 ; On                 ;
; Auto Shift Register Replacement                                  ; Auto               ; Auto               ;
; Allow Shift Register Merging across Hierarchies                  ; Auto               ; Auto               ;
; Auto Clock Enable Replacement                                    ; On                 ; On                 ;
; Strict RAM Replacement                                           ; Off                ; Off                ;
; Allow Synchronous Control Signals                                ; On                 ; On                 ;
; Force Use of Synchronous Clear Signals                           ; Off                ; Off                ;
; Auto RAM Block Balancing                                         ; On                 ; On                 ;
; Auto RAM to Logic Cell Conversion                                ; Off                ; Off                ;
; Auto Resource Sharing                                            ; Off                ; Off                ;
; Allow Any RAM Size For Recognition                               ; Off                ; Off                ;
; Allow Any ROM Size For Recognition                               ; Off                ; Off                ;
; Allow Any Shift Register Size For Recognition                    ; Off                ; Off                ;
; Use LogicLock Constraints during Resource Balancing              ; On                 ; On                 ;
; Ignore translate_off and synthesis_off directives                ; Off                ; Off                ;
; Timing-Driven Synthesis                                          ; On                 ; On                 ;
; Report Parameter Settings                                        ; On                 ; On                 ;
; Report Source Assignments                                        ; On                 ; On                 ;
; Report Connectivity Checks                                       ; On                 ; On                 ;
; Ignore Maximum Fan-Out Assignments                               ; Off                ; Off                ;
; Synchronization Register Chain Length                            ; 2                  ; 2                  ;
; Power Optimization During Synthesis                              ; Normal compilation ; Normal compilation ;
; HDL message level                                                ; Level2             ; Level2             ;
; Suppress Register Optimization Related Messages                  ; Off                ; Off                ;
; Number of Removed Registers Reported in Synthesis Report         ; 5000               ; 5000               ;
; Number of Swept Nodes Reported in Synthesis Report               ; 5000               ; 5000               ;
; Number of Inverted Registers Reported in Synthesis Report        ; 100                ; 100                ;
; Clock MUX Protection                                             ; On                 ; On                 ;
; Auto Gated Clock Conversion                                      ; Off                ; Off                ;
; Block Design Naming                                              ; Auto               ; Auto               ;
; SDC constraint protection                                        ; Off                ; Off                ;
; Synthesis Effort                                                 ; Auto               ; Auto               ;
; Shift Register Replacement - Allow Asynchronous Clear Signal     ; On                 ; On                 ;
; Pre-Mapping Resynthesis Optimization                             ; Off                ; Off                ;
; Analysis & Synthesis Message Level                               ; Medium             ; Medium             ;
; Disable Register Merging Across Hierarchies                      ; Auto               ; Auto               ;
; Resource Aware Inference For Block RAM                           ; On                 ; On                 ;
+------------------------------------------------------------------+--------------------+--------------------+


+------------------------------------------+
; Parallel Compilation                     ;
+----------------------------+-------------+
; Processors                 ; Number      ;
+----------------------------+-------------+
; Number detected on machine ; 8           ;
; Maximum allowed            ; 4           ;
;                            ;             ;
; Average used               ; 1.00        ;
; Maximum used               ; 4           ;
;                            ;             ;
; Usage by Processor         ; % Time Used ;
;     Processor 1            ; 100.0%      ;
;     Processor 2            ;   0.0%      ;
;     Processors 3-4         ;   0.0%      ;
+----------------------------+-------------+


+------------------------------------------------------------------------------------------------------------------------------------------------+
; Analysis & Synthesis Source Files Read                                                                                                         ;
+----------------------------------+-----------------+-----------------+---------------------------------------------------------------+---------+
; File Name with User-Entered Path ; Used in Netlist ; File Type       ; File Name with Absolute Path                                  ; Library ;
+----------------------------------+-----------------+-----------------+---------------------------------------------------------------+---------+
; STATES.vhd                       ; yes             ; User VHDL File  ; C:/Users/miria/VLSI/LABORATORIO/PRACTICA_3.3A/STATES.vhd      ;         ;
; DIVF.vhd                         ; yes             ; User VHDL File  ; C:/Users/miria/VLSI/LABORATORIO/PRACTICA_3.3A/DIVF.vhd        ;         ;
; ControlTREN.vhd                  ; yes             ; User VHDL File  ; C:/Users/miria/VLSI/LABORATORIO/PRACTICA_3.3A/ControlTREN.vhd ;         ;
; MOORE.vhd                        ; yes             ; User VHDL File  ; C:/Users/miria/VLSI/LABORATORIO/PRACTICA_3.3A/MOORE.vhd       ;         ;
+----------------------------------+-----------------+-----------------+---------------------------------------------------------------+---------+


+---------------------------------------------------------+
; Analysis & Synthesis Resource Usage Summary             ;
+---------------------------------------------+-----------+
; Resource                                    ; Usage     ;
+---------------------------------------------+-----------+
; Estimated Total logic elements              ; 77        ;
;                                             ;           ;
; Total combinational functions               ; 77        ;
; Logic element usage by number of LUT inputs ;           ;
;     -- 4 input functions                    ; 21        ;
;     -- 3 input functions                    ; 16        ;
;     -- <=2 input functions                  ; 40        ;
;                                             ;           ;
; Logic elements by mode                      ;           ;
;     -- normal mode                          ; 53        ;
;     -- arithmetic mode                      ; 24        ;
;                                             ;           ;
; Total registers                             ; 46        ;
;     -- Dedicated logic registers            ; 46        ;
;     -- I/O registers                        ; 0         ;
;                                             ;           ;
; I/O pins                                    ; 15        ;
;                                             ;           ;
; Embedded Multiplier 9-bit elements          ; 0         ;
;                                             ;           ;
; Maximum fan-out node                        ; clk~input ;
; Maximum fan-out                             ; 26        ;
; Total fan-out                               ; 364       ;
; Average fan-out                             ; 2.38      ;
+---------------------------------------------+-----------+


+---------------------------------------------------------------------------------------------------------------------------------------------------------------------------------------------------------------------------------------+
; Analysis & Synthesis Resource Utilization by Entity                                                                                                                                                                                   ;
+----------------------------+---------------------+---------------------------+-------------+------------+--------------+---------+-----------+------+--------------+------------+------------------------+-------------+--------------+
; Compilation Hierarchy Node ; Combinational ALUTs ; Dedicated Logic Registers ; Memory Bits ; UFM Blocks ; DSP Elements ; DSP 9x9 ; DSP 18x18 ; Pins ; Virtual Pins ; ADC blocks ; Full Hierarchy Name    ; Entity Name ; Library Name ;
+----------------------------+---------------------+---------------------------+-------------+------------+--------------+---------+-----------+------+--------------+------------+------------------------+-------------+--------------+
; |controlTREN               ; 77 (0)              ; 46 (0)                    ; 0           ; 0          ; 0            ; 0       ; 0         ; 15   ; 0            ; 0          ; |controlTREN           ; controlTREN ; work         ;
;    |DIVF:u1|               ; 47 (47)             ; 26 (26)                   ; 0           ; 0          ; 0            ; 0       ; 0         ; 0    ; 0            ; 0          ; |controlTREN|DIVF:u1   ; DIVF        ; work         ;
;    |MOORE:u3|              ; 4 (4)               ; 3 (3)                     ; 0           ; 0          ; 0            ; 0       ; 0         ; 0    ; 0            ; 0          ; |controlTREN|MOORE:u3  ; MOORE       ; work         ;
;    |MOORE:u4|              ; 4 (4)               ; 3 (3)                     ; 0           ; 0          ; 0            ; 0       ; 0         ; 0    ; 0            ; 0          ; |controlTREN|MOORE:u4  ; MOORE       ; work         ;
;    |MOORE:u5|              ; 4 (4)               ; 3 (3)                     ; 0           ; 0          ; 0            ; 0       ; 0         ; 0    ; 0            ; 0          ; |controlTREN|MOORE:u5  ; MOORE       ; work         ;
;    |MOORE:u6|              ; 4 (4)               ; 3 (3)                     ; 0           ; 0          ; 0            ; 0       ; 0         ; 0    ; 0            ; 0          ; |controlTREN|MOORE:u6  ; MOORE       ; work         ;
;    |MOORE:u7|              ; 4 (4)               ; 3 (3)                     ; 0           ; 0          ; 0            ; 0       ; 0         ; 0    ; 0            ; 0          ; |controlTREN|MOORE:u7  ; MOORE       ; work         ;
;    |MOORE:u8|              ; 5 (5)               ; 4 (4)                     ; 0           ; 0          ; 0            ; 0       ; 0         ; 0    ; 0            ; 0          ; |controlTREN|MOORE:u8  ; MOORE       ; work         ;
;    |STATES:u2|             ; 5 (5)               ; 1 (1)                     ; 0           ; 0          ; 0            ; 0       ; 0         ; 0    ; 0            ; 0          ; |controlTREN|STATES:u2 ; STATES      ; work         ;
+----------------------------+---------------------+---------------------------+-------------+------------+--------------+---------+-----------+------+--------------+------------+------------------------+-------------+--------------+
Note: For table entries with two numbers listed, the numbers in parentheses indicate the number of resources of the given type used by the specific entity alone. The numbers listed outside of parentheses indicate the total resources of the given type used by the specific entity and all of its sub-entities in the hierarchy.


+---------------------------------------------------------------------------------------------------+
; User-Specified and Inferred Latches                                                               ;
+----------------------------------------------------+---------------------+------------------------+
; Latch Name                                         ; Latch Enable Signal ; Free of Timing Hazards ;
+----------------------------------------------------+---------------------+------------------------+
; STATES:u2|izquierda                                ; STATES:u2|izquierda ; yes                    ;
; STATES:u2|derecha                                  ; STATES:u2|izquierda ; yes                    ;
; Number of user-specified and inferred latches = 2  ;                     ;                        ;
+----------------------------------------------------+---------------------+------------------------+
Note: All latches listed above may not be present at the end of synthesis due to various synthesis optimizations.


+----------------------------------------------------------------------+
; Registers Removed During Synthesis                                   ;
+---------------------------------------+------------------------------+
; Register name                         ; Reason for Removal           ;
+---------------------------------------+------------------------------+
; MOORE:u3|bandera                      ; Merged with MOORE:u4|bandera ;
; MOORE:u4|bandera                      ; Merged with MOORE:u5|bandera ;
; MOORE:u5|bandera                      ; Merged with MOORE:u6|bandera ;
; MOORE:u6|bandera                      ; Merged with MOORE:u7|bandera ;
; MOORE:u7|bandera                      ; Merged with MOORE:u8|bandera ;
; Total Number of Removed Registers = 5 ;                              ;
+---------------------------------------+------------------------------+


+------------------------------------------------------+
; General Register Statistics                          ;
+----------------------------------------------+-------+
; Statistic                                    ; Value ;
+----------------------------------------------+-------+
; Total registers                              ; 46    ;
; Number of registers using Synchronous Clear  ; 11    ;
; Number of registers using Synchronous Load   ; 7     ;
; Number of registers using Asynchronous Clear ; 0     ;
; Number of registers using Asynchronous Load  ; 0     ;
; Number of registers using Clock Enable       ; 18    ;
; Number of registers using Preset             ; 0     ;
+----------------------------------------------+-------+


+--------------------------------------------------+
; Inverted Register Statistics                     ;
+----------------------------------------+---------+
; Inverted Register                      ; Fan out ;
+----------------------------------------+---------+
; MOORE:u8|bandera                       ; 19      ;
; Total number of inverted registers = 1 ;         ;
+----------------------------------------+---------+


+---------------------------------------------+
; Port Connectivity Checks: "MOORE:u8"        ;
+-----------+-------+----------+--------------+
; Port      ; Type  ; Severity ; Details      ;
+-----------+-------+----------+--------------+
; inicio[2] ; Input ; Info     ; Stuck at VCC ;
; inicio[1] ; Input ; Info     ; Stuck at GND ;
; inicio[0] ; Input ; Info     ; Stuck at VCC ;
+-----------+-------+----------+--------------+


+------------------------------------------------+
; Port Connectivity Checks: "MOORE:u7"           ;
+--------------+-------+----------+--------------+
; Port         ; Type  ; Severity ; Details      ;
+--------------+-------+----------+--------------+
; inicio[1..0] ; Input ; Info     ; Stuck at GND ;
; inicio[2]    ; Input ; Info     ; Stuck at VCC ;
+--------------+-------+----------+--------------+


+------------------------------------------------+
; Port Connectivity Checks: "MOORE:u6"           ;
+--------------+-------+----------+--------------+
; Port         ; Type  ; Severity ; Details      ;
+--------------+-------+----------+--------------+
; inicio[1..0] ; Input ; Info     ; Stuck at VCC ;
; inicio[2]    ; Input ; Info     ; Stuck at GND ;
+--------------+-------+----------+--------------+


+---------------------------------------------+
; Port Connectivity Checks: "MOORE:u5"        ;
+-----------+-------+----------+--------------+
; Port      ; Type  ; Severity ; Details      ;
+-----------+-------+----------+--------------+
; inicio[2] ; Input ; Info     ; Stuck at GND ;
; inicio[1] ; Input ; Info     ; Stuck at VCC ;
; inicio[0] ; Input ; Info     ; Stuck at GND ;
+-----------+-------+----------+--------------+


+------------------------------------------------+
; Port Connectivity Checks: "MOORE:u4"           ;
+--------------+-------+----------+--------------+
; Port         ; Type  ; Severity ; Details      ;
+--------------+-------+----------+--------------+
; inicio[2..1] ; Input ; Info     ; Stuck at GND ;
; inicio[0]    ; Input ; Info     ; Stuck at VCC ;
+--------------+-------+----------+--------------+


+------------------------------------------+
; Port Connectivity Checks: "MOORE:u3"     ;
+--------+-------+----------+--------------+
; Port   ; Type  ; Severity ; Details      ;
+--------+-------+----------+--------------+
; inicio ; Input ; Info     ; Stuck at GND ;
+--------+-------+----------+--------------+


+-------------------------------------------------------------------------------------------------------------------+
; Port Connectivity Checks: "STATES:u2"                                                                             ;
+---------+--------+----------+-------------------------------------------------------------------------------------+
; Port    ; Type   ; Severity ; Details                                                                             ;
+---------+--------+----------+-------------------------------------------------------------------------------------+
; conteo2 ; Output ; Info     ; Connected to dangling logic. Logic that only feeds a dangling port will be removed. ;
+---------+--------+----------+-------------------------------------------------------------------------------------+


+-----------------------------------------------------+
; Post-Synthesis Netlist Statistics for Top Partition ;
+-----------------------+-----------------------------+
; Type                  ; Count                       ;
+-----------------------+-----------------------------+
; boundary_port         ; 15                          ;
; cycloneiii_ff         ; 46                          ;
;     ENA SCLR          ; 11                          ;
;     ENA SLD           ; 7                           ;
;     plain             ; 28                          ;
; cycloneiii_lcell_comb ; 83                          ;
;     arith             ; 24                          ;
;         2 data inputs ; 24                          ;
;     normal            ; 59                          ;
;         1 data inputs ; 7                           ;
;         2 data inputs ; 15                          ;
;         3 data inputs ; 16                          ;
;         4 data inputs ; 21                          ;
;                       ;                             ;
; Max LUT depth         ; 4.40                        ;
; Average LUT depth     ; 2.81                        ;
+-----------------------+-----------------------------+


+-------------------------------+
; Elapsed Time Per Partition    ;
+----------------+--------------+
; Partition Name ; Elapsed Time ;
+----------------+--------------+
; Top            ; 00:00:00     ;
+----------------+--------------+


+-------------------------------+
; Analysis & Synthesis Messages ;
+-------------------------------+
Info: *******************************************************************
Info: Running Quartus Prime Analysis & Synthesis
    Info: Version 18.1.1 Build 646 04/11/2019 SJ Lite Edition
    Info: Processing started: Fri Oct 21 23:39:09 2022
Info: Command: quartus_map --read_settings_files=on --write_settings_files=off ControlTREN -c ControlTREN
Warning (18236): Number of processors has not been specified which may cause overloading on shared machines.  Set the global assignment NUM_PARALLEL_PROCESSORS in your QSF to an appropriate value for best performance.
Info (20030): Parallel compilation is enabled and will use 4 of the 4 processors detected
Info (12021): Found 2 design units, including 1 entities, in source file states.vhd
    Info (12022): Found design unit 1: STATES-arqSTATES File: C:/Users/miria/VLSI/LABORATORIO/PRACTICA_3.3A/STATES.vhd Line: 9
    Info (12023): Found entity 1: STATES File: C:/Users/miria/VLSI/LABORATORIO/PRACTICA_3.3A/STATES.vhd Line: 4
Info (12021): Found 2 design units, including 1 entities, in source file divf.vhd
    Info (12022): Found design unit 1: DIVF-arqDIVF File: C:/Users/miria/VLSI/LABORATORIO/PRACTICA_3.3A/DIVF.vhd Line: 9
    Info (12023): Found entity 1: DIVF File: C:/Users/miria/VLSI/LABORATORIO/PRACTICA_3.3A/DIVF.vhd Line: 4
Info (12021): Found 2 design units, including 1 entities, in source file controltren.vhd
    Info (12022): Found design unit 1: controlTREN-arqTREN File: C:/Users/miria/VLSI/LABORATORIO/PRACTICA_3.3A/ControlTREN.vhd Line: 10
    Info (12023): Found entity 1: controlTREN File: C:/Users/miria/VLSI/LABORATORIO/PRACTICA_3.3A/ControlTREN.vhd Line: 4
Info (12021): Found 2 design units, including 1 entities, in source file moore.vhd
    Info (12022): Found design unit 1: MOORE-arqMOORE File: C:/Users/miria/VLSI/LABORATORIO/PRACTICA_3.3A/MOORE.vhd Line: 10
    Info (12023): Found entity 1: MOORE File: C:/Users/miria/VLSI/LABORATORIO/PRACTICA_3.3A/MOORE.vhd Line: 4
Info (12127): Elaborating entity "ControlTREN" for the top level hierarchy
Info (12129): Elaborating entity "DIVF" using architecture "A:arqdivf" for hierarchy "DIVF:u1" File: C:/Users/miria/VLSI/LABORATORIO/PRACTICA_3.3A/ControlTREN.vhd Line: 14
Info (12129): Elaborating entity "STATES" using architecture "A:arqstates" for hierarchy "STATES:u2" File: C:/Users/miria/VLSI/LABORATORIO/PRACTICA_3.3A/ControlTREN.vhd Line: 15
Warning (10541): VHDL Signal Declaration warning at STATES.vhd(6): used implicit default value for signal "conteo2" because signal was never assigned a value or an explicit default value. Use of implicit default value may introduce unintended design optimizations. File: C:/Users/miria/VLSI/LABORATORIO/PRACTICA_3.3A/STATES.vhd Line: 6
Warning (10492): VHDL Process Statement warning at STATES.vhd(27): signal "estacion" is read inside the Process Statement but isn't in the Process Statement's sensitivity list File: C:/Users/miria/VLSI/LABORATORIO/PRACTICA_3.3A/STATES.vhd Line: 27
Warning (10492): VHDL Process Statement warning at STATES.vhd(39): signal "alto" is read inside the Process Statement but isn't in the Process Statement's sensitivity list File: C:/Users/miria/VLSI/LABORATORIO/PRACTICA_3.3A/STATES.vhd Line: 39
Warning (10492): VHDL Process Statement warning at STATES.vhd(44): signal "emergencia" is read inside the Process Statement but isn't in the Process Statement's sensitivity list File: C:/Users/miria/VLSI/LABORATORIO/PRACTICA_3.3A/STATES.vhd Line: 44
Warning (10492): VHDL Process Statement warning at STATES.vhd(49): signal "direccion" is read inside the Process Statement but isn't in the Process Statement's sensitivity list File: C:/Users/miria/VLSI/LABORATORIO/PRACTICA_3.3A/STATES.vhd Line: 49
Warning (10492): VHDL Process Statement warning at STATES.vhd(56): signal "direccion" is read inside the Process Statement but isn't in the Process Statement's sensitivity list File: C:/Users/miria/VLSI/LABORATORIO/PRACTICA_3.3A/STATES.vhd Line: 56
Warning (10631): VHDL Process Statement warning at STATES.vhd(23): inferring latch(es) for signal or variable "estado_siguiente", which holds its previous value in one or more paths through the process File: C:/Users/miria/VLSI/LABORATORIO/PRACTICA_3.3A/STATES.vhd Line: 23
Warning (10631): VHDL Process Statement warning at STATES.vhd(23): inferring latch(es) for signal or variable "alto2", which holds its previous value in one or more paths through the process File: C:/Users/miria/VLSI/LABORATORIO/PRACTICA_3.3A/STATES.vhd Line: 23
Warning (10631): VHDL Process Statement warning at STATES.vhd(23): inferring latch(es) for signal or variable "alto1", which holds its previous value in one or more paths through the process File: C:/Users/miria/VLSI/LABORATORIO/PRACTICA_3.3A/STATES.vhd Line: 23
Warning (10631): VHDL Process Statement warning at STATES.vhd(23): inferring latch(es) for signal or variable "izquierda", which holds its previous value in one or more paths through the process File: C:/Users/miria/VLSI/LABORATORIO/PRACTICA_3.3A/STATES.vhd Line: 23
Warning (10631): VHDL Process Statement warning at STATES.vhd(23): inferring latch(es) for signal or variable "derecha", which holds its previous value in one or more paths through the process File: C:/Users/miria/VLSI/LABORATORIO/PRACTICA_3.3A/STATES.vhd Line: 23
Info (10041): Inferred latch for "derecha" at STATES.vhd(23) File: C:/Users/miria/VLSI/LABORATORIO/PRACTICA_3.3A/STATES.vhd Line: 23
Info (10041): Inferred latch for "izquierda" at STATES.vhd(23) File: C:/Users/miria/VLSI/LABORATORIO/PRACTICA_3.3A/STATES.vhd Line: 23
Info (12129): Elaborating entity "MOORE" using architecture "A:arqmoore" for hierarchy "MOORE:u3" File: C:/Users/miria/VLSI/LABORATORIO/PRACTICA_3.3A/ControlTREN.vhd Line: 16
Warning (10492): VHDL Process Statement warning at MOORE.vhd(24): signal "cont" is read inside the Process Statement but isn't in the Process Statement's sensitivity list File: C:/Users/miria/VLSI/LABORATORIO/PRACTICA_3.3A/MOORE.vhd Line: 24
Warning (10492): VHDL Process Statement warning at MOORE.vhd(36): signal "direc" is read inside the Process Statement but isn't in the Process Statement's sensitivity list File: C:/Users/miria/VLSI/LABORATORIO/PRACTICA_3.3A/MOORE.vhd Line: 36
Info (286030): Timing-Driven Synthesis is running
Info (16010): Generating hard_block partition "hard_block:auto_generated_inst"
    Info (16011): Adding 0 node(s), including 0 DDIO, 0 PLL, 0 transceiver and 0 LCELL
Info (21057): Implemented 93 device resources after synthesis - the final resource count might be different
    Info (21058): Implemented 5 input pins
    Info (21059): Implemented 10 output pins
    Info (21061): Implemented 78 logic cells
Info: Quartus Prime Analysis & Synthesis was successful. 0 errors, 14 warnings
    Info: Peak virtual memory: 4791 megabytes
    Info: Processing ended: Fri Oct 21 23:39:23 2022
    Info: Elapsed time: 00:00:14
    Info: Total CPU time (on all processors): 00:00:31


