Flow report for Contador
Wed Sep 14 00:59:38 2022
Quartus Prime Version 18.1.1 Build 646 04/11/2019 SJ Lite Edition


---------------------
; Table of Contents ;
---------------------
  1. Legal Notice
  2. Flow Summary
  3. Flow Settings
  4. Flow Non-Default Global Settings
  5. Flow Elapsed Time
  6. Flow OS Summary
  7. Flow Log
  8. Flow Messages
  9. Flow Suppressed Messages



----------------
; Legal Notice ;
----------------
Copyright (C) 2019  Intel Corporation. All rights reserved.
Your use of Intel Corporation's design tools, logic functions 
and other software and tools, and any partner logic 
functions, and any output files from any of the foregoing 
(including device programming or simulation files), and any 
associated documentation or information are expressly subject 
to the terms and conditions of the Intel Program License 
Subscription Agreement, the Intel Quartus Prime License Agreement,
the Intel FPGA IP License Agreement, or other applicable license
agreement, including, without limitation, that your use is for
the sole purpose of programming logic devices manufactured by
Intel and sold by Intel or its authorized distributors.  Please
refer to the applicable agreement for further details, at
https://fpgasoftware.intel.com/eula.



+-------------------------------------------------------------------------------------------+
; Flow Summary                                                                              ;
+------------------------------------+------------------------------------------------------+
; Flow Status                        ; EDA Netlist Writer Failed - Wed Sep 14 00:59:38 2022 ;
; Quartus Prime Version              ; 18.1.1 Build 646 04/11/2019 SJ Lite Edition          ;
; Revision Name                      ; Contador                                             ;
; Top-level Entity Name              ; conta3display                                        ;
; Family                             ; MAX 10                                               ;
; Device                             ; 10M50DAF484C7G                                       ;
; Timing Models                      ; Final                                                ;
; Total logic elements               ; 207 / 49,760 ( < 1 % )                               ;
;     Total combinational functions  ; 204 / 49,760 ( < 1 % )                               ;
;     Dedicated logic registers      ; 125 / 49,760 ( < 1 % )                               ;
; Total registers                    ; 125                                                  ;
; Total pins                         ; 23 / 360 ( 6 % )                                     ;
; Total virtual pins                 ; 0                                                    ;
; Total memory bits                  ; 0 / 1,677,312 ( 0 % )                                ;
; Embedded Multiplier 9-bit elements ; 0 / 288 ( 0 % )                                      ;
; Total PLLs                         ; 0 / 4 ( 0 % )                                        ;
; UFM blocks                         ; 0 / 1 ( 0 % )                                        ;
; ADC blocks                         ; 0 / 2 ( 0 % )                                        ;
+------------------------------------+------------------------------------------------------+


+-----------------------------------------+
; Flow Settings                           ;
+-------------------+---------------------+
; Option            ; Setting             ;
+-------------------+---------------------+
; Start date & time ; 09/14/2022 00:52:10 ;
; Main task         ; Compilation         ;
; Revision Name     ; Contador            ;
+-------------------+---------------------+


+---------------------------------------------------------------------------------------------------------------------------+
; Flow Non-Default Global Settings                                                                                          ;
+-------------------------------------+----------------------------------------+---------------+---------------+------------+
; Assignment Name                     ; Value                                  ; Default Value ; Entity Name   ; Section Id ;
+-------------------------------------+----------------------------------------+---------------+---------------+------------+
; COMPILER_SIGNATURE_ID               ; 4459183086323.166313472915836          ; --            ; --            ; --         ;
; MAX_CORE_JUNCTION_TEMP              ; 85                                     ; --            ; --            ; --         ;
; MIN_CORE_JUNCTION_TEMP              ; 0                                      ; --            ; --            ; --         ;
; PARTITION_COLOR                     ; -- (Not supported for targeted family) ; --            ; conta3display ; Top        ;
; PARTITION_FITTER_PRESERVATION_LEVEL ; -- (Not supported for targeted family) ; --            ; conta3display ; Top        ;
; PARTITION_NETLIST_TYPE              ; -- (Not supported for targeted family) ; --            ; conta3display ; Top        ;
; PROJECT_OUTPUT_DIRECTORY            ; output_files                           ; --            ; --            ; --         ;
; TOP_LEVEL_ENTITY                    ; conta3display                          ; Contador      ; --            ; --         ;
+-------------------------------------+----------------------------------------+---------------+---------------+------------+


+--------------------------------------------------------------------------------------------------------------------------+
; Flow Elapsed Time                                                                                                        ;
+----------------------+--------------+-------------------------+---------------------+------------------------------------+
; Module Name          ; Elapsed Time ; Average Processors Used ; Peak Virtual Memory ; Total CPU Time (on all processors) ;
+----------------------+--------------+-------------------------+---------------------+------------------------------------+
; Analysis & Synthesis ; 00:00:13     ; 1.0                     ; 4790 MB             ; 00:00:27                           ;
; Fitter               ; 00:00:12     ; 1.0                     ; 5653 MB             ; 00:00:16                           ;
; Assembler            ; 00:00:04     ; 1.0                     ; 4683 MB             ; 00:00:03                           ;
; Timing Analyzer      ; 00:00:03     ; 1.1                     ; 4819 MB             ; 00:00:03                           ;
; EDA Netlist Writer   ; 00:00:01     ; 1.0                     ; 4629 MB             ; 00:00:01                           ;
; EDA Netlist Writer   ; 00:00:01     ; 1.0                     ; 4626 MB             ; 00:00:01                           ;
; EDA Netlist Writer   ; 00:00:01     ; 1.0                     ; 4626 MB             ; 00:00:00                           ;
; EDA Netlist Writer   ; 00:00:00     ; 1.0                     ; 4626 MB             ; 00:00:01                           ;
; EDA Netlist Writer   ; 00:00:01     ; 1.0                     ; 4626 MB             ; 00:00:01                           ;
; EDA Netlist Writer   ; 00:00:00     ; 1.0                     ; 4626 MB             ; 00:00:01                           ;
; EDA Netlist Writer   ; 00:00:00     ; 1.0                     ; 4626 MB             ; 00:00:01                           ;
; Total                ; 00:00:36     ; --                      ; --                  ; 00:00:55                           ;
+----------------------+--------------+-------------------------+---------------------+------------------------------------+


+------------------------------------------------------------------------------------+
; Flow OS Summary                                                                    ;
+----------------------+------------------+------------+------------+----------------+
; Module Name          ; Machine Hostname ; OS Name    ; OS Version ; Processor type ;
+----------------------+------------------+------------+------------+----------------+
; Analysis & Synthesis ; LAPTOP-IOE4LE33  ; Windows 10 ; 10.0       ; x86_64         ;
; Fitter               ; LAPTOP-IOE4LE33  ; Windows 10 ; 10.0       ; x86_64         ;
; Assembler            ; LAPTOP-IOE4LE33  ; Windows 10 ; 10.0       ; x86_64         ;
; Timing Analyzer      ; LAPTOP-IOE4LE33  ; Windows 10 ; 10.0       ; x86_64         ;
; EDA Netlist Writer   ; LAPTOP-IOE4LE33  ; Windows 10 ; 10.0       ; x86_64         ;
; EDA Netlist Writer   ; LAPTOP-IOE4LE33  ; Windows 10 ; 10.0       ; x86_64         ;
; EDA Netlist Writer   ; LAPTOP-IOE4LE33  ; Windows 10 ; 10.0       ; x86_64         ;
; EDA Netlist Writer   ; LAPTOP-IOE4LE33  ; Windows 10 ; 10.0       ; x86_64         ;
; EDA Netlist Writer   ; LAPTOP-IOE4LE33  ; Windows 10 ; 10.0       ; x86_64         ;
; EDA Netlist Writer   ; LAPTOP-IOE4LE33  ; Windows 10 ; 10.0       ; x86_64         ;
; EDA Netlist Writer   ; LAPTOP-IOE4LE33  ; Windows 10 ; 10.0       ; x86_64         ;
+----------------------+------------------+------------+------------+----------------+


------------
; Flow Log ;
------------
quartus_map --read_settings_files=on --write_settings_files=off Contador -c Contador
quartus_fit --read_settings_files=off --write_settings_files=off Contador -c Contador
quartus_asm --read_settings_files=off --write_settings_files=off Contador -c Contador
quartus_sta Contador -c Contador
quartus_eda --gen_testbench --tool=modelsim_oem --format=vhdl --write_settings_files=off Contador -c Contador --vector_source=C:/Users/miria/VLSI/LABORATORIO/PRACTICA_1B/output_files/Waveform.vwf --testbench_file=C:/Users/miria/VLSI/LABORATORIO/PRACTICA_1B/simulation/qsim/output_files/Waveform.vwf.vht
quartus_eda --gen_testbench --tool=modelsim_oem --format=vhdl --write_settings_files=off Contador -c Contador --vector_source=C:/Users/miria/VLSI/LABORATORIO/PRACTICA_1B/output_files/Waveform.vwf --testbench_file=C:/Users/miria/VLSI/LABORATORIO/PRACTICA_1B/simulation/modelsim/Waveform.vwf.vht
quartus_eda --gen_testbench --tool=modelsim_oem --format=vhdl --write_settings_files=off Contador -c Contador --vector_source=C:/Users/miria/VLSI/LABORATORIO/PRACTICA_1B/output_files/Waveform.vwf --testbench_file=C:/Users/miria/VLSI/LABORATORIO/PRACTICA_1B/simulation/qsim/output_files/Waveform.vwf.vht
quartus_eda --gen_testbench --tool=modelsim_oem --format=vhdl --write_settings_files=off Contador -c Contador --vector_source=C:/Users/miria/VLSI/LABORATORIO/PRACTICA_1B/output_files/Waveform.vwf --testbench_file=C:/Users/miria/VLSI/LABORATORIO/PRACTICA_1B/simulation/qsim/output_files/Waveform.vwf.vht
quartus_eda --gen_testbench --tool=modelsim_oem --format=vhdl --write_settings_files=off Contador -c Contador --vector_source=C:/Users/miria/VLSI/LABORATORIO/PRACTICA_1B/output_files/Waveform.vwf --testbench_file=C:/Users/miria/VLSI/LABORATORIO/PRACTICA_1B/simulation/qsim/output_files/Waveform.vwf.vht
quartus_eda --gen_testbench --tool=modelsim_oem --format=vhdl --write_settings_files=off Contador -c Contador --vector_source=C:/Users/miria/VLSI/LABORATORIO/PRACTICA_1B/output_files/Waveform.vwf --testbench_file=C:/Users/miria/VLSI/LABORATORIO/PRACTICA_1B/simulation/qsim/output_files/Waveform.vwf.vht
quartus_eda --gen_testbench --tool=modelsim_oem --format=vhdl --write_settings_files=off Contador -c Contador --vector_source=C:/Users/miria/VLSI/LABORATORIO/PRACTICA_1B/output_files/Waveform.vwf --testbench_file=C:/Users/miria/VLSI/LABORATORIO/PRACTICA_1B/simulation/qsim/output_files/Waveform.vwf.vht



