Analysis & Synthesis report for Contador
Wed Sep 14 00:52:22 2022
Quartus Prime Version 18.1.1 Build 646 04/11/2019 SJ Lite Edition


---------------------
; Table of Contents ;
---------------------
  1. Legal Notice
  2. Analysis & Synthesis Summary
  3. Analysis & Synthesis Settings
  4. Parallel Compilation
  5. Analysis & Synthesis Source Files Read
  6. Analysis & Synthesis Resource Usage Summary
  7. Analysis & Synthesis Resource Utilization by Entity
  8. General Register Statistics
  9. Port Connectivity Checks: "ss7:u6"
 10. Port Connectivity Checks: "cont:u5"
 11. Port Connectivity Checks: "conta2display:u4|ss7:u6"
 12. Port Connectivity Checks: "conta2display:u4|cont:u5"
 13. Port Connectivity Checks: "conta2display:u4|contador:u4|ss7:u3"
 14. Port Connectivity Checks: "conta2display:u4|contador:u4|cont:u2"
 15. Port Connectivity Checks: "conta2display:u4"
 16. Post-Synthesis Netlist Statistics for Top Partition
 17. Elapsed Time Per Partition
 18. Analysis & Synthesis Messages



----------------
; Legal Notice ;
----------------
Copyright (C) 2019  Intel Corporation. All rights reserved.
Your use of Intel Corporation's design tools, logic functions 
and other software and tools, and any partner logic 
functions, and any output files from any of the foregoing 
(including device programming or simulation files), and any 
associated documentation or information are expressly subject 
to the terms and conditions of the Intel Program License 
Subscription Agreement, the Intel Quartus Prime License Agreement,
the Intel FPGA IP License Agreement, or other applicable license
agreement, including, without limitation, that your use is for
the sole purpose of programming logic devices manufactured by
Intel and sold by Intel or its authorized distributors.  Please
refer to the applicable agreement for further details, at
https://fpgasoftware.intel.com/eula.



+----------------------------------------------------------------------------------+
; Analysis & Synthesis Summary                                                     ;
+------------------------------------+---------------------------------------------+
; Analysis & Synthesis Status        ; Successful - Wed Sep 14 00:52:22 2022       ;
; Quartus Prime Version              ; 18.1.1 Build 646 04/11/2019 SJ Lite Edition ;
; Revision Name                      ; Contador                                    ;
; Top-level Entity Name              ; conta3display                               ;
; Family                             ; MAX 10                                      ;
; Total logic elements               ; 203                                         ;
;     Total combinational functions  ; 203                                         ;
;     Dedicated logic registers      ; 125                                         ;
; Total registers                    ; 125                                         ;
; Total pins                         ; 23                                          ;
; Total virtual pins                 ; 0                                           ;
; Total memory bits                  ; 0                                           ;
; Embedded Multiplier 9-bit elements ; 0                                           ;
; Total PLLs                         ; 0                                           ;
; UFM blocks                         ; 0                                           ;
; ADC blocks                         ; 0                                           ;
+------------------------------------+---------------------------------------------+


+------------------------------------------------------------------------------------------------------------+
; Analysis & Synthesis Settings                                                                              ;
+------------------------------------------------------------------+--------------------+--------------------+
; Option                                                           ; Setting            ; Default Value      ;
+------------------------------------------------------------------+--------------------+--------------------+
; Device                                                           ; 10M50DAF484C7G     ;                    ;
; Top-level entity name                                            ; conta3display      ; Contador           ;
; Family name                                                      ; MAX 10             ; Cyclone V          ;
; Use smart compilation                                            ; Off                ; Off                ;
; Enable parallel Assembler and Timing Analyzer during compilation ; On                 ; On                 ;
; Enable compact report table                                      ; Off                ; Off                ;
; Restructure Multiplexers                                         ; Auto               ; Auto               ;
; Create Debugging Nodes for IP Cores                              ; Off                ; Off                ;
; Preserve fewer node names                                        ; On                 ; On                 ;
; Intel FPGA IP Evaluation Mode                                    ; Enable             ; Enable             ;
; Verilog Version                                                  ; Verilog_2001       ; Verilog_2001       ;
; VHDL Version                                                     ; VHDL_1993          ; VHDL_1993          ;
; State Machine Processing                                         ; Auto               ; Auto               ;
; Safe State Machine                                               ; Off                ; Off                ;
; Extract Verilog State Machines                                   ; On                 ; On                 ;
; Extract VHDL State Machines                                      ; On                 ; On                 ;
; Ignore Verilog initial constructs                                ; Off                ; Off                ;
; Iteration limit for constant Verilog loops                       ; 5000               ; 5000               ;
; Iteration limit for non-constant Verilog loops                   ; 250                ; 250                ;
; Add Pass-Through Logic to Inferred RAMs                          ; On                 ; On                 ;
; Infer RAMs from Raw Logic                                        ; On                 ; On                 ;
; Parallel Synthesis                                               ; On                 ; On                 ;
; DSP Block Balancing                                              ; Auto               ; Auto               ;
; NOT Gate Push-Back                                               ; On                 ; On                 ;
; Power-Up Don't Care                                              ; On                 ; On                 ;
; Remove Redundant Logic Cells                                     ; Off                ; Off                ;
; Remove Duplicate Registers                                       ; On                 ; On                 ;
; Ignore CARRY Buffers                                             ; Off                ; Off                ;
; Ignore CASCADE Buffers                                           ; Off                ; Off                ;
; Ignore GLOBAL Buffers                                            ; Off                ; Off                ;
; Ignore ROW GLOBAL Buffers                                        ; Off                ; Off                ;
; Ignore LCELL Buffers                                             ; Off                ; Off                ;
; Ignore SOFT Buffers                                              ; On                 ; On                 ;
; Limit AHDL Integers to 32 Bits                                   ; Off                ; Off                ;
; Optimization Technique                                           ; Balanced           ; Balanced           ;
; Carry Chain Length                                               ; 70                 ; 70                 ;
; Auto Carry Chains                                                ; On                 ; On                 ;
; Auto Open-Drain Pins                                             ; On                 ; On                 ;
; Perform WYSIWYG Primitive Resynthesis                            ; Off                ; Off                ;
; Auto ROM Replacement                                             ; On                 ; On                 ;
; Auto RAM Replacement                                             ; On                 ; On                 ;
; Auto DSP Block Replacement                                       ; On                 ; On                 ;
; Auto Shift Register Replacement                                  ; Auto               ; Auto               ;
; Allow Shift Register Merging across Hierarchies                  ; Auto               ; Auto               ;
; Auto Clock Enable Replacement                                    ; On                 ; On                 ;
; Strict RAM Replacement                                           ; Off                ; Off                ;
; Allow Synchronous Control Signals                                ; On                 ; On                 ;
; Force Use of Synchronous Clear Signals                           ; Off                ; Off                ;
; Auto RAM Block Balancing                                         ; On                 ; On                 ;
; Auto RAM to Logic Cell Conversion                                ; Off                ; Off                ;
; Auto Resource Sharing                                            ; Off                ; Off                ;
; Allow Any RAM Size For Recognition                               ; Off                ; Off                ;
; Allow Any ROM Size For Recognition                               ; Off                ; Off                ;
; Allow Any Shift Register Size For Recognition                    ; Off                ; Off                ;
; Use LogicLock Constraints during Resource Balancing              ; On                 ; On                 ;
; Ignore translate_off and synthesis_off directives                ; Off                ; Off                ;
; Timing-Driven Synthesis                                          ; On                 ; On                 ;
; Report Parameter Settings                                        ; On                 ; On                 ;
; Report Source Assignments                                        ; On                 ; On                 ;
; Report Connectivity Checks                                       ; On                 ; On                 ;
; Ignore Maximum Fan-Out Assignments                               ; Off                ; Off                ;
; Synchronization Register Chain Length                            ; 2                  ; 2                  ;
; Power Optimization During Synthesis                              ; Normal compilation ; Normal compilation ;
; HDL message level                                                ; Level2             ; Level2             ;
; Suppress Register Optimization Related Messages                  ; Off                ; Off                ;
; Number of Removed Registers Reported in Synthesis Report         ; 5000               ; 5000               ;
; Number of Swept Nodes Reported in Synthesis Report               ; 5000               ; 5000               ;
; Number of Inverted Registers Reported in Synthesis Report        ; 100                ; 100                ;
; Clock MUX Protection                                             ; On                 ; On                 ;
; Auto Gated Clock Conversion                                      ; Off                ; Off                ;
; Block Design Naming                                              ; Auto               ; Auto               ;
; SDC constraint protection                                        ; Off                ; Off                ;
; Synthesis Effort                                                 ; Auto               ; Auto               ;
; Shift Register Replacement - Allow Asynchronous Clear Signal     ; On                 ; On                 ;
; Pre-Mapping Resynthesis Optimization                             ; Off                ; Off                ;
; Analysis & Synthesis Message Level                               ; Medium             ; Medium             ;
; Disable Register Merging Across Hierarchies                      ; Auto               ; Auto               ;
; Resource Aware Inference For Block RAM                           ; On                 ; On                 ;
+------------------------------------------------------------------+--------------------+--------------------+


+------------------------------------------+
; Parallel Compilation                     ;
+----------------------------+-------------+
; Processors                 ; Number      ;
+----------------------------+-------------+
; Number detected on machine ; 8           ;
; Maximum allowed            ; 4           ;
;                            ;             ;
; Average used               ; 1.00        ;
; Maximum used               ; 4           ;
;                            ;             ;
; Usage by Processor         ; % Time Used ;
;     Processor 1            ; 100.0%      ;
;     Processor 2            ;   0.0%      ;
;     Processors 3-4         ;   0.0%      ;
+----------------------------+-------------+


+------------------------------------------------------------------------------------------------------------------------------------------------+
; Analysis & Synthesis Source Files Read                                                                                                         ;
+----------------------------------+-----------------+-----------------+---------------------------------------------------------------+---------+
; File Name with User-Entered Path ; Used in Netlist ; File Type       ; File Name with Absolute Path                                  ; Library ;
+----------------------------------+-----------------+-----------------+---------------------------------------------------------------+---------+
; ss7.vhd                          ; yes             ; User VHDL File  ; C:/Users/miria/VLSI/LABORATORIO/PRACTICA_1B/ss7.vhd           ;         ;
; divf.vhd                         ; yes             ; User VHDL File  ; C:/Users/miria/VLSI/LABORATORIO/PRACTICA_1B/divf.vhd          ;         ;
; cont.vhd                         ; yes             ; User VHDL File  ; C:/Users/miria/VLSI/LABORATORIO/PRACTICA_1B/cont.vhd          ;         ;
; contador.vhd                     ; yes             ; User VHDL File  ; C:/Users/miria/VLSI/LABORATORIO/PRACTICA_1B/contador.vhd      ;         ;
; conta2display.vhd                ; yes             ; User VHDL File  ; C:/Users/miria/VLSI/LABORATORIO/PRACTICA_1B/conta2display.vhd ;         ;
; conta3display.vhd                ; yes             ; User VHDL File  ; C:/Users/miria/VLSI/LABORATORIO/PRACTICA_1B/conta3display.vhd ;         ;
+----------------------------------+-----------------+-----------------+---------------------------------------------------------------+---------+


+-----------------------------------------------------------------------------------------+
; Analysis & Synthesis Resource Usage Summary                                             ;
+---------------------------------------------+-------------------------------------------+
; Resource                                    ; Usage                                     ;
+---------------------------------------------+-------------------------------------------+
; Estimated Total logic elements              ; 203                                       ;
;                                             ;                                           ;
; Total combinational functions               ; 203                                       ;
; Logic element usage by number of LUT inputs ;                                           ;
;     -- 4 input functions                    ; 59                                        ;
;     -- 3 input functions                    ; 0                                         ;
;     -- <=2 input functions                  ; 144                                       ;
;                                             ;                                           ;
; Logic elements by mode                      ;                                           ;
;     -- normal mode                          ; 86                                        ;
;     -- arithmetic mode                      ; 117                                       ;
;                                             ;                                           ;
; Total registers                             ; 125                                       ;
;     -- Dedicated logic registers            ; 125                                       ;
;     -- I/O registers                        ; 0                                         ;
;                                             ;                                           ;
; I/O pins                                    ; 23                                        ;
;                                             ;                                           ;
; Embedded Multiplier 9-bit elements          ; 0                                         ;
;                                             ;                                           ;
; Maximum fan-out node                        ; conta2display:u4|contador:u4|divf:u1|clkl ;
; Maximum fan-out                             ; 34                                        ;
; Total fan-out                               ; 815                                       ;
; Average fan-out                             ; 2.18                                      ;
+---------------------------------------------+-------------------------------------------+


+----------------------------------------------------------------------------------------------------------------------------------------------------------------------------------------------------------------------------------------------------------------------+
; Analysis & Synthesis Resource Utilization by Entity                                                                                                                                                                                                                  ;
+----------------------------+---------------------+---------------------------+-------------+------------+--------------+---------+-----------+------+--------------+------------+-----------------------------------------------------+---------------+--------------+
; Compilation Hierarchy Node ; Combinational ALUTs ; Dedicated Logic Registers ; Memory Bits ; UFM Blocks ; DSP Elements ; DSP 9x9 ; DSP 18x18 ; Pins ; Virtual Pins ; ADC blocks ; Full Hierarchy Name                                 ; Entity Name   ; Library Name ;
+----------------------------+---------------------+---------------------------+-------------+------------+--------------+---------+-----------+------+--------------+------------+-----------------------------------------------------+---------------+--------------+
; |conta3display             ; 203 (0)             ; 125 (0)                   ; 0           ; 0          ; 0            ; 0       ; 0         ; 23   ; 0            ; 0          ; |conta3display                                      ; conta3display ; work         ;
;    |cont:u5|               ; 45 (45)             ; 33 (33)                   ; 0           ; 0          ; 0            ; 0       ; 0         ; 0    ; 0            ; 0          ; |conta3display|cont:u5                              ; cont          ; work         ;
;    |conta2display:u4|      ; 151 (0)             ; 92 (0)                    ; 0           ; 0          ; 0            ; 0       ; 0         ; 0    ; 0            ; 0          ; |conta3display|conta2display:u4                     ; conta2display ; work         ;
;       |cont:u5|            ; 45 (45)             ; 33 (33)                   ; 0           ; 0          ; 0            ; 0       ; 0         ; 0    ; 0            ; 0          ; |conta3display|conta2display:u4|cont:u5             ; cont          ; work         ;
;       |contador:u4|        ; 99 (0)              ; 59 (0)                    ; 0           ; 0          ; 0            ; 0       ; 0         ; 0    ; 0            ; 0          ; |conta3display|conta2display:u4|contador:u4         ; contador      ; work         ;
;          |cont:u2|         ; 45 (45)             ; 33 (33)                   ; 0           ; 0          ; 0            ; 0       ; 0         ; 0    ; 0            ; 0          ; |conta3display|conta2display:u4|contador:u4|cont:u2 ; cont          ; work         ;
;          |divf:u1|         ; 47 (47)             ; 26 (26)                   ; 0           ; 0          ; 0            ; 0       ; 0         ; 0    ; 0            ; 0          ; |conta3display|conta2display:u4|contador:u4|divf:u1 ; divf          ; work         ;
;          |ss7:u3|          ; 7 (7)               ; 0 (0)                     ; 0           ; 0          ; 0            ; 0       ; 0         ; 0    ; 0            ; 0          ; |conta3display|conta2display:u4|contador:u4|ss7:u3  ; ss7           ; work         ;
;       |ss7:u6|             ; 7 (7)               ; 0 (0)                     ; 0           ; 0          ; 0            ; 0       ; 0         ; 0    ; 0            ; 0          ; |conta3display|conta2display:u4|ss7:u6              ; ss7           ; work         ;
;    |ss7:u6|                ; 7 (7)               ; 0 (0)                     ; 0           ; 0          ; 0            ; 0       ; 0         ; 0    ; 0            ; 0          ; |conta3display|ss7:u6                               ; ss7           ; work         ;
+----------------------------+---------------------+---------------------------+-------------+------------+--------------+---------+-----------+------+--------------+------------+-----------------------------------------------------+---------------+--------------+
Note: For table entries with two numbers listed, the numbers in parentheses indicate the number of resources of the given type used by the specific entity alone. The numbers listed outside of parentheses indicate the total resources of the given type used by the specific entity and all of its sub-entities in the hierarchy.


+------------------------------------------------------+
; General Register Statistics                          ;
+----------------------------------------------+-------+
; Statistic                                    ; Value ;
+----------------------------------------------+-------+
; Total registers                              ; 125   ;
; Number of registers using Synchronous Clear  ; 0     ;
; Number of registers using Synchronous Load   ; 0     ;
; Number of registers using Asynchronous Clear ; 0     ;
; Number of registers using Asynchronous Load  ; 0     ;
; Number of registers using Clock Enable       ; 0     ;
; Number of registers using Preset             ; 0     ;
+----------------------------------------------+-------+


+--------------------------------------------+
; Port Connectivity Checks: "ss7:u6"         ;
+----------+-------+----------+--------------+
; Port     ; Type  ; Severity ; Details      ;
+----------+-------+----------+--------------+
; a[31..4] ; Input ; Info     ; Stuck at GND ;
+----------+-------+----------+--------------+


+-------------------------------------------------------------------------------------------------------------------------+
; Port Connectivity Checks: "cont:u5"                                                                                     ;
+---------------+--------+----------+-------------------------------------------------------------------------------------+
; Port          ; Type   ; Severity ; Details                                                                             ;
+---------------+--------+----------+-------------------------------------------------------------------------------------+
; conteo[31..4] ; Output ; Info     ; Connected to dangling logic. Logic that only feeds a dangling port will be removed. ;
+---------------+--------+----------+-------------------------------------------------------------------------------------+


+-----------------------------------------------------+
; Port Connectivity Checks: "conta2display:u4|ss7:u6" ;
+----------+-------+----------+-----------------------+
; Port     ; Type  ; Severity ; Details               ;
+----------+-------+----------+-----------------------+
; a[31..4] ; Input ; Info     ; Stuck at GND          ;
+----------+-------+----------+-----------------------+


+-------------------------------------------------------------------------------------------------------------------------+
; Port Connectivity Checks: "conta2display:u4|cont:u5"                                                                    ;
+---------------+--------+----------+-------------------------------------------------------------------------------------+
; Port          ; Type   ; Severity ; Details                                                                             ;
+---------------+--------+----------+-------------------------------------------------------------------------------------+
; conteo[31..4] ; Output ; Info     ; Connected to dangling logic. Logic that only feeds a dangling port will be removed. ;
+---------------+--------+----------+-------------------------------------------------------------------------------------+


+-----------------------------------------------------------------+
; Port Connectivity Checks: "conta2display:u4|contador:u4|ss7:u3" ;
+----------+-------+----------+-----------------------------------+
; Port     ; Type  ; Severity ; Details                           ;
+----------+-------+----------+-----------------------------------+
; a[31..4] ; Input ; Info     ; Stuck at GND                      ;
+----------+-------+----------+-----------------------------------+


+-------------------------------------------------------------------------------------------------------------------------+
; Port Connectivity Checks: "conta2display:u4|contador:u4|cont:u2"                                                        ;
+---------------+--------+----------+-------------------------------------------------------------------------------------+
; Port          ; Type   ; Severity ; Details                                                                             ;
+---------------+--------+----------+-------------------------------------------------------------------------------------+
; conteo[31..4] ; Output ; Info     ; Connected to dangling logic. Logic that only feeds a dangling port will be removed. ;
+---------------+--------+----------+-------------------------------------------------------------------------------------+


+-----------------------------------------------------------------------------------------------------------------------+
; Port Connectivity Checks: "conta2display:u4"                                                                          ;
+-------------+--------+----------+-------------------------------------------------------------------------------------+
; Port        ; Type   ; Severity ; Details                                                                             ;
+-------------+--------+----------+-------------------------------------------------------------------------------------+
; banderasalx ; Output ; Info     ; Connected to dangling logic. Logic that only feeds a dangling port will be removed. ;
+-------------+--------+----------+-------------------------------------------------------------------------------------+


+-----------------------------------------------------+
; Post-Synthesis Netlist Statistics for Top Partition ;
+-----------------------+-----------------------------+
; Type                  ; Count                       ;
+-----------------------+-----------------------------+
; boundary_port         ; 23                          ;
; cycloneiii_ff         ; 125                         ;
;     plain             ; 125                         ;
; cycloneiii_lcell_comb ; 203                         ;
;     arith             ; 117                         ;
;         2 data inputs ; 117                         ;
;     normal            ; 86                          ;
;         1 data inputs ; 4                           ;
;         2 data inputs ; 23                          ;
;         4 data inputs ; 59                          ;
;                       ;                             ;
; Max LUT depth         ; 4.40                        ;
; Average LUT depth     ; 3.39                        ;
+-----------------------+-----------------------------+


+-------------------------------+
; Elapsed Time Per Partition    ;
+----------------+--------------+
; Partition Name ; Elapsed Time ;
+----------------+--------------+
; Top            ; 00:00:00     ;
+----------------+--------------+


+-------------------------------+
; Analysis & Synthesis Messages ;
+-------------------------------+
Info: *******************************************************************
Info: Running Quartus Prime Analysis & Synthesis
    Info: Version 18.1.1 Build 646 04/11/2019 SJ Lite Edition
    Info: Processing started: Wed Sep 14 00:52:09 2022
Info: Command: quartus_map --read_settings_files=on --write_settings_files=off Contador -c Contador
Warning (18236): Number of processors has not been specified which may cause overloading on shared machines.  Set the global assignment NUM_PARALLEL_PROCESSORS in your QSF to an appropriate value for best performance.
Info (20030): Parallel compilation is enabled and will use 4 of the 4 processors detected
Info (12021): Found 2 design units, including 1 entities, in source file ss7.vhd
    Info (12022): Found design unit 1: ss7-a File: C:/Users/miria/VLSI/LABORATORIO/PRACTICA_1B/ss7.vhd Line: 9
    Info (12023): Found entity 1: ss7 File: C:/Users/miria/VLSI/LABORATORIO/PRACTICA_1B/ss7.vhd Line: 4
Info (12021): Found 2 design units, including 1 entities, in source file divf.vhd
    Info (12022): Found design unit 1: divf-a File: C:/Users/miria/VLSI/LABORATORIO/PRACTICA_1B/divf.vhd Line: 9
    Info (12023): Found entity 1: divf File: C:/Users/miria/VLSI/LABORATORIO/PRACTICA_1B/divf.vhd Line: 4
Info (12021): Found 2 design units, including 1 entities, in source file cont.vhd
    Info (12022): Found design unit 1: cont-a File: C:/Users/miria/VLSI/LABORATORIO/PRACTICA_1B/cont.vhd Line: 10
    Info (12023): Found entity 1: cont File: C:/Users/miria/VLSI/LABORATORIO/PRACTICA_1B/cont.vhd Line: 4
Info (12021): Found 2 design units, including 1 entities, in source file contador.vhd
    Info (12022): Found design unit 1: contador-a File: C:/Users/miria/VLSI/LABORATORIO/PRACTICA_1B/contador.vhd Line: 10
    Info (12023): Found entity 1: contador File: C:/Users/miria/VLSI/LABORATORIO/PRACTICA_1B/contador.vhd Line: 4
Info (12021): Found 2 design units, including 1 entities, in source file conta2display.vhd
    Info (12022): Found design unit 1: conta2display-a File: C:/Users/miria/VLSI/LABORATORIO/PRACTICA_1B/conta2display.vhd Line: 12
    Info (12023): Found entity 1: conta2display File: C:/Users/miria/VLSI/LABORATORIO/PRACTICA_1B/conta2display.vhd Line: 4
Info (12021): Found 2 design units, including 1 entities, in source file conta3display.vhd
    Info (12022): Found design unit 1: conta3display-b File: C:/Users/miria/VLSI/LABORATORIO/PRACTICA_1B/conta3display.vhd Line: 12
    Info (12023): Found entity 1: conta3display File: C:/Users/miria/VLSI/LABORATORIO/PRACTICA_1B/conta3display.vhd Line: 4
Info (12127): Elaborating entity "conta3display" for the top level hierarchy
Info (12129): Elaborating entity "conta2display" using architecture "A:a" for hierarchy "conta2display:u4" File: C:/Users/miria/VLSI/LABORATORIO/PRACTICA_1B/conta3display.vhd Line: 17
Warning (10541): VHDL Signal Declaration warning at conta2display.vhd(9): used implicit default value for signal "banderaSalX" because signal was never assigned a value or an explicit default value. Use of implicit default value may introduce unintended design optimizations. File: C:/Users/miria/VLSI/LABORATORIO/PRACTICA_1B/conta2display.vhd Line: 9
Info (12129): Elaborating entity "contador" using architecture "A:a" for hierarchy "conta2display:u4|contador:u4" File: C:/Users/miria/VLSI/LABORATORIO/PRACTICA_1B/conta2display.vhd Line: 17
Info (12129): Elaborating entity "divf" using architecture "A:a" for hierarchy "conta2display:u4|contador:u4|divf:u1" File: C:/Users/miria/VLSI/LABORATORIO/PRACTICA_1B/contador.vhd Line: 15
Info (12129): Elaborating entity "cont" using architecture "A:a" for hierarchy "conta2display:u4|contador:u4|cont:u2" File: C:/Users/miria/VLSI/LABORATORIO/PRACTICA_1B/contador.vhd Line: 16
Info (12129): Elaborating entity "ss7" using architecture "A:a" for hierarchy "conta2display:u4|contador:u4|ss7:u3" File: C:/Users/miria/VLSI/LABORATORIO/PRACTICA_1B/contador.vhd Line: 17
Info (286030): Timing-Driven Synthesis is running
Info (16010): Generating hard_block partition "hard_block:auto_generated_inst"
    Info (16011): Adding 0 node(s), including 0 DDIO, 0 PLL, 0 transceiver and 0 LCELL
Info (21057): Implemented 229 device resources after synthesis - the final resource count might be different
    Info (21058): Implemented 1 input pins
    Info (21059): Implemented 22 output pins
    Info (21061): Implemented 206 logic cells
Info: Quartus Prime Analysis & Synthesis was successful. 0 errors, 2 warnings
    Info: Peak virtual memory: 4790 megabytes
    Info: Processing ended: Wed Sep 14 00:52:22 2022
    Info: Elapsed time: 00:00:13
    Info: Total CPU time (on all processors): 00:00:27


