Analysis & Synthesis report for praccinco
Mon Nov 14 19:57:04 2022
Quartus Prime Version 18.1.1 Build 646 04/11/2019 SJ Lite Edition


---------------------
; Table of Contents ;
---------------------
  1. Legal Notice
  2. Analysis & Synthesis Summary
  3. Analysis & Synthesis Settings
  4. Parallel Compilation
  5. Analysis & Synthesis Source Files Read
  6. Analysis & Synthesis Resource Usage Summary
  7. Analysis & Synthesis Resource Utilization by Entity
  8. User-Specified and Inferred Latches
  9. General Register Statistics
 10. Multiplexer Restructuring Statistics (Restructuring Performed)
 11. Parameter Settings for User Entity Instance: divf:u1
 12. Parameter Settings for User Entity Instance: divf:u2
 13. Parameter Settings for User Entity Instance: movimiento:u3|cont:u1
 14. Parameter Settings for User Entity Instance: movimiento:u3|cont:u2
 15. Post-Synthesis Netlist Statistics for Top Partition
 16. Elapsed Time Per Partition
 17. Analysis & Synthesis Messages



----------------
; Legal Notice ;
----------------
Copyright (C) 2019  Intel Corporation. All rights reserved.
Your use of Intel Corporation's design tools, logic functions 
and other software and tools, and any partner logic 
functions, and any output files from any of the foregoing 
(including device programming or simulation files), and any 
associated documentation or information are expressly subject 
to the terms and conditions of the Intel Program License 
Subscription Agreement, the Intel Quartus Prime License Agreement,
the Intel FPGA IP License Agreement, or other applicable license
agreement, including, without limitation, that your use is for
the sole purpose of programming logic devices manufactured by
Intel and sold by Intel or its authorized distributors.  Please
refer to the applicable agreement for further details, at
https://fpgasoftware.intel.com/eula.



+----------------------------------------------------------------------------------+
; Analysis & Synthesis Summary                                                     ;
+------------------------------------+---------------------------------------------+
; Analysis & Synthesis Status        ; Successful - Mon Nov 14 19:57:04 2022       ;
; Quartus Prime Version              ; 18.1.1 Build 646 04/11/2019 SJ Lite Edition ;
; Revision Name                      ; praccinco                                   ;
; Top-level Entity Name              ; servomotor                                  ;
; Family                             ; MAX 10                                      ;
; Total logic elements               ; 337                                         ;
;     Total combinational functions  ; 337                                         ;
;     Dedicated logic registers      ; 110                                         ;
; Total registers                    ; 110                                         ;
; Total pins                         ; 7                                           ;
; Total virtual pins                 ; 0                                           ;
; Total memory bits                  ; 0                                           ;
; Embedded Multiplier 9-bit elements ; 0                                           ;
; Total PLLs                         ; 0                                           ;
; UFM blocks                         ; 0                                           ;
; ADC blocks                         ; 0                                           ;
+------------------------------------+---------------------------------------------+


+------------------------------------------------------------------------------------------------------------+
; Analysis & Synthesis Settings                                                                              ;
+------------------------------------------------------------------+--------------------+--------------------+
; Option                                                           ; Setting            ; Default Value      ;
+------------------------------------------------------------------+--------------------+--------------------+
; Device                                                           ; 10M50DAF484C7G     ;                    ;
; Top-level entity name                                            ; servomotor         ; praccinco          ;
; Family name                                                      ; MAX 10             ; Cyclone V          ;
; Use smart compilation                                            ; Off                ; Off                ;
; Enable parallel Assembler and Timing Analyzer during compilation ; On                 ; On                 ;
; Enable compact report table                                      ; Off                ; Off                ;
; Restructure Multiplexers                                         ; Auto               ; Auto               ;
; Create Debugging Nodes for IP Cores                              ; Off                ; Off                ;
; Preserve fewer node names                                        ; On                 ; On                 ;
; Intel FPGA IP Evaluation Mode                                    ; Enable             ; Enable             ;
; Verilog Version                                                  ; Verilog_2001       ; Verilog_2001       ;
; VHDL Version                                                     ; VHDL_1993          ; VHDL_1993          ;
; State Machine Processing                                         ; Auto               ; Auto               ;
; Safe State Machine                                               ; Off                ; Off                ;
; Extract Verilog State Machines                                   ; On                 ; On                 ;
; Extract VHDL State Machines                                      ; On                 ; On                 ;
; Ignore Verilog initial constructs                                ; Off                ; Off                ;
; Iteration limit for constant Verilog loops                       ; 5000               ; 5000               ;
; Iteration limit for non-constant Verilog loops                   ; 250                ; 250                ;
; Add Pass-Through Logic to Inferred RAMs                          ; On                 ; On                 ;
; Infer RAMs from Raw Logic                                        ; On                 ; On                 ;
; Parallel Synthesis                                               ; On                 ; On                 ;
; DSP Block Balancing                                              ; Auto               ; Auto               ;
; NOT Gate Push-Back                                               ; On                 ; On                 ;
; Power-Up Don't Care                                              ; On                 ; On                 ;
; Remove Redundant Logic Cells                                     ; Off                ; Off                ;
; Remove Duplicate Registers                                       ; On                 ; On                 ;
; Ignore CARRY Buffers                                             ; Off                ; Off                ;
; Ignore CASCADE Buffers                                           ; Off                ; Off                ;
; Ignore GLOBAL Buffers                                            ; Off                ; Off                ;
; Ignore ROW GLOBAL Buffers                                        ; Off                ; Off                ;
; Ignore LCELL Buffers                                             ; Off                ; Off                ;
; Ignore SOFT Buffers                                              ; On                 ; On                 ;
; Limit AHDL Integers to 32 Bits                                   ; Off                ; Off                ;
; Optimization Technique                                           ; Balanced           ; Balanced           ;
; Carry Chain Length                                               ; 70                 ; 70                 ;
; Auto Carry Chains                                                ; On                 ; On                 ;
; Auto Open-Drain Pins                                             ; On                 ; On                 ;
; Perform WYSIWYG Primitive Resynthesis                            ; Off                ; Off                ;
; Auto ROM Replacement                                             ; On                 ; On                 ;
; Auto RAM Replacement                                             ; On                 ; On                 ;
; Auto DSP Block Replacement                                       ; On                 ; On                 ;
; Auto Shift Register Replacement                                  ; Auto               ; Auto               ;
; Allow Shift Register Merging across Hierarchies                  ; Auto               ; Auto               ;
; Auto Clock Enable Replacement                                    ; On                 ; On                 ;
; Strict RAM Replacement                                           ; Off                ; Off                ;
; Allow Synchronous Control Signals                                ; On                 ; On                 ;
; Force Use of Synchronous Clear Signals                           ; Off                ; Off                ;
; Auto RAM Block Balancing                                         ; On                 ; On                 ;
; Auto RAM to Logic Cell Conversion                                ; Off                ; Off                ;
; Auto Resource Sharing                                            ; Off                ; Off                ;
; Allow Any RAM Size For Recognition                               ; Off                ; Off                ;
; Allow Any ROM Size For Recognition                               ; Off                ; Off                ;
; Allow Any Shift Register Size For Recognition                    ; Off                ; Off                ;
; Use LogicLock Constraints during Resource Balancing              ; On                 ; On                 ;
; Ignore translate_off and synthesis_off directives                ; Off                ; Off                ;
; Timing-Driven Synthesis                                          ; On                 ; On                 ;
; Report Parameter Settings                                        ; On                 ; On                 ;
; Report Source Assignments                                        ; On                 ; On                 ;
; Report Connectivity Checks                                       ; On                 ; On                 ;
; Ignore Maximum Fan-Out Assignments                               ; Off                ; Off                ;
; Synchronization Register Chain Length                            ; 2                  ; 2                  ;
; Power Optimization During Synthesis                              ; Normal compilation ; Normal compilation ;
; HDL message level                                                ; Level2             ; Level2             ;
; Suppress Register Optimization Related Messages                  ; Off                ; Off                ;
; Number of Removed Registers Reported in Synthesis Report         ; 5000               ; 5000               ;
; Number of Swept Nodes Reported in Synthesis Report               ; 5000               ; 5000               ;
; Number of Inverted Registers Reported in Synthesis Report        ; 100                ; 100                ;
; Clock MUX Protection                                             ; On                 ; On                 ;
; Auto Gated Clock Conversion                                      ; Off                ; Off                ;
; Block Design Naming                                              ; Auto               ; Auto               ;
; SDC constraint protection                                        ; Off                ; Off                ;
; Synthesis Effort                                                 ; Auto               ; Auto               ;
; Shift Register Replacement - Allow Asynchronous Clear Signal     ; On                 ; On                 ;
; Pre-Mapping Resynthesis Optimization                             ; Off                ; Off                ;
; Analysis & Synthesis Message Level                               ; Medium             ; Medium             ;
; Disable Register Merging Across Hierarchies                      ; Auto               ; Auto               ;
; Resource Aware Inference For Block RAM                           ; On                 ; On                 ;
+------------------------------------------------------------------+--------------------+--------------------+


+------------------------------------------+
; Parallel Compilation                     ;
+----------------------------+-------------+
; Processors                 ; Number      ;
+----------------------------+-------------+
; Number detected on machine ; 8           ;
; Maximum allowed            ; 4           ;
;                            ;             ;
; Average used               ; 1.00        ;
; Maximum used               ; 4           ;
;                            ;             ;
; Usage by Processor         ; % Time Used ;
;     Processor 1            ; 100.0%      ;
;     Processor 2            ;   0.1%      ;
;     Processors 3-4         ;   0.0%      ;
+----------------------------+-------------+


+------------------------------------------------------------------------------------------------------------------------------------------------------+
; Analysis & Synthesis Source Files Read                                                                                                               ;
+----------------------------------+-----------------+-----------------+---------------------------------------------------------------------+---------+
; File Name with User-Entered Path ; Used in Netlist ; File Type       ; File Name with Absolute Path                                        ; Library ;
+----------------------------------+-----------------+-----------------+---------------------------------------------------------------------+---------+
; servomotor.vhd                   ; yes             ; User VHDL File  ; C:/Users/miria/DISEÑO DIGITAL/LABORATORIO/PRACTICA_5/servomotor.vhd ;         ;
; cont.vhd                         ; yes             ; User VHDL File  ; C:/Users/miria/DISEÑO DIGITAL/LABORATORIO/PRACTICA_5/cont.vhd       ;         ;
; movimiento.vhd                   ; yes             ; User VHDL File  ; C:/Users/miria/DISEÑO DIGITAL/LABORATORIO/PRACTICA_5/movimiento.vhd ;         ;
; divf.vhd                         ; yes             ; User VHDL File  ; C:/Users/miria/DISEÑO DIGITAL/LABORATORIO/PRACTICA_5/divf.vhd       ;         ;
; senal.vhd                        ; yes             ; User VHDL File  ; C:/Users/miria/DISEÑO DIGITAL/LABORATORIO/PRACTICA_5/senal.vhd      ;         ;
+----------------------------------+-----------------+-----------------+---------------------------------------------------------------------+---------+


+------------------------------------------------------------+
; Analysis & Synthesis Resource Usage Summary                ;
+---------------------------------------------+--------------+
; Resource                                    ; Usage        ;
+---------------------------------------------+--------------+
; Estimated Total logic elements              ; 337          ;
;                                             ;              ;
; Total combinational functions               ; 337          ;
; Logic element usage by number of LUT inputs ;              ;
;     -- 4 input functions                    ; 167          ;
;     -- 3 input functions                    ; 48           ;
;     -- <=2 input functions                  ; 122          ;
;                                             ;              ;
; Logic elements by mode                      ;              ;
;     -- normal mode                          ; 226          ;
;     -- arithmetic mode                      ; 111          ;
;                                             ;              ;
; Total registers                             ; 110          ;
;     -- Dedicated logic registers            ; 110          ;
;     -- I/O registers                        ; 0            ;
;                                             ;              ;
; I/O pins                                    ; 7            ;
;                                             ;              ;
; Embedded Multiplier 9-bit elements          ; 0            ;
;                                             ;              ;
; Maximum fan-out node                        ; sel[4]~input ;
; Maximum fan-out                             ; 73           ;
; Total fan-out                               ; 1399         ;
; Average fan-out                             ; 3.03         ;
+---------------------------------------------+--------------+


+--------------------------------------------------------------------------------------------------------------------------------------------------------------------------------------------------------------------------------------------------+
; Analysis & Synthesis Resource Utilization by Entity                                                                                                                                                                                              ;
+----------------------------+---------------------+---------------------------+-------------+------------+--------------+---------+-----------+------+--------------+------------+-----------------------------------+-------------+--------------+
; Compilation Hierarchy Node ; Combinational ALUTs ; Dedicated Logic Registers ; Memory Bits ; UFM Blocks ; DSP Elements ; DSP 9x9 ; DSP 18x18 ; Pins ; Virtual Pins ; ADC blocks ; Full Hierarchy Name               ; Entity Name ; Library Name ;
+----------------------------+---------------------+---------------------------+-------------+------------+--------------+---------+-----------+------+--------------+------------+-----------------------------------+-------------+--------------+
; |servomotor                ; 337 (1)             ; 110 (0)                   ; 0           ; 0          ; 0            ; 0       ; 0         ; 7    ; 0            ; 0          ; |servomotor                       ; servomotor  ; work         ;
;    |divf:u1|               ; 19 (19)             ; 10 (10)                   ; 0           ; 0          ; 0            ; 0       ; 0         ; 0    ; 0            ; 0          ; |servomotor|divf:u1               ; divf        ; work         ;
;    |divf:u2|               ; 45 (45)             ; 25 (25)                   ; 0           ; 0          ; 0            ; 0       ; 0         ; 0    ; 0            ; 0          ; |servomotor|divf:u2               ; divf        ; work         ;
;    |movimiento:u3|         ; 234 (148)           ; 64 (0)                    ; 0           ; 0          ; 0            ; 0       ; 0         ; 0    ; 0            ; 0          ; |servomotor|movimiento:u3         ; movimiento  ; work         ;
;       |cont:u1|            ; 43 (43)             ; 32 (32)                   ; 0           ; 0          ; 0            ; 0       ; 0         ; 0    ; 0            ; 0          ; |servomotor|movimiento:u3|cont:u1 ; cont        ; work         ;
;       |cont:u2|            ; 43 (43)             ; 32 (32)                   ; 0           ; 0          ; 0            ; 0       ; 0         ; 0    ; 0            ; 0          ; |servomotor|movimiento:u3|cont:u2 ; cont        ; work         ;
;    |senal:u4|              ; 38 (38)             ; 11 (11)                   ; 0           ; 0          ; 0            ; 0       ; 0         ; 0    ; 0            ; 0          ; |servomotor|senal:u4              ; senal       ; work         ;
+----------------------------+---------------------+---------------------------+-------------+------------+--------------+---------+-----------+------+--------------+------------+-----------------------------------+-------------+--------------+
Note: For table entries with two numbers listed, the numbers in parentheses indicate the number of resources of the given type used by the specific entity alone. The numbers listed outside of parentheses indicate the total resources of the given type used by the specific entity and all of its sub-entities in the hierarchy.


+----------------------------------------------------------------------------------------------------+
; User-Specified and Inferred Latches                                                                ;
+-----------------------------------------------------+---------------------+------------------------+
; Latch Name                                          ; Latch Enable Signal ; Free of Timing Hazards ;
+-----------------------------------------------------+---------------------+------------------------+
; movimiento:u3|valor[10]                             ; movimiento:u3|Mux34 ; yes                    ;
; movimiento:u3|valor[11]                             ; movimiento:u3|Mux34 ; yes                    ;
; movimiento:u3|valor[12]                             ; movimiento:u3|Mux34 ; yes                    ;
; movimiento:u3|valor[13]                             ; movimiento:u3|Mux34 ; yes                    ;
; movimiento:u3|valor[14]                             ; movimiento:u3|Mux34 ; yes                    ;
; movimiento:u3|valor[15]                             ; movimiento:u3|Mux34 ; yes                    ;
; movimiento:u3|valor[16]                             ; movimiento:u3|Mux34 ; yes                    ;
; movimiento:u3|valor[17]                             ; movimiento:u3|Mux34 ; yes                    ;
; movimiento:u3|valor[18]                             ; movimiento:u3|Mux34 ; yes                    ;
; movimiento:u3|valor[19]                             ; movimiento:u3|Mux34 ; yes                    ;
; movimiento:u3|valor[20]                             ; movimiento:u3|Mux34 ; yes                    ;
; movimiento:u3|valor[21]                             ; movimiento:u3|Mux34 ; yes                    ;
; movimiento:u3|valor[22]                             ; movimiento:u3|Mux34 ; yes                    ;
; movimiento:u3|valor[23]                             ; movimiento:u3|Mux34 ; yes                    ;
; movimiento:u3|valor[24]                             ; movimiento:u3|Mux34 ; yes                    ;
; movimiento:u3|valor[25]                             ; movimiento:u3|Mux34 ; yes                    ;
; movimiento:u3|valor[26]                             ; movimiento:u3|Mux34 ; yes                    ;
; movimiento:u3|valor[27]                             ; movimiento:u3|Mux34 ; yes                    ;
; movimiento:u3|valor[28]                             ; movimiento:u3|Mux34 ; yes                    ;
; movimiento:u3|valor[29]                             ; movimiento:u3|Mux34 ; yes                    ;
; movimiento:u3|valor[30]                             ; movimiento:u3|Mux34 ; yes                    ;
; movimiento:u3|valor[9]                              ; movimiento:u3|Mux34 ; yes                    ;
; movimiento:u3|valor[8]                              ; movimiento:u3|Mux34 ; yes                    ;
; movimiento:u3|valor[7]                              ; movimiento:u3|Mux34 ; yes                    ;
; movimiento:u3|valor[6]                              ; movimiento:u3|Mux34 ; yes                    ;
; movimiento:u3|valor[5]                              ; movimiento:u3|Mux34 ; yes                    ;
; movimiento:u3|valor[4]                              ; movimiento:u3|Mux34 ; yes                    ;
; movimiento:u3|valor[3]                              ; movimiento:u3|Mux34 ; yes                    ;
; movimiento:u3|valor[2]                              ; movimiento:u3|Mux34 ; yes                    ;
; movimiento:u3|valor[1]                              ; movimiento:u3|Mux34 ; yes                    ;
; movimiento:u3|valor[0]                              ; movimiento:u3|Mux34 ; yes                    ;
; movimiento:u3|valor[31]                             ; movimiento:u3|Mux34 ; yes                    ;
; Number of user-specified and inferred latches = 32  ;                     ;                        ;
+-----------------------------------------------------+---------------------+------------------------+
Note: All latches listed above may not be present at the end of synthesis due to various synthesis optimizations.


+------------------------------------------------------+
; General Register Statistics                          ;
+----------------------------------------------+-------+
; Statistic                                    ; Value ;
+----------------------------------------------+-------+
; Total registers                              ; 110   ;
; Number of registers using Synchronous Clear  ; 0     ;
; Number of registers using Synchronous Load   ; 64    ;
; Number of registers using Asynchronous Clear ; 0     ;
; Number of registers using Asynchronous Load  ; 0     ;
; Number of registers using Clock Enable       ; 0     ;
; Number of registers using Preset             ; 0     ;
+----------------------------------------------+-------+


+------------------------------------------------------------------------------------------------------------------------------------------------------------+
; Multiplexer Restructuring Statistics (Restructuring Performed)                                                                                             ;
+--------------------+-----------+---------------+----------------------+------------------------+------------+----------------------------------------------+
; Multiplexer Inputs ; Bus Width ; Baseline Area ; Area if Restructured ; Saving if Restructured ; Registered ; Example Multiplexer Output                   ;
+--------------------+-----------+---------------+----------------------+------------------------+------------+----------------------------------------------+
; 3:1                ; 32 bits   ; 64 LEs        ; 32 LEs               ; 32 LEs                 ; Yes        ; |servomotor|movimiento:u3|cont:u1|conteo[9]  ;
; 3:1                ; 32 bits   ; 64 LEs        ; 32 LEs               ; 32 LEs                 ; Yes        ; |servomotor|movimiento:u3|cont:u2|conteo[21] ;
; 5:1                ; 32 bits   ; 96 LEs        ; 64 LEs               ; 32 LEs                 ; No         ; |servomotor|movimiento:u3|Mux46              ;
; 32:1               ; 32 bits   ; 672 LEs       ; 128 LEs              ; 544 LEs                ; No         ; |servomotor|movimiento:u3|Mux1               ;
+--------------------+-----------+---------------+----------------------+------------------------+------------+----------------------------------------------+


+------------------------------------------------------+
; Parameter Settings for User Entity Instance: divf:u1 ;
+----------------+-------+-----------------------------+
; Parameter Name ; Value ; Type                        ;
+----------------+-------+-----------------------------+
; num            ; 500   ; Signed Integer              ;
+----------------+-------+-----------------------------+
Note: In order to hide this table in the UI and the text report file, please set the "Show Parameter Settings in Synthesis Report" option in "Analysis and Synthesis Settings -> More Settings" to "Off".


+------------------------------------------------------+
; Parameter Settings for User Entity Instance: divf:u2 ;
+----------------+----------+--------------------------+
; Parameter Name ; Value    ; Type                     ;
+----------------+----------+--------------------------+
; num            ; 12500000 ; Signed Integer           ;
+----------------+----------+--------------------------+
Note: In order to hide this table in the UI and the text report file, please set the "Show Parameter Settings in Synthesis Report" option in "Analysis and Synthesis Settings -> More Settings" to "Off".


+--------------------------------------------------------------------+
; Parameter Settings for User Entity Instance: movimiento:u3|cont:u1 ;
+----------------+-------+-------------------------------------------+
; Parameter Name ; Value ; Type                                      ;
+----------------+-------+-------------------------------------------+
; i              ; 50    ; Signed Integer                            ;
; f              ; 100   ; Signed Integer                            ;
+----------------+-------+-------------------------------------------+
Note: In order to hide this table in the UI and the text report file, please set the "Show Parameter Settings in Synthesis Report" option in "Analysis and Synthesis Settings -> More Settings" to "Off".


+--------------------------------------------------------------------+
; Parameter Settings for User Entity Instance: movimiento:u3|cont:u2 ;
+----------------+-------+-------------------------------------------+
; Parameter Name ; Value ; Type                                      ;
+----------------+-------+-------------------------------------------+
; i              ; 100   ; Signed Integer                            ;
; f              ; 50    ; Signed Integer                            ;
+----------------+-------+-------------------------------------------+
Note: In order to hide this table in the UI and the text report file, please set the "Show Parameter Settings in Synthesis Report" option in "Analysis and Synthesis Settings -> More Settings" to "Off".


+-----------------------------------------------------+
; Post-Synthesis Netlist Statistics for Top Partition ;
+-----------------------+-----------------------------+
; Type                  ; Count                       ;
+-----------------------+-----------------------------+
; boundary_port         ; 7                           ;
; cycloneiii_ff         ; 110                         ;
;     SLD               ; 64                          ;
;     plain             ; 46                          ;
; cycloneiii_lcell_comb ; 337                         ;
;     arith             ; 111                         ;
;         2 data inputs ; 102                         ;
;         3 data inputs ; 9                           ;
;     normal            ; 226                         ;
;         0 data inputs ; 1                           ;
;         1 data inputs ; 5                           ;
;         2 data inputs ; 14                          ;
;         3 data inputs ; 39                          ;
;         4 data inputs ; 167                         ;
;                       ;                             ;
; Max LUT depth         ; 6.70                        ;
; Average LUT depth     ; 3.05                        ;
+-----------------------+-----------------------------+


+-------------------------------+
; Elapsed Time Per Partition    ;
+----------------+--------------+
; Partition Name ; Elapsed Time ;
+----------------+--------------+
; Top            ; 00:00:01     ;
+----------------+--------------+


+-------------------------------+
; Analysis & Synthesis Messages ;
+-------------------------------+
Info: *******************************************************************
Info: Running Quartus Prime Analysis & Synthesis
    Info: Version 18.1.1 Build 646 04/11/2019 SJ Lite Edition
    Info: Processing started: Mon Nov 14 19:56:47 2022
Info: Command: quartus_map --read_settings_files=on --write_settings_files=off praccinco -c praccinco
Warning (18236): Number of processors has not been specified which may cause overloading on shared machines.  Set the global assignment NUM_PARALLEL_PROCESSORS in your QSF to an appropriate value for best performance.
Info (20030): Parallel compilation is enabled and will use 4 of the 4 processors detected
Info (12021): Found 2 design units, including 1 entities, in source file servomotor.vhd
    Info (12022): Found design unit 1: servomotor-arqser File: C:/Users/miria/DISEÑO DIGITAL/LABORATORIO/PRACTICA_5/servomotor.vhd Line: 12
    Info (12023): Found entity 1: servomotor File: C:/Users/miria/DISEÑO DIGITAL/LABORATORIO/PRACTICA_5/servomotor.vhd Line: 6
Info (12021): Found 2 design units, including 1 entities, in source file cont.vhd
    Info (12022): Found design unit 1: cont-arqcont File: C:/Users/miria/DISEÑO DIGITAL/LABORATORIO/PRACTICA_5/cont.vhd Line: 13
    Info (12023): Found entity 1: cont File: C:/Users/miria/DISEÑO DIGITAL/LABORATORIO/PRACTICA_5/cont.vhd Line: 4
Info (12021): Found 2 design units, including 1 entities, in source file movimiento.vhd
    Info (12022): Found design unit 1: movimiento-arqmov File: C:/Users/miria/DISEÑO DIGITAL/LABORATORIO/PRACTICA_5/movimiento.vhd Line: 10
    Info (12023): Found entity 1: movimiento File: C:/Users/miria/DISEÑO DIGITAL/LABORATORIO/PRACTICA_5/movimiento.vhd Line: 4
Info (12021): Found 2 design units, including 1 entities, in source file divf.vhd
    Info (12022): Found design unit 1: divf-arqdivf File: C:/Users/miria/DISEÑO DIGITAL/LABORATORIO/PRACTICA_5/divf.vhd Line: 10
    Info (12023): Found entity 1: divf File: C:/Users/miria/DISEÑO DIGITAL/LABORATORIO/PRACTICA_5/divf.vhd Line: 4
Info (12021): Found 2 design units, including 1 entities, in source file senal.vhd
    Info (12022): Found design unit 1: senal-arqs File: C:/Users/miria/DISEÑO DIGITAL/LABORATORIO/PRACTICA_5/senal.vhd Line: 10
    Info (12023): Found entity 1: senal File: C:/Users/miria/DISEÑO DIGITAL/LABORATORIO/PRACTICA_5/senal.vhd Line: 4
Info (12127): Elaborating entity "servomotor" for the top level hierarchy
Info (12129): Elaborating entity "divf" using architecture "A:arqdivf" for hierarchy "divf:u1" File: C:/Users/miria/DISEÑO DIGITAL/LABORATORIO/PRACTICA_5/servomotor.vhd Line: 16
Info (12129): Elaborating entity "divf" using architecture "A:arqdivf" for hierarchy "divf:u2" File: C:/Users/miria/DISEÑO DIGITAL/LABORATORIO/PRACTICA_5/servomotor.vhd Line: 17
Info (12129): Elaborating entity "movimiento" using architecture "A:arqmov" for hierarchy "movimiento:u3" File: C:/Users/miria/DISEÑO DIGITAL/LABORATORIO/PRACTICA_5/servomotor.vhd Line: 18
Warning (10492): VHDL Process Statement warning at movimiento.vhd(35): signal "ancho1" is read inside the Process Statement but isn't in the Process Statement's sensitivity list File: C:/Users/miria/DISEÑO DIGITAL/LABORATORIO/PRACTICA_5/movimiento.vhd Line: 35
Warning (10492): VHDL Process Statement warning at movimiento.vhd(36): signal "ancho" is read inside the Process Statement but isn't in the Process Statement's sensitivity list File: C:/Users/miria/DISEÑO DIGITAL/LABORATORIO/PRACTICA_5/movimiento.vhd Line: 36
Warning (10492): VHDL Process Statement warning at movimiento.vhd(40): signal "ancho2" is read inside the Process Statement but isn't in the Process Statement's sensitivity list File: C:/Users/miria/DISEÑO DIGITAL/LABORATORIO/PRACTICA_5/movimiento.vhd Line: 40
Warning (10492): VHDL Process Statement warning at movimiento.vhd(41): signal "ancho" is read inside the Process Statement but isn't in the Process Statement's sensitivity list File: C:/Users/miria/DISEÑO DIGITAL/LABORATORIO/PRACTICA_5/movimiento.vhd Line: 41
Warning (10492): VHDL Process Statement warning at movimiento.vhd(50): signal "valor" is read inside the Process Statement but isn't in the Process Statement's sensitivity list File: C:/Users/miria/DISEÑO DIGITAL/LABORATORIO/PRACTICA_5/movimiento.vhd Line: 50
Warning (10631): VHDL Process Statement warning at movimiento.vhd(19): inferring latch(es) for signal or variable "valor", which holds its previous value in one or more paths through the process File: C:/Users/miria/DISEÑO DIGITAL/LABORATORIO/PRACTICA_5/movimiento.vhd Line: 19
Info (10041): Inferred latch for "valor[0]" at movimiento.vhd(19) File: C:/Users/miria/DISEÑO DIGITAL/LABORATORIO/PRACTICA_5/movimiento.vhd Line: 19
Info (10041): Inferred latch for "valor[1]" at movimiento.vhd(19) File: C:/Users/miria/DISEÑO DIGITAL/LABORATORIO/PRACTICA_5/movimiento.vhd Line: 19
Info (10041): Inferred latch for "valor[2]" at movimiento.vhd(19) File: C:/Users/miria/DISEÑO DIGITAL/LABORATORIO/PRACTICA_5/movimiento.vhd Line: 19
Info (10041): Inferred latch for "valor[3]" at movimiento.vhd(19) File: C:/Users/miria/DISEÑO DIGITAL/LABORATORIO/PRACTICA_5/movimiento.vhd Line: 19
Info (10041): Inferred latch for "valor[4]" at movimiento.vhd(19) File: C:/Users/miria/DISEÑO DIGITAL/LABORATORIO/PRACTICA_5/movimiento.vhd Line: 19
Info (10041): Inferred latch for "valor[5]" at movimiento.vhd(19) File: C:/Users/miria/DISEÑO DIGITAL/LABORATORIO/PRACTICA_5/movimiento.vhd Line: 19
Info (10041): Inferred latch for "valor[6]" at movimiento.vhd(19) File: C:/Users/miria/DISEÑO DIGITAL/LABORATORIO/PRACTICA_5/movimiento.vhd Line: 19
Info (10041): Inferred latch for "valor[7]" at movimiento.vhd(19) File: C:/Users/miria/DISEÑO DIGITAL/LABORATORIO/PRACTICA_5/movimiento.vhd Line: 19
Info (10041): Inferred latch for "valor[8]" at movimiento.vhd(19) File: C:/Users/miria/DISEÑO DIGITAL/LABORATORIO/PRACTICA_5/movimiento.vhd Line: 19
Info (10041): Inferred latch for "valor[9]" at movimiento.vhd(19) File: C:/Users/miria/DISEÑO DIGITAL/LABORATORIO/PRACTICA_5/movimiento.vhd Line: 19
Info (10041): Inferred latch for "valor[10]" at movimiento.vhd(19) File: C:/Users/miria/DISEÑO DIGITAL/LABORATORIO/PRACTICA_5/movimiento.vhd Line: 19
Info (10041): Inferred latch for "valor[11]" at movimiento.vhd(19) File: C:/Users/miria/DISEÑO DIGITAL/LABORATORIO/PRACTICA_5/movimiento.vhd Line: 19
Info (10041): Inferred latch for "valor[12]" at movimiento.vhd(19) File: C:/Users/miria/DISEÑO DIGITAL/LABORATORIO/PRACTICA_5/movimiento.vhd Line: 19
Info (10041): Inferred latch for "valor[13]" at movimiento.vhd(19) File: C:/Users/miria/DISEÑO DIGITAL/LABORATORIO/PRACTICA_5/movimiento.vhd Line: 19
Info (10041): Inferred latch for "valor[14]" at movimiento.vhd(19) File: C:/Users/miria/DISEÑO DIGITAL/LABORATORIO/PRACTICA_5/movimiento.vhd Line: 19
Info (10041): Inferred latch for "valor[15]" at movimiento.vhd(19) File: C:/Users/miria/DISEÑO DIGITAL/LABORATORIO/PRACTICA_5/movimiento.vhd Line: 19
Info (10041): Inferred latch for "valor[16]" at movimiento.vhd(19) File: C:/Users/miria/DISEÑO DIGITAL/LABORATORIO/PRACTICA_5/movimiento.vhd Line: 19
Info (10041): Inferred latch for "valor[17]" at movimiento.vhd(19) File: C:/Users/miria/DISEÑO DIGITAL/LABORATORIO/PRACTICA_5/movimiento.vhd Line: 19
Info (10041): Inferred latch for "valor[18]" at movimiento.vhd(19) File: C:/Users/miria/DISEÑO DIGITAL/LABORATORIO/PRACTICA_5/movimiento.vhd Line: 19
Info (10041): Inferred latch for "valor[19]" at movimiento.vhd(19) File: C:/Users/miria/DISEÑO DIGITAL/LABORATORIO/PRACTICA_5/movimiento.vhd Line: 19
Info (10041): Inferred latch for "valor[20]" at movimiento.vhd(19) File: C:/Users/miria/DISEÑO DIGITAL/LABORATORIO/PRACTICA_5/movimiento.vhd Line: 19
Info (10041): Inferred latch for "valor[21]" at movimiento.vhd(19) File: C:/Users/miria/DISEÑO DIGITAL/LABORATORIO/PRACTICA_5/movimiento.vhd Line: 19
Info (10041): Inferred latch for "valor[22]" at movimiento.vhd(19) File: C:/Users/miria/DISEÑO DIGITAL/LABORATORIO/PRACTICA_5/movimiento.vhd Line: 19
Info (10041): Inferred latch for "valor[23]" at movimiento.vhd(19) File: C:/Users/miria/DISEÑO DIGITAL/LABORATORIO/PRACTICA_5/movimiento.vhd Line: 19
Info (10041): Inferred latch for "valor[24]" at movimiento.vhd(19) File: C:/Users/miria/DISEÑO DIGITAL/LABORATORIO/PRACTICA_5/movimiento.vhd Line: 19
Info (10041): Inferred latch for "valor[25]" at movimiento.vhd(19) File: C:/Users/miria/DISEÑO DIGITAL/LABORATORIO/PRACTICA_5/movimiento.vhd Line: 19
Info (10041): Inferred latch for "valor[26]" at movimiento.vhd(19) File: C:/Users/miria/DISEÑO DIGITAL/LABORATORIO/PRACTICA_5/movimiento.vhd Line: 19
Info (10041): Inferred latch for "valor[27]" at movimiento.vhd(19) File: C:/Users/miria/DISEÑO DIGITAL/LABORATORIO/PRACTICA_5/movimiento.vhd Line: 19
Info (10041): Inferred latch for "valor[28]" at movimiento.vhd(19) File: C:/Users/miria/DISEÑO DIGITAL/LABORATORIO/PRACTICA_5/movimiento.vhd Line: 19
Info (10041): Inferred latch for "valor[29]" at movimiento.vhd(19) File: C:/Users/miria/DISEÑO DIGITAL/LABORATORIO/PRACTICA_5/movimiento.vhd Line: 19
Info (10041): Inferred latch for "valor[30]" at movimiento.vhd(19) File: C:/Users/miria/DISEÑO DIGITAL/LABORATORIO/PRACTICA_5/movimiento.vhd Line: 19
Info (10041): Inferred latch for "valor[31]" at movimiento.vhd(19) File: C:/Users/miria/DISEÑO DIGITAL/LABORATORIO/PRACTICA_5/movimiento.vhd Line: 19
Info (12129): Elaborating entity "cont" using architecture "A:arqcont" for hierarchy "movimiento:u3|cont:u1" File: C:/Users/miria/DISEÑO DIGITAL/LABORATORIO/PRACTICA_5/movimiento.vhd Line: 16
Info (12129): Elaborating entity "cont" using architecture "A:arqcont" for hierarchy "movimiento:u3|cont:u2" File: C:/Users/miria/DISEÑO DIGITAL/LABORATORIO/PRACTICA_5/movimiento.vhd Line: 17
Info (12129): Elaborating entity "senal" using architecture "A:arqs" for hierarchy "senal:u4" File: C:/Users/miria/DISEÑO DIGITAL/LABORATORIO/PRACTICA_5/servomotor.vhd Line: 19
Warning (13012): Latch movimiento:u3|valor[10] has unsafe behavior File: C:/Users/miria/DISEÑO DIGITAL/LABORATORIO/PRACTICA_5/movimiento.vhd Line: 19
    Warning (13013): Ports D and ENA on the latch are fed by the same signal sel[0] File: C:/Users/miria/DISEÑO DIGITAL/LABORATORIO/PRACTICA_5/servomotor.vhd Line: 8
Warning (13012): Latch movimiento:u3|valor[11] has unsafe behavior File: C:/Users/miria/DISEÑO DIGITAL/LABORATORIO/PRACTICA_5/movimiento.vhd Line: 19
    Warning (13013): Ports D and ENA on the latch are fed by the same signal sel[0] File: C:/Users/miria/DISEÑO DIGITAL/LABORATORIO/PRACTICA_5/servomotor.vhd Line: 8
Warning (13012): Latch movimiento:u3|valor[12] has unsafe behavior File: C:/Users/miria/DISEÑO DIGITAL/LABORATORIO/PRACTICA_5/movimiento.vhd Line: 19
    Warning (13013): Ports D and ENA on the latch are fed by the same signal sel[0] File: C:/Users/miria/DISEÑO DIGITAL/LABORATORIO/PRACTICA_5/servomotor.vhd Line: 8
Warning (13012): Latch movimiento:u3|valor[13] has unsafe behavior File: C:/Users/miria/DISEÑO DIGITAL/LABORATORIO/PRACTICA_5/movimiento.vhd Line: 19
    Warning (13013): Ports D and ENA on the latch are fed by the same signal sel[0] File: C:/Users/miria/DISEÑO DIGITAL/LABORATORIO/PRACTICA_5/servomotor.vhd Line: 8
Warning (13012): Latch movimiento:u3|valor[14] has unsafe behavior File: C:/Users/miria/DISEÑO DIGITAL/LABORATORIO/PRACTICA_5/movimiento.vhd Line: 19
    Warning (13013): Ports D and ENA on the latch are fed by the same signal sel[0] File: C:/Users/miria/DISEÑO DIGITAL/LABORATORIO/PRACTICA_5/servomotor.vhd Line: 8
Warning (13012): Latch movimiento:u3|valor[15] has unsafe behavior File: C:/Users/miria/DISEÑO DIGITAL/LABORATORIO/PRACTICA_5/movimiento.vhd Line: 19
    Warning (13013): Ports D and ENA on the latch are fed by the same signal sel[0] File: C:/Users/miria/DISEÑO DIGITAL/LABORATORIO/PRACTICA_5/servomotor.vhd Line: 8
Warning (13012): Latch movimiento:u3|valor[16] has unsafe behavior File: C:/Users/miria/DISEÑO DIGITAL/LABORATORIO/PRACTICA_5/movimiento.vhd Line: 19
    Warning (13013): Ports D and ENA on the latch are fed by the same signal sel[0] File: C:/Users/miria/DISEÑO DIGITAL/LABORATORIO/PRACTICA_5/servomotor.vhd Line: 8
Warning (13012): Latch movimiento:u3|valor[17] has unsafe behavior File: C:/Users/miria/DISEÑO DIGITAL/LABORATORIO/PRACTICA_5/movimiento.vhd Line: 19
    Warning (13013): Ports D and ENA on the latch are fed by the same signal sel[0] File: C:/Users/miria/DISEÑO DIGITAL/LABORATORIO/PRACTICA_5/servomotor.vhd Line: 8
Warning (13012): Latch movimiento:u3|valor[18] has unsafe behavior File: C:/Users/miria/DISEÑO DIGITAL/LABORATORIO/PRACTICA_5/movimiento.vhd Line: 19
    Warning (13013): Ports D and ENA on the latch are fed by the same signal sel[0] File: C:/Users/miria/DISEÑO DIGITAL/LABORATORIO/PRACTICA_5/servomotor.vhd Line: 8
Warning (13012): Latch movimiento:u3|valor[19] has unsafe behavior File: C:/Users/miria/DISEÑO DIGITAL/LABORATORIO/PRACTICA_5/movimiento.vhd Line: 19
    Warning (13013): Ports D and ENA on the latch are fed by the same signal sel[0] File: C:/Users/miria/DISEÑO DIGITAL/LABORATORIO/PRACTICA_5/servomotor.vhd Line: 8
Warning (13012): Latch movimiento:u3|valor[20] has unsafe behavior File: C:/Users/miria/DISEÑO DIGITAL/LABORATORIO/PRACTICA_5/movimiento.vhd Line: 19
    Warning (13013): Ports D and ENA on the latch are fed by the same signal sel[0] File: C:/Users/miria/DISEÑO DIGITAL/LABORATORIO/PRACTICA_5/servomotor.vhd Line: 8
Warning (13012): Latch movimiento:u3|valor[21] has unsafe behavior File: C:/Users/miria/DISEÑO DIGITAL/LABORATORIO/PRACTICA_5/movimiento.vhd Line: 19
    Warning (13013): Ports D and ENA on the latch are fed by the same signal sel[0] File: C:/Users/miria/DISEÑO DIGITAL/LABORATORIO/PRACTICA_5/servomotor.vhd Line: 8
Warning (13012): Latch movimiento:u3|valor[22] has unsafe behavior File: C:/Users/miria/DISEÑO DIGITAL/LABORATORIO/PRACTICA_5/movimiento.vhd Line: 19
    Warning (13013): Ports D and ENA on the latch are fed by the same signal sel[0] File: C:/Users/miria/DISEÑO DIGITAL/LABORATORIO/PRACTICA_5/servomotor.vhd Line: 8
Warning (13012): Latch movimiento:u3|valor[23] has unsafe behavior File: C:/Users/miria/DISEÑO DIGITAL/LABORATORIO/PRACTICA_5/movimiento.vhd Line: 19
    Warning (13013): Ports D and ENA on the latch are fed by the same signal sel[0] File: C:/Users/miria/DISEÑO DIGITAL/LABORATORIO/PRACTICA_5/servomotor.vhd Line: 8
Warning (13012): Latch movimiento:u3|valor[24] has unsafe behavior File: C:/Users/miria/DISEÑO DIGITAL/LABORATORIO/PRACTICA_5/movimiento.vhd Line: 19
    Warning (13013): Ports D and ENA on the latch are fed by the same signal sel[0] File: C:/Users/miria/DISEÑO DIGITAL/LABORATORIO/PRACTICA_5/servomotor.vhd Line: 8
Warning (13012): Latch movimiento:u3|valor[25] has unsafe behavior File: C:/Users/miria/DISEÑO DIGITAL/LABORATORIO/PRACTICA_5/movimiento.vhd Line: 19
    Warning (13013): Ports D and ENA on the latch are fed by the same signal sel[0] File: C:/Users/miria/DISEÑO DIGITAL/LABORATORIO/PRACTICA_5/servomotor.vhd Line: 8
Warning (13012): Latch movimiento:u3|valor[26] has unsafe behavior File: C:/Users/miria/DISEÑO DIGITAL/LABORATORIO/PRACTICA_5/movimiento.vhd Line: 19
    Warning (13013): Ports D and ENA on the latch are fed by the same signal sel[0] File: C:/Users/miria/DISEÑO DIGITAL/LABORATORIO/PRACTICA_5/servomotor.vhd Line: 8
Warning (13012): Latch movimiento:u3|valor[27] has unsafe behavior File: C:/Users/miria/DISEÑO DIGITAL/LABORATORIO/PRACTICA_5/movimiento.vhd Line: 19
    Warning (13013): Ports D and ENA on the latch are fed by the same signal sel[0] File: C:/Users/miria/DISEÑO DIGITAL/LABORATORIO/PRACTICA_5/servomotor.vhd Line: 8
Warning (13012): Latch movimiento:u3|valor[28] has unsafe behavior File: C:/Users/miria/DISEÑO DIGITAL/LABORATORIO/PRACTICA_5/movimiento.vhd Line: 19
    Warning (13013): Ports D and ENA on the latch are fed by the same signal sel[0] File: C:/Users/miria/DISEÑO DIGITAL/LABORATORIO/PRACTICA_5/servomotor.vhd Line: 8
Warning (13012): Latch movimiento:u3|valor[29] has unsafe behavior File: C:/Users/miria/DISEÑO DIGITAL/LABORATORIO/PRACTICA_5/movimiento.vhd Line: 19
    Warning (13013): Ports D and ENA on the latch are fed by the same signal sel[0] File: C:/Users/miria/DISEÑO DIGITAL/LABORATORIO/PRACTICA_5/servomotor.vhd Line: 8
Warning (13012): Latch movimiento:u3|valor[30] has unsafe behavior File: C:/Users/miria/DISEÑO DIGITAL/LABORATORIO/PRACTICA_5/movimiento.vhd Line: 19
    Warning (13013): Ports D and ENA on the latch are fed by the same signal sel[0] File: C:/Users/miria/DISEÑO DIGITAL/LABORATORIO/PRACTICA_5/servomotor.vhd Line: 8
Warning (13012): Latch movimiento:u3|valor[9] has unsafe behavior File: C:/Users/miria/DISEÑO DIGITAL/LABORATORIO/PRACTICA_5/movimiento.vhd Line: 19
    Warning (13013): Ports D and ENA on the latch are fed by the same signal sel[0] File: C:/Users/miria/DISEÑO DIGITAL/LABORATORIO/PRACTICA_5/servomotor.vhd Line: 8
Warning (13012): Latch movimiento:u3|valor[8] has unsafe behavior File: C:/Users/miria/DISEÑO DIGITAL/LABORATORIO/PRACTICA_5/movimiento.vhd Line: 19
    Warning (13013): Ports D and ENA on the latch are fed by the same signal sel[0] File: C:/Users/miria/DISEÑO DIGITAL/LABORATORIO/PRACTICA_5/servomotor.vhd Line: 8
Warning (13012): Latch movimiento:u3|valor[7] has unsafe behavior File: C:/Users/miria/DISEÑO DIGITAL/LABORATORIO/PRACTICA_5/movimiento.vhd Line: 19
    Warning (13013): Ports D and ENA on the latch are fed by the same signal sel[0] File: C:/Users/miria/DISEÑO DIGITAL/LABORATORIO/PRACTICA_5/servomotor.vhd Line: 8
Warning (13012): Latch movimiento:u3|valor[6] has unsafe behavior File: C:/Users/miria/DISEÑO DIGITAL/LABORATORIO/PRACTICA_5/movimiento.vhd Line: 19
    Warning (13013): Ports D and ENA on the latch are fed by the same signal sel[1] File: C:/Users/miria/DISEÑO DIGITAL/LABORATORIO/PRACTICA_5/servomotor.vhd Line: 8
Warning (13012): Latch movimiento:u3|valor[5] has unsafe behavior File: C:/Users/miria/DISEÑO DIGITAL/LABORATORIO/PRACTICA_5/movimiento.vhd Line: 19
    Warning (13013): Ports D and ENA on the latch are fed by the same signal sel[4] File: C:/Users/miria/DISEÑO DIGITAL/LABORATORIO/PRACTICA_5/servomotor.vhd Line: 8
Warning (13012): Latch movimiento:u3|valor[4] has unsafe behavior File: C:/Users/miria/DISEÑO DIGITAL/LABORATORIO/PRACTICA_5/movimiento.vhd Line: 19
    Warning (13013): Ports D and ENA on the latch are fed by the same signal sel[1] File: C:/Users/miria/DISEÑO DIGITAL/LABORATORIO/PRACTICA_5/servomotor.vhd Line: 8
Warning (13012): Latch movimiento:u3|valor[3] has unsafe behavior File: C:/Users/miria/DISEÑO DIGITAL/LABORATORIO/PRACTICA_5/movimiento.vhd Line: 19
    Warning (13013): Ports D and ENA on the latch are fed by the same signal sel[4] File: C:/Users/miria/DISEÑO DIGITAL/LABORATORIO/PRACTICA_5/servomotor.vhd Line: 8
Warning (13012): Latch movimiento:u3|valor[2] has unsafe behavior File: C:/Users/miria/DISEÑO DIGITAL/LABORATORIO/PRACTICA_5/movimiento.vhd Line: 19
    Warning (13013): Ports D and ENA on the latch are fed by the same signal sel[1] File: C:/Users/miria/DISEÑO DIGITAL/LABORATORIO/PRACTICA_5/servomotor.vhd Line: 8
Warning (13012): Latch movimiento:u3|valor[1] has unsafe behavior File: C:/Users/miria/DISEÑO DIGITAL/LABORATORIO/PRACTICA_5/movimiento.vhd Line: 19
    Warning (13013): Ports D and ENA on the latch are fed by the same signal sel[1] File: C:/Users/miria/DISEÑO DIGITAL/LABORATORIO/PRACTICA_5/servomotor.vhd Line: 8
Warning (13012): Latch movimiento:u3|valor[0] has unsafe behavior File: C:/Users/miria/DISEÑO DIGITAL/LABORATORIO/PRACTICA_5/movimiento.vhd Line: 19
    Warning (13013): Ports D and ENA on the latch are fed by the same signal sel[4] File: C:/Users/miria/DISEÑO DIGITAL/LABORATORIO/PRACTICA_5/servomotor.vhd Line: 8
Warning (13012): Latch movimiento:u3|valor[31] has unsafe behavior File: C:/Users/miria/DISEÑO DIGITAL/LABORATORIO/PRACTICA_5/movimiento.vhd Line: 19
    Warning (13013): Ports D and ENA on the latch are fed by the same signal sel[0] File: C:/Users/miria/DISEÑO DIGITAL/LABORATORIO/PRACTICA_5/servomotor.vhd Line: 8
Info (286030): Timing-Driven Synthesis is running
Info (16010): Generating hard_block partition "hard_block:auto_generated_inst"
    Info (16011): Adding 0 node(s), including 0 DDIO, 0 PLL, 0 transceiver and 0 LCELL
Info (21057): Implemented 344 device resources after synthesis - the final resource count might be different
    Info (21058): Implemented 6 input pins
    Info (21059): Implemented 1 output pins
    Info (21061): Implemented 337 logic cells
Info: Quartus Prime Analysis & Synthesis was successful. 0 errors, 71 warnings
    Info: Peak virtual memory: 4790 megabytes
    Info: Processing ended: Mon Nov 14 19:57:04 2022
    Info: Elapsed time: 00:00:17
    Info: Total CPU time (on all processors): 00:00:37


