Analysis & Synthesis report for yo
Sun Nov 20 22:51:00 2022
Quartus Prime Version 18.1.1 Build 646 04/11/2019 SJ Lite Edition


---------------------
; Table of Contents ;
---------------------
  1. Legal Notice
  2. Analysis & Synthesis Summary
  3. Analysis & Synthesis Settings
  4. Parallel Compilation
  5. Analysis & Synthesis Source Files Read
  6. Analysis & Synthesis Resource Usage Summary
  7. Analysis & Synthesis Resource Utilization by Entity
  8. User-Specified and Inferred Latches
  9. General Register Statistics
 10. Multiplexer Restructuring Statistics (Restructuring Performed)
 11. Parameter Settings for User Entity Instance: divfm:u4
 12. Parameter Settings for User Entity Instance: divfm:u5
 13. Port Connectivity Checks: "UL:u2"
 14. Port Connectivity Checks: "unionSuma:u1"
 15. Post-Synthesis Netlist Statistics for Top Partition
 16. Elapsed Time Per Partition
 17. Analysis & Synthesis Messages



----------------
; Legal Notice ;
----------------
Copyright (C) 2019  Intel Corporation. All rights reserved.
Your use of Intel Corporation's design tools, logic functions 
and other software and tools, and any partner logic 
functions, and any output files from any of the foregoing 
(including device programming or simulation files), and any 
associated documentation or information are expressly subject 
to the terms and conditions of the Intel Program License 
Subscription Agreement, the Intel Quartus Prime License Agreement,
the Intel FPGA IP License Agreement, or other applicable license
agreement, including, without limitation, that your use is for
the sole purpose of programming logic devices manufactured by
Intel and sold by Intel or its authorized distributors.  Please
refer to the applicable agreement for further details, at
https://fpgasoftware.intel.com/eula.



+----------------------------------------------------------------------------------+
; Analysis & Synthesis Summary                                                     ;
+------------------------------------+---------------------------------------------+
; Analysis & Synthesis Status        ; Successful - Sun Nov 20 22:51:00 2022       ;
; Quartus Prime Version              ; 18.1.1 Build 646 04/11/2019 SJ Lite Edition ;
; Revision Name                      ; yo                                          ;
; Top-level Entity Name              ; yo                                          ;
; Family                             ; MAX 10                                      ;
; Total logic elements               ; 93                                          ;
;     Total combinational functions  ; 93                                          ;
;     Dedicated logic registers      ; 43                                          ;
; Total registers                    ; 43                                          ;
; Total pins                         ; 20                                          ;
; Total virtual pins                 ; 0                                           ;
; Total memory bits                  ; 0                                           ;
; Embedded Multiplier 9-bit elements ; 0                                           ;
; Total PLLs                         ; 0                                           ;
; UFM blocks                         ; 0                                           ;
; ADC blocks                         ; 0                                           ;
+------------------------------------+---------------------------------------------+


+------------------------------------------------------------------------------------------------------------+
; Analysis & Synthesis Settings                                                                              ;
+------------------------------------------------------------------+--------------------+--------------------+
; Option                                                           ; Setting            ; Default Value      ;
+------------------------------------------------------------------+--------------------+--------------------+
; Device                                                           ; 10M50DAF484C7G     ;                    ;
; Top-level entity name                                            ; yo                 ; yo                 ;
; Family name                                                      ; MAX 10             ; Cyclone V          ;
; Use smart compilation                                            ; Off                ; Off                ;
; Enable parallel Assembler and Timing Analyzer during compilation ; On                 ; On                 ;
; Enable compact report table                                      ; Off                ; Off                ;
; Restructure Multiplexers                                         ; Auto               ; Auto               ;
; Create Debugging Nodes for IP Cores                              ; Off                ; Off                ;
; Preserve fewer node names                                        ; On                 ; On                 ;
; Intel FPGA IP Evaluation Mode                                    ; Enable             ; Enable             ;
; Verilog Version                                                  ; Verilog_2001       ; Verilog_2001       ;
; VHDL Version                                                     ; VHDL_1993          ; VHDL_1993          ;
; State Machine Processing                                         ; Auto               ; Auto               ;
; Safe State Machine                                               ; Off                ; Off                ;
; Extract Verilog State Machines                                   ; On                 ; On                 ;
; Extract VHDL State Machines                                      ; On                 ; On                 ;
; Ignore Verilog initial constructs                                ; Off                ; Off                ;
; Iteration limit for constant Verilog loops                       ; 5000               ; 5000               ;
; Iteration limit for non-constant Verilog loops                   ; 250                ; 250                ;
; Add Pass-Through Logic to Inferred RAMs                          ; On                 ; On                 ;
; Infer RAMs from Raw Logic                                        ; On                 ; On                 ;
; Parallel Synthesis                                               ; On                 ; On                 ;
; DSP Block Balancing                                              ; Auto               ; Auto               ;
; NOT Gate Push-Back                                               ; On                 ; On                 ;
; Power-Up Don't Care                                              ; On                 ; On                 ;
; Remove Redundant Logic Cells                                     ; Off                ; Off                ;
; Remove Duplicate Registers                                       ; On                 ; On                 ;
; Ignore CARRY Buffers                                             ; Off                ; Off                ;
; Ignore CASCADE Buffers                                           ; Off                ; Off                ;
; Ignore GLOBAL Buffers                                            ; Off                ; Off                ;
; Ignore ROW GLOBAL Buffers                                        ; Off                ; Off                ;
; Ignore LCELL Buffers                                             ; Off                ; Off                ;
; Ignore SOFT Buffers                                              ; On                 ; On                 ;
; Limit AHDL Integers to 32 Bits                                   ; Off                ; Off                ;
; Optimization Technique                                           ; Balanced           ; Balanced           ;
; Carry Chain Length                                               ; 70                 ; 70                 ;
; Auto Carry Chains                                                ; On                 ; On                 ;
; Auto Open-Drain Pins                                             ; On                 ; On                 ;
; Perform WYSIWYG Primitive Resynthesis                            ; Off                ; Off                ;
; Auto ROM Replacement                                             ; On                 ; On                 ;
; Auto RAM Replacement                                             ; On                 ; On                 ;
; Auto DSP Block Replacement                                       ; On                 ; On                 ;
; Auto Shift Register Replacement                                  ; Auto               ; Auto               ;
; Allow Shift Register Merging across Hierarchies                  ; Auto               ; Auto               ;
; Auto Clock Enable Replacement                                    ; On                 ; On                 ;
; Strict RAM Replacement                                           ; Off                ; Off                ;
; Allow Synchronous Control Signals                                ; On                 ; On                 ;
; Force Use of Synchronous Clear Signals                           ; Off                ; Off                ;
; Auto RAM Block Balancing                                         ; On                 ; On                 ;
; Auto RAM to Logic Cell Conversion                                ; Off                ; Off                ;
; Auto Resource Sharing                                            ; Off                ; Off                ;
; Allow Any RAM Size For Recognition                               ; Off                ; Off                ;
; Allow Any ROM Size For Recognition                               ; Off                ; Off                ;
; Allow Any Shift Register Size For Recognition                    ; Off                ; Off                ;
; Use LogicLock Constraints during Resource Balancing              ; On                 ; On                 ;
; Ignore translate_off and synthesis_off directives                ; Off                ; Off                ;
; Timing-Driven Synthesis                                          ; On                 ; On                 ;
; Report Parameter Settings                                        ; On                 ; On                 ;
; Report Source Assignments                                        ; On                 ; On                 ;
; Report Connectivity Checks                                       ; On                 ; On                 ;
; Ignore Maximum Fan-Out Assignments                               ; Off                ; Off                ;
; Synchronization Register Chain Length                            ; 2                  ; 2                  ;
; Power Optimization During Synthesis                              ; Normal compilation ; Normal compilation ;
; HDL message level                                                ; Level2             ; Level2             ;
; Suppress Register Optimization Related Messages                  ; Off                ; Off                ;
; Number of Removed Registers Reported in Synthesis Report         ; 5000               ; 5000               ;
; Number of Swept Nodes Reported in Synthesis Report               ; 5000               ; 5000               ;
; Number of Inverted Registers Reported in Synthesis Report        ; 100                ; 100                ;
; Clock MUX Protection                                             ; On                 ; On                 ;
; Auto Gated Clock Conversion                                      ; Off                ; Off                ;
; Block Design Naming                                              ; Auto               ; Auto               ;
; SDC constraint protection                                        ; Off                ; Off                ;
; Synthesis Effort                                                 ; Auto               ; Auto               ;
; Shift Register Replacement - Allow Asynchronous Clear Signal     ; On                 ; On                 ;
; Pre-Mapping Resynthesis Optimization                             ; Off                ; Off                ;
; Analysis & Synthesis Message Level                               ; Medium             ; Medium             ;
; Disable Register Merging Across Hierarchies                      ; Auto               ; Auto               ;
; Resource Aware Inference For Block RAM                           ; On                 ; On                 ;
+------------------------------------------------------------------+--------------------+--------------------+


+------------------------------------------+
; Parallel Compilation                     ;
+----------------------------+-------------+
; Processors                 ; Number      ;
+----------------------------+-------------+
; Number detected on machine ; 8           ;
; Maximum allowed            ; 4           ;
;                            ;             ;
; Average used               ; 1.00        ;
; Maximum used               ; 4           ;
;                            ;             ;
; Usage by Processor         ; % Time Used ;
;     Processor 1            ; 100.0%      ;
;     Processor 2            ;   0.0%      ;
;     Processors 3-4         ;   0.0%      ;
+----------------------------+-------------+


+-------------------------------------------------------------------------------------------------------------------------------+
; Analysis & Synthesis Source Files Read                                                                                        ;
+----------------------------------+-----------------+-----------------+----------------------------------------------+---------+
; File Name with User-Entered Path ; Used in Netlist ; File Type       ; File Name with Absolute Path                 ; Library ;
+----------------------------------+-----------------+-----------------+----------------------------------------------+---------+
; yo.vhd                           ; yes             ; User VHDL File  ; C:/Users/miria/VLSI/PROYECTO1/yo.vhd         ;         ;
; unionsuma.vhd                    ; yes             ; User VHDL File  ; C:/Users/miria/VLSI/PROYECTO1/unionsuma.vhd  ;         ;
; UL.vhd                           ; yes             ; User VHDL File  ; C:/Users/miria/VLSI/PROYECTO1/UL.vhd         ;         ;
; suma.vhd                         ; yes             ; User VHDL File  ; C:/Users/miria/VLSI/PROYECTO1/suma.vhd       ;         ;
; mulsuma.vhd                      ; yes             ; User VHDL File  ; C:/Users/miria/VLSI/PROYECTO1/mulsuma.vhd    ;         ;
; mul2x1.vhd                       ; yes             ; User VHDL File  ; C:/Users/miria/VLSI/PROYECTO1/mul2x1.vhd     ;         ;
; movimiento.vhd                   ; yes             ; User VHDL File  ; C:/Users/miria/VLSI/PROYECTO1/movimiento.vhd ;         ;
; estados.vhd                      ; yes             ; User VHDL File  ; C:/Users/miria/VLSI/PROYECTO1/estados.vhd    ;         ;
; entrada.vhd                      ; yes             ; User VHDL File  ; C:/Users/miria/VLSI/PROYECTO1/entrada.vhd    ;         ;
; divfm.vhd                        ; yes             ; User VHDL File  ; C:/Users/miria/VLSI/PROYECTO1/divfm.vhd      ;         ;
+----------------------------------+-----------------+-----------------+----------------------------------------------+---------+


+---------------------------------------------------------+
; Analysis & Synthesis Resource Usage Summary             ;
+---------------------------------------------+-----------+
; Resource                                    ; Usage     ;
+---------------------------------------------+-----------+
; Estimated Total logic elements              ; 93        ;
;                                             ;           ;
; Total combinational functions               ; 93        ;
; Logic element usage by number of LUT inputs ;           ;
;     -- 4 input functions                    ; 16        ;
;     -- 3 input functions                    ; 35        ;
;     -- <=2 input functions                  ; 42        ;
;                                             ;           ;
; Logic elements by mode                      ;           ;
;     -- normal mode                          ; 56        ;
;     -- arithmetic mode                      ; 37        ;
;                                             ;           ;
; Total registers                             ; 43        ;
;     -- Dedicated logic registers            ; 43        ;
;     -- I/O registers                        ; 0         ;
;                                             ;           ;
; I/O pins                                    ; 20        ;
;                                             ;           ;
; Embedded Multiplier 9-bit elements          ; 0         ;
;                                             ;           ;
; Maximum fan-out node                        ; clk~input ;
; Maximum fan-out                             ; 41        ;
; Total fan-out                               ; 368       ;
; Average fan-out                             ; 2.09      ;
+---------------------------------------------+-----------+


+----------------------------------------------------------------------------------------------------------------------------------------------------------------------------------------------------------------------------------------------+
; Analysis & Synthesis Resource Utilization by Entity                                                                                                                                                                                          ;
+----------------------------+---------------------+---------------------------+-------------+------------+--------------+---------+-----------+------+--------------+------------+-------------------------------+-------------+--------------+
; Compilation Hierarchy Node ; Combinational ALUTs ; Dedicated Logic Registers ; Memory Bits ; UFM Blocks ; DSP Elements ; DSP 9x9 ; DSP 18x18 ; Pins ; Virtual Pins ; ADC blocks ; Full Hierarchy Name           ; Entity Name ; Library Name ;
+----------------------------+---------------------+---------------------------+-------------+------------+--------------+---------+-----------+------+--------------+------------+-------------------------------+-------------+--------------+
; |yo                        ; 93 (8)              ; 43 (0)                    ; 0           ; 0          ; 0            ; 0       ; 0         ; 20   ; 0            ; 0          ; |yo                           ; yo          ; work         ;
;    |UL:u2|                 ; 1 (1)               ; 0 (0)                     ; 0           ; 0          ; 0            ; 0       ; 0         ; 0    ; 0            ; 0          ; |yo|UL:u2                     ; UL          ; work         ;
;    |divfm:u4|              ; 33 (33)             ; 20 (20)                   ; 0           ; 0          ; 0            ; 0       ; 0         ; 0    ; 0            ; 0          ; |yo|divfm:u4                  ; divfm       ; work         ;
;    |divfm:u5|              ; 35 (35)             ; 21 (21)                   ; 0           ; 0          ; 0            ; 0       ; 0         ; 0    ; 0            ; 0          ; |yo|divfm:u5                  ; divfm       ; work         ;
;    |entrada:u6|            ; 6 (6)               ; 0 (0)                     ; 0           ; 0          ; 0            ; 0       ; 0         ; 0    ; 0            ; 0          ; |yo|entrada:u6                ; entrada     ; work         ;
;    |estados:u7|            ; 2 (2)               ; 2 (2)                     ; 0           ; 0          ; 0            ; 0       ; 0         ; 0    ; 0            ; 0          ; |yo|estados:u7                ; estados     ; work         ;
;    |movimiento:u8|         ; 1 (1)               ; 0 (0)                     ; 0           ; 0          ; 0            ; 0       ; 0         ; 0    ; 0            ; 0          ; |yo|movimiento:u8             ; movimiento  ; work         ;
;    |mul2x1:u3|             ; 5 (5)               ; 0 (0)                     ; 0           ; 0          ; 0            ; 0       ; 0         ; 0    ; 0            ; 0          ; |yo|mul2x1:u3                 ; mul2x1      ; work         ;
;    |unionSuma:u1|          ; 2 (0)               ; 0 (0)                     ; 0           ; 0          ; 0            ; 0       ; 0         ; 0    ; 0            ; 0          ; |yo|unionSuma:u1              ; unionSuma   ; work         ;
;       |mul2x1sum:u1|       ; 2 (2)               ; 0 (0)                     ; 0           ; 0          ; 0            ; 0       ; 0         ; 0    ; 0            ; 0          ; |yo|unionSuma:u1|mul2x1sum:u1 ; mul2x1sum   ; work         ;
+----------------------------+---------------------+---------------------------+-------------+------------+--------------+---------+-----------+------+--------------+------------+-------------------------------+-------------+--------------+
Note: For table entries with two numbers listed, the numbers in parentheses indicate the number of resources of the given type used by the specific entity alone. The numbers listed outside of parentheses indicate the total resources of the given type used by the specific entity and all of its sub-entities in the hierarchy.


+----------------------------------------------------------------------------------------------------+
; User-Specified and Inferred Latches                                                                ;
+-----------------------------------------------------+---------------------+------------------------+
; Latch Name                                          ; Latch Enable Signal ; Free of Timing Hazards ;
+-----------------------------------------------------+---------------------+------------------------+
; stat[0]                                             ; sel[2]              ; yes                    ;
; stat[1]                                             ; sel[2]              ; yes                    ;
; stat[2]                                             ; sel[2]              ; yes                    ;
; stat[3]                                             ; sel[2]              ; yes                    ;
; velocidad[31]                                       ; sel[2]              ; yes                    ;
; velocidad[3]                                        ; sel[2]              ; yes                    ;
; velocidad[4]                                        ; sel[2]              ; yes                    ;
; velocidad[5]                                        ; sel[2]              ; yes                    ;
; velocidad[6]                                        ; sel[2]              ; yes                    ;
; velocidad[7]                                        ; sel[2]              ; yes                    ;
; velocidad[8]                                        ; sel[2]              ; yes                    ;
; velocidad[9]                                        ; sel[2]              ; yes                    ;
; velocidad[10]                                       ; sel[2]              ; yes                    ;
; velocidad[11]                                       ; sel[2]              ; yes                    ;
; velocidad[12]                                       ; sel[2]              ; yes                    ;
; velocidad[13]                                       ; sel[2]              ; yes                    ;
; velocidad[14]                                       ; sel[2]              ; yes                    ;
; velocidad[15]                                       ; sel[2]              ; yes                    ;
; velocidad[16]                                       ; sel[2]              ; yes                    ;
; velocidad[17]                                       ; sel[2]              ; yes                    ;
; velocidad[18]                                       ; sel[2]              ; yes                    ;
; velocidad[19]                                       ; sel[2]              ; yes                    ;
; velocidad[20]                                       ; sel[2]              ; yes                    ;
; velocidad[21]                                       ; sel[2]              ; yes                    ;
; velocidad[22]                                       ; sel[2]              ; yes                    ;
; velocidad[23]                                       ; sel[2]              ; yes                    ;
; velocidad[24]                                       ; sel[2]              ; yes                    ;
; velocidad[25]                                       ; sel[2]              ; yes                    ;
; velocidad[26]                                       ; sel[2]              ; yes                    ;
; velocidad[27]                                       ; sel[2]              ; yes                    ;
; velocidad[28]                                       ; sel[2]              ; yes                    ;
; velocidad[29]                                       ; sel[2]              ; yes                    ;
; velocidad[30]                                       ; sel[2]              ; yes                    ;
; velocidad[1]                                        ; sel[2]              ; yes                    ;
; velocidad[2]                                        ; sel[2]              ; yes                    ;
; Number of user-specified and inferred latches = 35  ;                     ;                        ;
+-----------------------------------------------------+---------------------+------------------------+
Note: All latches listed above may not be present at the end of synthesis due to various synthesis optimizations.


+------------------------------------------------------+
; General Register Statistics                          ;
+----------------------------------------------+-------+
; Statistic                                    ; Value ;
+----------------------------------------------+-------+
; Total registers                              ; 43    ;
; Number of registers using Synchronous Clear  ; 0     ;
; Number of registers using Synchronous Load   ; 0     ;
; Number of registers using Asynchronous Clear ; 0     ;
; Number of registers using Asynchronous Load  ; 0     ;
; Number of registers using Clock Enable       ; 2     ;
; Number of registers using Preset             ; 0     ;
+----------------------------------------------+-------+


+--------------------------------------------------------------------------------------------------------------------------------------------------+
; Multiplexer Restructuring Statistics (Restructuring Performed)                                                                                   ;
+--------------------+-----------+---------------+----------------------+------------------------+------------+------------------------------------+
; Multiplexer Inputs ; Bus Width ; Baseline Area ; Area if Restructured ; Saving if Restructured ; Registered ; Example Multiplexer Output         ;
+--------------------+-----------+---------------+----------------------+------------------------+------------+------------------------------------+
; 3:1                ; 3 bits    ; 6 LEs         ; 6 LEs                ; 0 LEs                  ; No         ; |yo|unionSuma:u1|mul2x1sum:u1|Mux0 ;
; 4:1                ; 2 bits    ; 4 LEs         ; 4 LEs                ; 0 LEs                  ; No         ; |yo|mul2x1:u3|salmux[1]            ;
+--------------------+-----------+---------------+----------------------+------------------------+------------+------------------------------------+


+-------------------------------------------------------+
; Parameter Settings for User Entity Instance: divfm:u4 ;
+----------------+--------+-----------------------------+
; Parameter Name ; Value  ; Type                        ;
+----------------+--------+-----------------------------+
; num            ; 280000 ; Signed Integer              ;
+----------------+--------+-----------------------------+
Note: In order to hide this table in the UI and the text report file, please set the "Show Parameter Settings in Synthesis Report" option in "Analysis and Synthesis Settings -> More Settings" to "Off".


+-------------------------------------------------------+
; Parameter Settings for User Entity Instance: divfm:u5 ;
+----------------+--------+-----------------------------+
; Parameter Name ; Value  ; Type                        ;
+----------------+--------+-----------------------------+
; num            ; 550000 ; Signed Integer              ;
+----------------+--------+-----------------------------+
Note: In order to hide this table in the UI and the text report file, please set the "Show Parameter Settings in Synthesis Report" option in "Analysis and Synthesis Settings -> More Settings" to "Off".


+-------------------------------------------+
; Port Connectivity Checks: "UL:u2"         ;
+---------+-------+----------+--------------+
; Port    ; Type  ; Severity ; Details      ;
+---------+-------+----------+--------------+
; a[1..0] ; Input ; Info     ; Stuck at GND ;
; a[2]    ; Input ; Info     ; Stuck at VCC ;
+---------+-------+----------+--------------+


+-------------------------------------------+
; Port Connectivity Checks: "unionSuma:u1"  ;
+---------+-------+----------+--------------+
; Port    ; Type  ; Severity ; Details      ;
+---------+-------+----------+--------------+
; a[1..0] ; Input ; Info     ; Stuck at GND ;
; a[2]    ; Input ; Info     ; Stuck at VCC ;
+---------+-------+----------+--------------+


+-----------------------------------------------------+
; Post-Synthesis Netlist Statistics for Top Partition ;
+-----------------------+-----------------------------+
; Type                  ; Count                       ;
+-----------------------+-----------------------------+
; boundary_port         ; 20                          ;
; cycloneiii_ff         ; 43                          ;
;     ENA               ; 2                           ;
;     plain             ; 41                          ;
; cycloneiii_lcell_comb ; 96                          ;
;     arith             ; 37                          ;
;         2 data inputs ; 37                          ;
;     normal            ; 59                          ;
;         0 data inputs ; 1                           ;
;         1 data inputs ; 5                           ;
;         2 data inputs ; 2                           ;
;         3 data inputs ; 35                          ;
;         4 data inputs ; 16                          ;
;                       ;                             ;
; Max LUT depth         ; 4.00                        ;
; Average LUT depth     ; 2.80                        ;
+-----------------------+-----------------------------+


+-------------------------------+
; Elapsed Time Per Partition    ;
+----------------+--------------+
; Partition Name ; Elapsed Time ;
+----------------+--------------+
; Top            ; 00:00:00     ;
+----------------+--------------+


+-------------------------------+
; Analysis & Synthesis Messages ;
+-------------------------------+
Info: *******************************************************************
Info: Running Quartus Prime Analysis & Synthesis
    Info: Version 18.1.1 Build 646 04/11/2019 SJ Lite Edition
    Info: Processing started: Sun Nov 20 22:50:48 2022
Info: Command: quartus_map --read_settings_files=on --write_settings_files=off yo -c yo
Warning (18236): Number of processors has not been specified which may cause overloading on shared machines.  Set the global assignment NUM_PARALLEL_PROCESSORS in your QSF to an appropriate value for best performance.
Info (20030): Parallel compilation is enabled and will use 4 of the 4 processors detected
Info (12021): Found 2 design units, including 1 entities, in source file yo.vhd
    Info (12022): Found design unit 1: yo-arq File: C:/Users/miria/VLSI/PROYECTO1/yo.vhd Line: 24
    Info (12023): Found entity 1: yo File: C:/Users/miria/VLSI/PROYECTO1/yo.vhd Line: 11
Info (12021): Found 2 design units, including 1 entities, in source file unionsuma.vhd
    Info (12022): Found design unit 1: unionsuma-arq File: C:/Users/miria/VLSI/PROYECTO1/unionsuma.vhd Line: 21
    Info (12023): Found entity 1: unionSuma File: C:/Users/miria/VLSI/PROYECTO1/unionsuma.vhd Line: 11
Info (12021): Found 2 design units, including 1 entities, in source file ul.vhd
    Info (12022): Found design unit 1: UL-arq File: C:/Users/miria/VLSI/PROYECTO1/UL.vhd Line: 19
    Info (12023): Found entity 1: UL File: C:/Users/miria/VLSI/PROYECTO1/UL.vhd Line: 11
Info (12021): Found 2 design units, including 1 entities, in source file suma.vhd
    Info (12022): Found design unit 1: suma-arq File: C:/Users/miria/VLSI/PROYECTO1/suma.vhd Line: 20
    Info (12023): Found entity 1: suma File: C:/Users/miria/VLSI/PROYECTO1/suma.vhd Line: 11
Info (12021): Found 2 design units, including 1 entities, in source file mulsuma.vhd
    Info (12022): Found design unit 1: mul2x1sum-arq File: C:/Users/miria/VLSI/PROYECTO1/mulsuma.vhd Line: 20
    Info (12023): Found entity 1: mul2x1sum File: C:/Users/miria/VLSI/PROYECTO1/mulsuma.vhd Line: 11
Info (12021): Found 2 design units, including 1 entities, in source file mul2x1.vhd
    Info (12022): Found design unit 1: mul2x1-arq File: C:/Users/miria/VLSI/PROYECTO1/mul2x1.vhd Line: 19
    Info (12023): Found entity 1: mul2x1 File: C:/Users/miria/VLSI/PROYECTO1/mul2x1.vhd Line: 11
Info (12021): Found 2 design units, including 1 entities, in source file movimiento.vhd
    Info (12022): Found design unit 1: movimiento-arqmov File: C:/Users/miria/VLSI/PROYECTO1/movimiento.vhd Line: 14
    Info (12023): Found entity 1: movimiento File: C:/Users/miria/VLSI/PROYECTO1/movimiento.vhd Line: 9
Info (12021): Found 2 design units, including 1 entities, in source file estados.vhd
    Info (12022): Found design unit 1: estados-arqest File: C:/Users/miria/VLSI/PROYECTO1/estados.vhd Line: 15
    Info (12023): Found entity 1: estados File: C:/Users/miria/VLSI/PROYECTO1/estados.vhd Line: 9
Info (12021): Found 2 design units, including 1 entities, in source file entrada.vhd
    Info (12022): Found design unit 1: entrada-arqen File: C:/Users/miria/VLSI/PROYECTO1/entrada.vhd Line: 16
    Info (12023): Found entity 1: entrada File: C:/Users/miria/VLSI/PROYECTO1/entrada.vhd Line: 9
Info (12021): Found 2 design units, including 1 entities, in source file divfm.vhd
    Info (12022): Found design unit 1: divfm-arqdivfm File: C:/Users/miria/VLSI/PROYECTO1/divfm.vhd Line: 15
    Info (12023): Found entity 1: divfm File: C:/Users/miria/VLSI/PROYECTO1/divfm.vhd Line: 9
Info (12127): Elaborating entity "yo" for the top level hierarchy
Warning (10541): VHDL Signal Declaration warning at yo.vhd(16): used implicit default value for signal "Co" because signal was never assigned a value or an explicit default value. Use of implicit default value may introduce unintended design optimizations. File: C:/Users/miria/VLSI/PROYECTO1/yo.vhd Line: 16
Warning (10540): VHDL Signal Declaration warning at yo.vhd(27): used explicit default value for signal "A" because signal was never assigned a value File: C:/Users/miria/VLSI/PROYECTO1/yo.vhd Line: 27
Warning (10492): VHDL Process Statement warning at yo.vhd(46): signal "salalu" is read inside the Process Statement but isn't in the Process Statement's sensitivity list File: C:/Users/miria/VLSI/PROYECTO1/yo.vhd Line: 46
Warning (10492): VHDL Process Statement warning at yo.vhd(47): signal "velocidad" is read inside the Process Statement but isn't in the Process Statement's sensitivity list File: C:/Users/miria/VLSI/PROYECTO1/yo.vhd Line: 47
Warning (10492): VHDL Process Statement warning at yo.vhd(54): signal "stat" is read inside the Process Statement but isn't in the Process Statement's sensitivity list File: C:/Users/miria/VLSI/PROYECTO1/yo.vhd Line: 54
Warning (10631): VHDL Process Statement warning at yo.vhd(43): inferring latch(es) for signal or variable "velocidad", which holds its previous value in one or more paths through the process File: C:/Users/miria/VLSI/PROYECTO1/yo.vhd Line: 43
Warning (10631): VHDL Process Statement warning at yo.vhd(43): inferring latch(es) for signal or variable "stat", which holds its previous value in one or more paths through the process File: C:/Users/miria/VLSI/PROYECTO1/yo.vhd Line: 43
Warning (10492): VHDL Process Statement warning at yo.vhd(61): signal "salalu" is read inside the Process Statement but isn't in the Process Statement's sensitivity list File: C:/Users/miria/VLSI/PROYECTO1/yo.vhd Line: 61
Warning (10492): VHDL Process Statement warning at yo.vhd(63): signal "stat" is read inside the Process Statement but isn't in the Process Statement's sensitivity list File: C:/Users/miria/VLSI/PROYECTO1/yo.vhd Line: 63
Warning (10631): VHDL Process Statement warning at yo.vhd(58): inferring latch(es) for signal or variable "stat", which holds its previous value in one or more paths through the process File: C:/Users/miria/VLSI/PROYECTO1/yo.vhd Line: 58
Info (10041): Inferred latch for "stat[0]" at yo.vhd(58) File: C:/Users/miria/VLSI/PROYECTO1/yo.vhd Line: 58
Info (10041): Inferred latch for "stat[1]" at yo.vhd(58) File: C:/Users/miria/VLSI/PROYECTO1/yo.vhd Line: 58
Info (10041): Inferred latch for "stat[2]" at yo.vhd(58) File: C:/Users/miria/VLSI/PROYECTO1/yo.vhd Line: 58
Info (10041): Inferred latch for "stat[3]" at yo.vhd(43) File: C:/Users/miria/VLSI/PROYECTO1/yo.vhd Line: 43
Info (10041): Inferred latch for "velocidad[0]" at yo.vhd(43) File: C:/Users/miria/VLSI/PROYECTO1/yo.vhd Line: 43
Info (10041): Inferred latch for "velocidad[1]" at yo.vhd(43) File: C:/Users/miria/VLSI/PROYECTO1/yo.vhd Line: 43
Info (10041): Inferred latch for "velocidad[2]" at yo.vhd(43) File: C:/Users/miria/VLSI/PROYECTO1/yo.vhd Line: 43
Info (10041): Inferred latch for "velocidad[3]" at yo.vhd(43) File: C:/Users/miria/VLSI/PROYECTO1/yo.vhd Line: 43
Info (10041): Inferred latch for "velocidad[4]" at yo.vhd(43) File: C:/Users/miria/VLSI/PROYECTO1/yo.vhd Line: 43
Info (10041): Inferred latch for "velocidad[5]" at yo.vhd(43) File: C:/Users/miria/VLSI/PROYECTO1/yo.vhd Line: 43
Info (10041): Inferred latch for "velocidad[6]" at yo.vhd(43) File: C:/Users/miria/VLSI/PROYECTO1/yo.vhd Line: 43
Info (10041): Inferred latch for "velocidad[7]" at yo.vhd(43) File: C:/Users/miria/VLSI/PROYECTO1/yo.vhd Line: 43
Info (10041): Inferred latch for "velocidad[8]" at yo.vhd(43) File: C:/Users/miria/VLSI/PROYECTO1/yo.vhd Line: 43
Info (10041): Inferred latch for "velocidad[9]" at yo.vhd(43) File: C:/Users/miria/VLSI/PROYECTO1/yo.vhd Line: 43
Info (10041): Inferred latch for "velocidad[10]" at yo.vhd(43) File: C:/Users/miria/VLSI/PROYECTO1/yo.vhd Line: 43
Info (10041): Inferred latch for "velocidad[11]" at yo.vhd(43) File: C:/Users/miria/VLSI/PROYECTO1/yo.vhd Line: 43
Info (10041): Inferred latch for "velocidad[12]" at yo.vhd(43) File: C:/Users/miria/VLSI/PROYECTO1/yo.vhd Line: 43
Info (10041): Inferred latch for "velocidad[13]" at yo.vhd(43) File: C:/Users/miria/VLSI/PROYECTO1/yo.vhd Line: 43
Info (10041): Inferred latch for "velocidad[14]" at yo.vhd(43) File: C:/Users/miria/VLSI/PROYECTO1/yo.vhd Line: 43
Info (10041): Inferred latch for "velocidad[15]" at yo.vhd(43) File: C:/Users/miria/VLSI/PROYECTO1/yo.vhd Line: 43
Info (10041): Inferred latch for "velocidad[16]" at yo.vhd(43) File: C:/Users/miria/VLSI/PROYECTO1/yo.vhd Line: 43
Info (10041): Inferred latch for "velocidad[17]" at yo.vhd(43) File: C:/Users/miria/VLSI/PROYECTO1/yo.vhd Line: 43
Info (10041): Inferred latch for "velocidad[18]" at yo.vhd(43) File: C:/Users/miria/VLSI/PROYECTO1/yo.vhd Line: 43
Info (10041): Inferred latch for "velocidad[19]" at yo.vhd(43) File: C:/Users/miria/VLSI/PROYECTO1/yo.vhd Line: 43
Info (10041): Inferred latch for "velocidad[20]" at yo.vhd(43) File: C:/Users/miria/VLSI/PROYECTO1/yo.vhd Line: 43
Info (10041): Inferred latch for "velocidad[21]" at yo.vhd(43) File: C:/Users/miria/VLSI/PROYECTO1/yo.vhd Line: 43
Info (10041): Inferred latch for "velocidad[22]" at yo.vhd(43) File: C:/Users/miria/VLSI/PROYECTO1/yo.vhd Line: 43
Info (10041): Inferred latch for "velocidad[23]" at yo.vhd(43) File: C:/Users/miria/VLSI/PROYECTO1/yo.vhd Line: 43
Info (10041): Inferred latch for "velocidad[24]" at yo.vhd(43) File: C:/Users/miria/VLSI/PROYECTO1/yo.vhd Line: 43
Info (10041): Inferred latch for "velocidad[25]" at yo.vhd(43) File: C:/Users/miria/VLSI/PROYECTO1/yo.vhd Line: 43
Info (10041): Inferred latch for "velocidad[26]" at yo.vhd(43) File: C:/Users/miria/VLSI/PROYECTO1/yo.vhd Line: 43
Info (10041): Inferred latch for "velocidad[27]" at yo.vhd(43) File: C:/Users/miria/VLSI/PROYECTO1/yo.vhd Line: 43
Info (10041): Inferred latch for "velocidad[28]" at yo.vhd(43) File: C:/Users/miria/VLSI/PROYECTO1/yo.vhd Line: 43
Info (10041): Inferred latch for "velocidad[29]" at yo.vhd(43) File: C:/Users/miria/VLSI/PROYECTO1/yo.vhd Line: 43
Info (10041): Inferred latch for "velocidad[30]" at yo.vhd(43) File: C:/Users/miria/VLSI/PROYECTO1/yo.vhd Line: 43
Info (10041): Inferred latch for "velocidad[31]" at yo.vhd(43) File: C:/Users/miria/VLSI/PROYECTO1/yo.vhd Line: 43
Info (12129): Elaborating entity "unionSuma" using architecture "A:arq" for hierarchy "unionSuma:u1" File: C:/Users/miria/VLSI/PROYECTO1/yo.vhd Line: 39
Info (12129): Elaborating entity "mul2x1sum" using architecture "A:arq" for hierarchy "unionSuma:u1|mul2x1sum:u1" File: C:/Users/miria/VLSI/PROYECTO1/unionsuma.vhd Line: 24
Info (12129): Elaborating entity "suma" using architecture "A:arq" for hierarchy "unionSuma:u1|suma:u2" File: C:/Users/miria/VLSI/PROYECTO1/unionsuma.vhd Line: 25
Info (12129): Elaborating entity "UL" using architecture "A:arq" for hierarchy "UL:u2" File: C:/Users/miria/VLSI/PROYECTO1/yo.vhd Line: 40
Info (12129): Elaborating entity "mul2x1" using architecture "A:arq" for hierarchy "mul2x1:u3" File: C:/Users/miria/VLSI/PROYECTO1/yo.vhd Line: 41
Info (12129): Elaborating entity "divfm" using architecture "A:arqdivfm" for hierarchy "divfm:u4" File: C:/Users/miria/VLSI/PROYECTO1/yo.vhd Line: 67
Info (12129): Elaborating entity "divfm" using architecture "A:arqdivfm" for hierarchy "divfm:u5" File: C:/Users/miria/VLSI/PROYECTO1/yo.vhd Line: 68
Info (12129): Elaborating entity "entrada" using architecture "A:arqen" for hierarchy "entrada:u6" File: C:/Users/miria/VLSI/PROYECTO1/yo.vhd Line: 69
Info (12129): Elaborating entity "estados" using architecture "A:arqest" for hierarchy "estados:u7" File: C:/Users/miria/VLSI/PROYECTO1/yo.vhd Line: 70
Warning (10492): VHDL Process Statement warning at estados.vhd(38): signal "dir" is read inside the Process Statement but isn't in the Process Statement's sensitivity list File: C:/Users/miria/VLSI/PROYECTO1/estados.vhd Line: 38
Info (12129): Elaborating entity "movimiento" using architecture "A:arqmov" for hierarchy "movimiento:u8" File: C:/Users/miria/VLSI/PROYECTO1/yo.vhd Line: 71
Warning (19016): Clock multiplexers are found and protected
    Warning (19017): Found clock multiplexer entrada:u6|Mux2 File: C:/Users/miria/VLSI/PROYECTO1/entrada.vhd Line: 24
Info (13025): Duplicate LATCH primitives merged into single LATCH primitive
    Info (13026): Duplicate LATCH primitive "velocidad[3]" merged with LATCH primitive "velocidad[31]" File: C:/Users/miria/VLSI/PROYECTO1/yo.vhd Line: 43
    Info (13026): Duplicate LATCH primitive "velocidad[4]" merged with LATCH primitive "velocidad[31]" File: C:/Users/miria/VLSI/PROYECTO1/yo.vhd Line: 43
    Info (13026): Duplicate LATCH primitive "velocidad[5]" merged with LATCH primitive "velocidad[31]" File: C:/Users/miria/VLSI/PROYECTO1/yo.vhd Line: 43
    Info (13026): Duplicate LATCH primitive "velocidad[6]" merged with LATCH primitive "velocidad[31]" File: C:/Users/miria/VLSI/PROYECTO1/yo.vhd Line: 43
    Info (13026): Duplicate LATCH primitive "velocidad[7]" merged with LATCH primitive "velocidad[31]" File: C:/Users/miria/VLSI/PROYECTO1/yo.vhd Line: 43
    Info (13026): Duplicate LATCH primitive "velocidad[8]" merged with LATCH primitive "velocidad[31]" File: C:/Users/miria/VLSI/PROYECTO1/yo.vhd Line: 43
    Info (13026): Duplicate LATCH primitive "velocidad[9]" merged with LATCH primitive "velocidad[31]" File: C:/Users/miria/VLSI/PROYECTO1/yo.vhd Line: 43
    Info (13026): Duplicate LATCH primitive "velocidad[10]" merged with LATCH primitive "velocidad[31]" File: C:/Users/miria/VLSI/PROYECTO1/yo.vhd Line: 43
    Info (13026): Duplicate LATCH primitive "velocidad[11]" merged with LATCH primitive "velocidad[31]" File: C:/Users/miria/VLSI/PROYECTO1/yo.vhd Line: 43
    Info (13026): Duplicate LATCH primitive "velocidad[12]" merged with LATCH primitive "velocidad[31]" File: C:/Users/miria/VLSI/PROYECTO1/yo.vhd Line: 43
    Info (13026): Duplicate LATCH primitive "velocidad[13]" merged with LATCH primitive "velocidad[31]" File: C:/Users/miria/VLSI/PROYECTO1/yo.vhd Line: 43
    Info (13026): Duplicate LATCH primitive "velocidad[14]" merged with LATCH primitive "velocidad[31]" File: C:/Users/miria/VLSI/PROYECTO1/yo.vhd Line: 43
    Info (13026): Duplicate LATCH primitive "velocidad[15]" merged with LATCH primitive "velocidad[31]" File: C:/Users/miria/VLSI/PROYECTO1/yo.vhd Line: 43
    Info (13026): Duplicate LATCH primitive "velocidad[16]" merged with LATCH primitive "velocidad[31]" File: C:/Users/miria/VLSI/PROYECTO1/yo.vhd Line: 43
    Info (13026): Duplicate LATCH primitive "velocidad[17]" merged with LATCH primitive "velocidad[31]" File: C:/Users/miria/VLSI/PROYECTO1/yo.vhd Line: 43
    Info (13026): Duplicate LATCH primitive "velocidad[18]" merged with LATCH primitive "velocidad[31]" File: C:/Users/miria/VLSI/PROYECTO1/yo.vhd Line: 43
    Info (13026): Duplicate LATCH primitive "velocidad[19]" merged with LATCH primitive "velocidad[31]" File: C:/Users/miria/VLSI/PROYECTO1/yo.vhd Line: 43
    Info (13026): Duplicate LATCH primitive "velocidad[20]" merged with LATCH primitive "velocidad[31]" File: C:/Users/miria/VLSI/PROYECTO1/yo.vhd Line: 43
    Info (13026): Duplicate LATCH primitive "velocidad[21]" merged with LATCH primitive "velocidad[31]" File: C:/Users/miria/VLSI/PROYECTO1/yo.vhd Line: 43
    Info (13026): Duplicate LATCH primitive "velocidad[22]" merged with LATCH primitive "velocidad[31]" File: C:/Users/miria/VLSI/PROYECTO1/yo.vhd Line: 43
    Info (13026): Duplicate LATCH primitive "velocidad[23]" merged with LATCH primitive "velocidad[31]" File: C:/Users/miria/VLSI/PROYECTO1/yo.vhd Line: 43
    Info (13026): Duplicate LATCH primitive "velocidad[24]" merged with LATCH primitive "velocidad[31]" File: C:/Users/miria/VLSI/PROYECTO1/yo.vhd Line: 43
    Info (13026): Duplicate LATCH primitive "velocidad[25]" merged with LATCH primitive "velocidad[31]" File: C:/Users/miria/VLSI/PROYECTO1/yo.vhd Line: 43
    Info (13026): Duplicate LATCH primitive "velocidad[26]" merged with LATCH primitive "velocidad[31]" File: C:/Users/miria/VLSI/PROYECTO1/yo.vhd Line: 43
    Info (13026): Duplicate LATCH primitive "velocidad[27]" merged with LATCH primitive "velocidad[31]" File: C:/Users/miria/VLSI/PROYECTO1/yo.vhd Line: 43
    Info (13026): Duplicate LATCH primitive "velocidad[28]" merged with LATCH primitive "velocidad[31]" File: C:/Users/miria/VLSI/PROYECTO1/yo.vhd Line: 43
    Info (13026): Duplicate LATCH primitive "velocidad[29]" merged with LATCH primitive "velocidad[31]" File: C:/Users/miria/VLSI/PROYECTO1/yo.vhd Line: 43
    Info (13026): Duplicate LATCH primitive "velocidad[30]" merged with LATCH primitive "velocidad[31]" File: C:/Users/miria/VLSI/PROYECTO1/yo.vhd Line: 43
Warning (13024): Output pins are stuck at VCC or GND
    Warning (13410): Pin "Co" is stuck at GND File: C:/Users/miria/VLSI/PROYECTO1/yo.vhd Line: 16
Info (286030): Timing-Driven Synthesis is running
Info (16010): Generating hard_block partition "hard_block:auto_generated_inst"
    Info (16011): Adding 0 node(s), including 0 DDIO, 0 PLL, 0 transceiver and 0 LCELL
Info (21057): Implemented 113 device resources after synthesis - the final resource count might be different
    Info (21058): Implemented 8 input pins
    Info (21059): Implemented 12 output pins
    Info (21061): Implemented 93 logic cells
Info: Quartus Prime Analysis & Synthesis was successful. 0 errors, 16 warnings
    Info: Peak virtual memory: 4792 megabytes
    Info: Processing ended: Sun Nov 20 22:51:00 2022
    Info: Elapsed time: 00:00:12
    Info: Total CPU time (on all processors): 00:00:26


